#
# There is insufficient memory for the Java Runtime Environment to continue.
# Native memory allocation (malloc) failed to allocate 918096 bytes for Chunk::new
# Possible reasons:
#   The system is out of physical RAM or swap space
#   The process is running with CompressedOops enabled, and the Java Heap may be blocking the growth of the native heap
# Possible solutions:
#   Reduce memory load on the system
#   Increase physical memory or swap space
#   Check if swap backing store is full
#   Decrease Java heap size (-Xmx/-Xms)
#   Decrease number of Java threads
#   Decrease Java thread stack sizes (-Xss)
#   Set larger code cache with -XX:ReservedCodeCacheSize=
#   JVM is running with Unscaled Compressed Oops mode in which the Java heap is
#     placed in the first 4GB address space. The Java Heap base address is the
#     maximum limit for the native heap growth. Please use -XX:HeapBaseMinAddress
#     to set the Java Heap base and to place the Java Heap above 4GB virtual address.
# This output file may be truncated or incomplete.
#
#  Out of Memory Error (./open/src/hotspot/share/memory/arena.cpp:197), pid=16112, tid=26220
#
# JRE version: Java(TM) SE Runtime Environment 18.9 (11.0.19+9) (build 11.0.19+9-LTS-224)
# Java VM: Java HotSpot(TM) 64-Bit Server VM 18.9 (11.0.19+9-LTS-224, mixed mode, tiered, compressed oops, g1 gc, windows-amd64)
# No core dump will be written. Minidumps are not enabled by default on client versions of Windows
#

---------------  S U M M A R Y ------------

Command Line: --add-opens=java.base/java.util=ALL-UNNAMED --add-opens=java.base/java.lang=ALL-UNNAMED --add-opens=java.base/java.lang.invoke=ALL-UNNAMED --add-opens=java.prefs/java.util.prefs=ALL-UNNAMED -XX:MaxMetaspaceSize=256m -XX:+HeapDumpOnOutOfMemoryError -Xms256m -Xmx512m -Dfile.encoding=windows-1252 -Duser.country=US -Duser.language=en -Duser.variant org.gradle.launcher.daemon.bootstrap.GradleDaemon 5.4.1

Host: AMD Ryzen 5 5500U with Radeon Graphics         , 12 cores, 5G,  Windows 11 , 64 bit Build 22621 (10.0.22621.1928)
Time: Mon Aug 21 20:43:39 2023 India Standard Time elapsed time: 616.919003 seconds (0d 0h 10m 16s)

---------------  T H R E A D  ---------------

Current thread (0x0000017c47bd4800):  JavaThread "C2 CompilerThread0" daemon [_thread_in_native, id=26220, stack(0x0000003123a00000,0x0000003123b00000)]


Current CompileTask:
C2: 616919 5897       4       org.objectweb.asm.ClassReader::readCode (5089 bytes)

Stack: [0x0000003123a00000,0x0000003123b00000]
Native frames: (J=compiled Java code, j=interpreted, Vv=VM code, C=native code)
V  [jvm.dll+0x65fe1a]
V  [jvm.dll+0x7a2bbf]
V  [jvm.dll+0x7a4289]
V  [jvm.dll+0x7a4923]
V  [jvm.dll+0x258a25]
V  [jvm.dll+0xb29cc]
V  [jvm.dll+0xb2f8c]
V  [jvm.dll+0x3670df]
V  [jvm.dll+0x1a22c4]
V  [jvm.dll+0x21187d]
V  [jvm.dll+0x2106f8]
V  [jvm.dll+0x18c841]
V  [jvm.dll+0x220989]
V  [jvm.dll+0x21ecac]
V  [jvm.dll+0x766921]
V  [jvm.dll+0x75f2e4]
V  [jvm.dll+0x65ecc5]
C  [ucrtbase.dll+0x29363]
C  [KERNEL32.DLL+0x126ad]
C  [ntdll.dll+0x5aa68]


---------------  P R O C E S S  ---------------

Threads class SMR info:
_java_thread_list=0x0000017c4c94e9c0, length=57, elements={
0x0000017c2a760800, 0x0000017c4727c800, 0x0000017c4727d800, 0x0000017c47bce800,
0x0000017c47bd1000, 0x0000017c47bd3800, 0x0000017c47bd4800, 0x0000017c47bd6000,
0x0000017c47bd9000, 0x0000017c47d48000, 0x0000017c49182800, 0x0000017c48cef000,
0x0000017c49491000, 0x0000017c49702800, 0x0000017c49703800, 0x0000017c496ff800,
0x0000017c496fd000, 0x0000017c496fd800, 0x0000017c4c4ce800, 0x0000017c4c4d2000,
0x0000017c4c4cf800, 0x0000017c4c4d2800, 0x0000017c4c4d1000, 0x0000017c4c4d3800,
0x0000017c4c4d5000, 0x0000017c4c4d4800, 0x0000017c4c4d6000, 0x0000017c4c4d0800,
0x0000017c4c4db800, 0x0000017c4c4dc800, 0x0000017c4c4d9000, 0x0000017c4c4d7000,
0x0000017c4c4dd800, 0x0000017c4c4d8800, 0x0000017c4c4da000, 0x0000017c4c4db000,
0x0000017c4c2a2800, 0x0000017c4c2a6800, 0x0000017c4c2a4800, 0x0000017c4c2a8800,
0x0000017c4c2a6000, 0x0000017c4c2a5000, 0x0000017c4c2a7800, 0x0000017c4c2a9000,
0x0000017c4c2a3800, 0x0000017c4c2ae000, 0x0000017c4c2af800, 0x0000017c4c2af000,
0x0000017c4c2aa000, 0x0000017c4c2ab800, 0x0000017c4c2ab000, 0x0000017c4c2b1800,
0x0000017c4c2ac800, 0x0000017c4c2ad000, 0x0000017c4c2b0800, 0x0000017c4c725800,
0x0000017c4c724000
}

Java Threads: ( => current thread )
  0x0000017c2a760800 JavaThread "main" [_thread_blocked, id=6548, stack(0x0000003122e00000,0x0000003122f00000)]
  0x0000017c4727c800 JavaThread "Reference Handler" daemon [_thread_blocked, id=26512, stack(0x0000003123500000,0x0000003123600000)]
  0x0000017c4727d800 JavaThread "Finalizer" daemon [_thread_blocked, id=24340, stack(0x0000003123600000,0x0000003123700000)]
  0x0000017c47bce800 JavaThread "Signal Dispatcher" daemon [_thread_blocked, id=20468, stack(0x0000003123700000,0x0000003123800000)]
  0x0000017c47bd1000 JavaThread "Attach Listener" daemon [_thread_blocked, id=19552, stack(0x0000003123800000,0x0000003123900000)]
  0x0000017c47bd3800 JavaThread "Service Thread" daemon [_thread_blocked, id=21280, stack(0x0000003123900000,0x0000003123a00000)]
=>0x0000017c47bd4800 JavaThread "C2 CompilerThread0" daemon [_thread_in_native, id=26220, stack(0x0000003123a00000,0x0000003123b00000)]
  0x0000017c47bd6000 JavaThread "C1 CompilerThread0" daemon [_thread_blocked, id=21852, stack(0x0000003123b00000,0x0000003123c00000)]
  0x0000017c47bd9000 JavaThread "Sweeper thread" daemon [_thread_blocked, id=20656, stack(0x0000003123c00000,0x0000003123d00000)]
  0x0000017c47d48000 JavaThread "Common-Cleaner" daemon [_thread_blocked, id=21604, stack(0x0000003123d00000,0x0000003123e00000)]
  0x0000017c49182800 JavaThread "Daemon health stats" [_thread_blocked, id=24096, stack(0x0000003124400000,0x0000003124500000)]
  0x0000017c48cef000 JavaThread "Incoming local TCP Connector on port 56863" [_thread_in_native, id=25740, stack(0x0000003124500000,0x0000003124600000)]
  0x0000017c49491000 JavaThread "Daemon periodic checks" [_thread_blocked, id=21676, stack(0x0000003124600000,0x0000003124700000)]
  0x0000017c49702800 JavaThread "Cache worker for file hash cache (C:\Users\LENOVO\.gradle\caches\5.4.1\fileHashes)" [_thread_blocked, id=21224, stack(0x0000003124e00000,0x0000003124f00000)]
  0x0000017c49703800 JavaThread "File lock request listener" [_thread_in_native, id=10940, stack(0x0000003124f00000,0x0000003125000000)]
  0x0000017c496ff800 JavaThread "Cache worker for journal cache (C:\Users\LENOVO\.gradle\caches\journal-1)" [_thread_blocked, id=23524, stack(0x0000003125000000,0x0000003125100000)]
  0x0000017c496fd000 JavaThread "Daemon Thread 4" [_thread_blocked, id=22032, stack(0x0000003122c00000,0x0000003122d00000)]
  0x0000017c496fd800 JavaThread "Handler for socket connection from /127.0.0.1:56863 to /127.0.0.1:57342" [_thread_in_native, id=22004, stack(0x0000003122d00000,0x0000003122e00000)]
  0x0000017c4c4ce800 JavaThread "Cancel handler" [_thread_blocked, id=25536, stack(0x0000003124700000,0x0000003124800000)]
  0x0000017c4c4d2000 JavaThread "Daemon worker Thread 4" [_thread_blocked, id=21380, stack(0x0000003124800000,0x0000003124900000)]
  0x0000017c4c4cf800 JavaThread "Asynchronous log dispatcher for DefaultDaemonConnection: socket connection from /127.0.0.1:56863 to /127.0.0.1:57342" [_thread_blocked, id=4452, stack(0x0000003124900000,0x0000003124a00000)]
  0x0000017c4c4d2800 JavaThread "Stdin handler" [_thread_blocked, id=21164, stack(0x0000003124a00000,0x0000003124b00000)]
  0x0000017c4c4d1000 JavaThread "Thread-37" [_thread_blocked, id=19620, stack(0x0000003124b00000,0x0000003124c00000)]
  0x0000017c4c4d3800 JavaThread "Cache worker for file hash cache (C:\Users\LENOVO\OneDrive\Desktop\projectss\selenium_starter\.gradle\5.4.1\fileHashes)" [_thread_blocked, id=16684, stack(0x0000003124c00000,0x0000003124d00000)]
  0x0000017c4c4d5000 JavaThread "Cache worker for cache directory md-supplier (C:\Users\LENOVO\.gradle\caches\5.4.1\md-supplier)" [_thread_blocked, id=12924, stack(0x0000003124d00000,0x0000003124e00000)]
  0x0000017c4c4d4800 JavaThread "Cache worker for cache directory md-rule (C:\Users\LENOVO\.gradle\caches\5.4.1\md-rule)" [_thread_blocked, id=9976, stack(0x0000003125700000,0x0000003125800000)]
  0x0000017c4c4d6000 JavaThread "Cache worker for Build Output Cleanup Cache (C:\Users\LENOVO\OneDrive\Desktop\projectss\selenium_starter\.gradle\buildOutputCleanup)" [_thread_blocked, id=7268, stack(0x0000003125800000,0x0000003125900000)]
  0x0000017c4c4d0800 JavaThread "Cache worker for execution history cache (C:\Users\LENOVO\.gradle\caches\5.4.1\executionHistory)" [_thread_blocked, id=24472, stack(0x0000003125900000,0x0000003125a00000)]
  0x0000017c4c4db800 JavaThread "Memory manager" [_thread_blocked, id=4520, stack(0x0000003125a00000,0x0000003125b00000)]
  0x0000017c4c4dc800 JavaThread "Cache worker for file content cache (C:\Users\LENOVO\.gradle\caches\5.4.1\fileContent)" [_thread_blocked, id=24444, stack(0x0000003125b00000,0x0000003125c00000)]
  0x0000017c4c4d9000 JavaThread "Cache worker for file content cache (C:\Users\LENOVO\OneDrive\Desktop\projectss\selenium_starter\.gradle\5.4.1\fileContent)" [_thread_blocked, id=20168, stack(0x0000003125c00000,0x0000003125d00000)]
  0x0000017c4c4d7000 JavaThread "Execution worker for ':'" [_thread_blocked, id=21600, stack(0x0000003125d00000,0x0000003125e00000)]
  0x0000017c4c4dd800 JavaThread "Execution worker for ':' Thread 2" [_thread_blocked, id=21404, stack(0x0000003125e00000,0x0000003125f00000)]
  0x0000017c4c4d8800 JavaThread "Execution worker for ':' Thread 3" [_thread_blocked, id=24308, stack(0x0000003125f00000,0x0000003126000000)]
  0x0000017c4c4da000 JavaThread "Execution worker for ':' Thread 4" [_thread_blocked, id=24984, stack(0x0000003126000000,0x0000003126100000)]
  0x0000017c4c4db000 JavaThread "Execution worker for ':' Thread 5" [_thread_blocked, id=20864, stack(0x0000003126100000,0x0000003126200000)]
  0x0000017c4c2a2800 JavaThread "Execution worker for ':' Thread 6" [_thread_blocked, id=21968, stack(0x0000003126200000,0x0000003126300000)]
  0x0000017c4c2a6800 JavaThread "Execution worker for ':' Thread 7" [_thread_blocked, id=26164, stack(0x0000003126300000,0x0000003126400000)]
  0x0000017c4c2a4800 JavaThread "Execution worker for ':' Thread 8" [_thread_blocked, id=11876, stack(0x0000003126400000,0x0000003126500000)]
  0x0000017c4c2a8800 JavaThread "Execution worker for ':' Thread 9" [_thread_blocked, id=23132, stack(0x0000003126500000,0x0000003126600000)]
  0x0000017c4c2a6000 JavaThread "Execution worker for ':' Thread 10" [_thread_blocked, id=196, stack(0x0000003126600000,0x0000003126700000)]
  0x0000017c4c2a5000 JavaThread "Execution worker for ':' Thread 11" [_thread_blocked, id=26608, stack(0x0000003126700000,0x0000003126800000)]
  0x0000017c4c2a7800 JavaThread "Cache worker for execution history cache (C:\Users\LENOVO\OneDrive\Desktop\projectss\selenium_starter\.gradle\5.4.1\executionHistory)" [_thread_blocked, id=22700, stack(0x0000003126800000,0x0000003126900000)]
  0x0000017c4c2a9000 JavaThread "Build operations" [_thread_blocked, id=23424, stack(0x0000003126900000,0x0000003126a00000)]
  0x0000017c4c2a3800 JavaThread "Build operations Thread 2" [_thread_blocked, id=4684, stack(0x0000003126a00000,0x0000003126b00000)]
  0x0000017c4c2ae000 JavaThread "Build operations Thread 3" [_thread_blocked, id=25668, stack(0x0000003126b00000,0x0000003126c00000)]
  0x0000017c4c2af800 JavaThread "Build operations Thread 4" [_thread_blocked, id=8688, stack(0x0000003126c00000,0x0000003126d00000)]
  0x0000017c4c2af000 JavaThread "Build operations Thread 5" [_thread_blocked, id=21804, stack(0x0000003126d00000,0x0000003126e00000)]
  0x0000017c4c2aa000 JavaThread "Build operations Thread 6" [_thread_blocked, id=20160, stack(0x0000003126e00000,0x0000003126f00000)]
  0x0000017c4c2ab800 JavaThread "Build operations Thread 7" [_thread_blocked, id=24396, stack(0x0000003126f00000,0x0000003127000000)]
  0x0000017c4c2ab000 JavaThread "Build operations Thread 8" [_thread_blocked, id=11080, stack(0x0000003127000000,0x0000003127100000)]
  0x0000017c4c2b1800 JavaThread "Build operations Thread 9" [_thread_blocked, id=13480, stack(0x0000003127100000,0x0000003127200000)]
  0x0000017c4c2ac800 JavaThread "Build operations Thread 10" [_thread_blocked, id=19964, stack(0x0000003127200000,0x0000003127300000)]
  0x0000017c4c2ad000 JavaThread "Build operations Thread 11" [_thread_blocked, id=20268, stack(0x0000003127300000,0x0000003127400000)]
  0x0000017c4c2b0800 JavaThread "Build operations Thread 12" [_thread_blocked, id=23248, stack(0x0000003127400000,0x0000003127500000)]
  0x0000017c4c725800 JavaThread "Cache worker for Java compile cache (C:\Users\LENOVO\.gradle\caches\5.4.1\javaCompile)" [_thread_blocked, id=10576, stack(0x0000003127500000,0x0000003127600000)]
  0x0000017c4c724000 JavaThread "Cache worker for Java compile cache (C:\Users\LENOVO\OneDrive\Desktop\projectss\selenium_starter\.gradle\5.4.1\javaCompile)" [_thread_in_Java, id=3592, stack(0x0000003127600000,0x0000003127700000)]

Other Threads:
  0x0000017c47249800 VMThread "VM Thread" [stack: 0x0000003123400000,0x0000003123500000] [id=20976]
  0x0000017c47d8a000 WatcherThread [stack: 0x0000003123e00000,0x0000003123f00000] [id=22008]
  0x0000017c2a772000 GCTaskThread "GC Thread#0" [stack: 0x0000003122f00000,0x0000003123000000] [id=21712]
  0x0000017c48abe000 GCTaskThread "GC Thread#1" [stack: 0x0000003123f00000,0x0000003124000000] [id=22500]
  0x0000017c48541800 GCTaskThread "GC Thread#2" [stack: 0x0000003124000000,0x0000003124100000] [id=19564]
  0x0000017c48542000 GCTaskThread "GC Thread#3" [stack: 0x0000003124100000,0x0000003124200000] [id=13412]
  0x0000017c48563800 GCTaskThread "GC Thread#4" [stack: 0x0000003124200000,0x0000003124300000] [id=26068]
  0x0000017c48564000 GCTaskThread "GC Thread#5" [stack: 0x0000003124300000,0x0000003124400000] [id=13820]
  0x0000017c498e7800 GCTaskThread "GC Thread#6" [stack: 0x0000003125100000,0x0000003125200000] [id=20844]
  0x0000017c4ab18000 GCTaskThread "GC Thread#7" [stack: 0x0000003125200000,0x0000003125300000] [id=5332]
  0x0000017c4ab18800 GCTaskThread "GC Thread#8" [stack: 0x0000003125300000,0x0000003125400000] [id=21040]
  0x0000017c4a7b2000 GCTaskThread "GC Thread#9" [stack: 0x0000003125400000,0x0000003125500000] [id=20764]
  0x0000017c2a783800 ConcurrentGCThread "G1 Main Marker" [stack: 0x0000003123000000,0x0000003123100000] [id=23388]
  0x0000017c2a788000 ConcurrentGCThread "G1 Conc#0" [stack: 0x0000003123100000,0x0000003123200000] [id=8648]
  0x0000017c48571800 ConcurrentGCThread "G1 Conc#1" [stack: 0x0000003125500000,0x0000003125600000] [id=22752]
  0x0000017c498e7000 ConcurrentGCThread "G1 Conc#2" [stack: 0x0000003125600000,0x0000003125700000] [id=10660]
  0x0000017c470e3800 ConcurrentGCThread "G1 Refine#0" [stack: 0x0000003123200000,0x0000003123300000] [id=18240]
  0x0000017c470e6800 ConcurrentGCThread "G1 Young RemSet Sampling" [stack: 0x0000003123300000,0x0000003123400000] [id=23744]

Threads with active compile tasks:
C2 CompilerThread0   616962 5897       4       org.objectweb.asm.ClassReader::readCode (5089 bytes)

VM state:not at safepoint (normal execution)

VM Mutex/Monitor currently owned by a thread: None

Heap address: 0x00000000e0000000, size: 512 MB, Compressed Oops mode: 32-bit
Narrow klass base: 0x0000000000000000, Narrow klass shift: 3
Compressed class space size: 260046848 Address: 0x0000000100000000

Heap:
 garbage-first heap   total 262144K, used 168888K [0x00000000e0000000, 0x0000000100000000)
  region size 1024K, 149 young (152576K), 15 survivors (15360K)
 Metaspace       used 50547K, capacity 51294K, committed 51584K, reserved 299008K
  class space    used 6449K, capacity 6680K, committed 6784K, reserved 253952K
Heap Regions: E=young(eden), S=young(survivor), O=old, HS=humongous(starts), HC=humongous(continues), CS=collection set, F=free, A=archive, TAMS=top-at-mark-start (previous, next)
|   0|0x00000000e0000000, 0x00000000e0100000, 0x00000000e0100000|100%| O|  |TAMS 0x00000000e0100000, 0x00000000e0000000| Untracked 
|   1|0x00000000e0100000, 0x00000000e0200000, 0x00000000e0200000|100%| O|  |TAMS 0x00000000e0200000, 0x00000000e0100000| Untracked 
|   2|0x00000000e0200000, 0x00000000e0300000, 0x00000000e0300000|100%|HS|  |TAMS 0x00000000e0300000, 0x00000000e0200000| Complete 
|   3|0x00000000e0300000, 0x00000000e0400000, 0x00000000e0400000|100%|HS|  |TAMS 0x00000000e0400000, 0x00000000e0300000| Complete 
|   4|0x00000000e0400000, 0x00000000e0500000, 0x00000000e0500000|100%|HC|  |TAMS 0x00000000e0500000, 0x00000000e0400000| Complete 
|   5|0x00000000e0500000, 0x00000000e0600000, 0x00000000e0600000|100%| O|  |TAMS 0x00000000e0600000, 0x00000000e0500000| Untracked 
|   6|0x00000000e0600000, 0x00000000e0700000, 0x00000000e0700000|100%| O|  |TAMS 0x00000000e0700000, 0x00000000e0600000| Untracked 
|   7|0x00000000e0700000, 0x00000000e0800000, 0x00000000e0800000|100%| O|  |TAMS 0x00000000e0800000, 0x00000000e0700000| Untracked 
|   8|0x00000000e0800000, 0x00000000e0900000, 0x00000000e0900000|100%| O|  |TAMS 0x00000000e0900000, 0x00000000e0800000| Untracked 
|   9|0x00000000e0900000, 0x00000000e0a00000, 0x00000000e0a00000|100%| O|  |TAMS 0x00000000e0a00000, 0x00000000e0900000| Untracked 
|  10|0x00000000e0a00000, 0x00000000e0b00000, 0x00000000e0b00000|100%| O|  |TAMS 0x00000000e0b00000, 0x00000000e0a00000| Untracked 
|  11|0x00000000e0b00000, 0x00000000e0c00000, 0x00000000e0c00000|100%| O|  |TAMS 0x00000000e0c00000, 0x00000000e0b00000| Untracked 
|  12|0x00000000e0c00000, 0x00000000e0d00000, 0x00000000e0d00000|100%| O|  |TAMS 0x00000000e0d00000, 0x00000000e0c00000| Untracked 
|  13|0x00000000e0d00000, 0x00000000e0e00000, 0x00000000e0e00000|100%| O|  |TAMS 0x00000000e0e00000, 0x00000000e0d00000| Untracked 
|  14|0x00000000e0e00000, 0x00000000e0f00000, 0x00000000e0f00000|100%| O|  |TAMS 0x00000000e0e83c00, 0x00000000e0e00000| Untracked 
|  15|0x00000000e0f00000, 0x00000000e1000000, 0x00000000e1000000|100%| O|  |TAMS 0x00000000e0f00000, 0x00000000e0f00000| Untracked 
|  16|0x00000000e1000000, 0x00000000e1100000, 0x00000000e1100000|100%| O|  |TAMS 0x00000000e1000000, 0x00000000e1000000| Untracked 
|  17|0x00000000e1100000, 0x00000000e11f4200, 0x00000000e1200000| 95%| O|  |TAMS 0x00000000e1100000, 0x00000000e1100000| Untracked 
|  18|0x00000000e1200000, 0x00000000e1200000, 0x00000000e1300000|  0%| F|  |TAMS 0x00000000e1200000, 0x00000000e1200000| Untracked 
|  19|0x00000000e1300000, 0x00000000e1300000, 0x00000000e1400000|  0%| F|  |TAMS 0x00000000e1300000, 0x00000000e1300000| Untracked 
|  20|0x00000000e1400000, 0x00000000e1400000, 0x00000000e1500000|  0%| F|  |TAMS 0x00000000e1400000, 0x00000000e1400000| Untracked 
|  21|0x00000000e1500000, 0x00000000e1500000, 0x00000000e1600000|  0%| F|  |TAMS 0x00000000e1500000, 0x00000000e1500000| Untracked 
|  22|0x00000000e1600000, 0x00000000e1600000, 0x00000000e1700000|  0%| F|  |TAMS 0x00000000e1600000, 0x00000000e1600000| Untracked 
|  23|0x00000000e1700000, 0x00000000e1700000, 0x00000000e1800000|  0%| F|  |TAMS 0x00000000e1700000, 0x00000000e1700000| Untracked 
|  24|0x00000000e1800000, 0x00000000e1800000, 0x00000000e1900000|  0%| F|  |TAMS 0x00000000e1800000, 0x00000000e1800000| Untracked 
|  25|0x00000000e1900000, 0x00000000e1900000, 0x00000000e1a00000|  0%| F|  |TAMS 0x00000000e1900000, 0x00000000e1900000| Untracked 
|  26|0x00000000e1a00000, 0x00000000e1a00000, 0x00000000e1b00000|  0%| F|  |TAMS 0x00000000e1a00000, 0x00000000e1a00000| Untracked 
|  27|0x00000000e1b00000, 0x00000000e1b00000, 0x00000000e1c00000|  0%| F|  |TAMS 0x00000000e1b00000, 0x00000000e1b00000| Untracked 
|  28|0x00000000e1c00000, 0x00000000e1c00000, 0x00000000e1d00000|  0%| F|  |TAMS 0x00000000e1c00000, 0x00000000e1c00000| Untracked 
|  29|0x00000000e1d00000, 0x00000000e1d00000, 0x00000000e1e00000|  0%| F|  |TAMS 0x00000000e1d00000, 0x00000000e1d00000| Untracked 
|  30|0x00000000e1e00000, 0x00000000e1e00000, 0x00000000e1f00000|  0%| F|  |TAMS 0x00000000e1e00000, 0x00000000e1e00000| Untracked 
|  31|0x00000000e1f00000, 0x00000000e1f00000, 0x00000000e2000000|  0%| F|  |TAMS 0x00000000e1f00000, 0x00000000e1f00000| Untracked 
|  32|0x00000000e2000000, 0x00000000e2000000, 0x00000000e2100000|  0%| F|  |TAMS 0x00000000e2000000, 0x00000000e2000000| Untracked 
|  33|0x00000000e2100000, 0x00000000e2100000, 0x00000000e2200000|  0%| F|  |TAMS 0x00000000e2100000, 0x00000000e2100000| Untracked 
|  34|0x00000000e2200000, 0x00000000e2200000, 0x00000000e2300000|  0%| F|  |TAMS 0x00000000e2200000, 0x00000000e2200000| Untracked 
|  35|0x00000000e2300000, 0x00000000e2300000, 0x00000000e2400000|  0%| F|  |TAMS 0x00000000e2300000, 0x00000000e2300000| Untracked 
|  36|0x00000000e2400000, 0x00000000e2400000, 0x00000000e2500000|  0%| F|  |TAMS 0x00000000e2400000, 0x00000000e2400000| Untracked 
|  37|0x00000000e2500000, 0x00000000e2500000, 0x00000000e2600000|  0%| F|  |TAMS 0x00000000e2500000, 0x00000000e2500000| Untracked 
|  38|0x00000000e2600000, 0x00000000e2600000, 0x00000000e2700000|  0%| F|  |TAMS 0x00000000e2600000, 0x00000000e2600000| Untracked 
|  39|0x00000000e2700000, 0x00000000e2700000, 0x00000000e2800000|  0%| F|  |TAMS 0x00000000e2700000, 0x00000000e2700000| Untracked 
|  40|0x00000000e2800000, 0x00000000e2800000, 0x00000000e2900000|  0%| F|  |TAMS 0x00000000e2800000, 0x00000000e2800000| Untracked 
|  41|0x00000000e2900000, 0x00000000e2900000, 0x00000000e2a00000|  0%| F|  |TAMS 0x00000000e2900000, 0x00000000e2900000| Untracked 
|  42|0x00000000e2a00000, 0x00000000e2a00000, 0x00000000e2b00000|  0%| F|  |TAMS 0x00000000e2a00000, 0x00000000e2a00000| Untracked 
|  43|0x00000000e2b00000, 0x00000000e2b00000, 0x00000000e2c00000|  0%| F|  |TAMS 0x00000000e2b00000, 0x00000000e2b00000| Untracked 
|  44|0x00000000e2c00000, 0x00000000e2c00000, 0x00000000e2d00000|  0%| F|  |TAMS 0x00000000e2c00000, 0x00000000e2c00000| Untracked 
|  45|0x00000000e2d00000, 0x00000000e2d00000, 0x00000000e2e00000|  0%| F|  |TAMS 0x00000000e2d00000, 0x00000000e2d00000| Untracked 
|  46|0x00000000e2e00000, 0x00000000e2e00000, 0x00000000e2f00000|  0%| F|  |TAMS 0x00000000e2e00000, 0x00000000e2e00000| Untracked 
|  47|0x00000000e2f00000, 0x00000000e2f00000, 0x00000000e3000000|  0%| F|  |TAMS 0x00000000e2f00000, 0x00000000e2f00000| Untracked 
|  48|0x00000000e3000000, 0x00000000e3000000, 0x00000000e3100000|  0%| F|  |TAMS 0x00000000e3000000, 0x00000000e3000000| Untracked 
|  49|0x00000000e3100000, 0x00000000e3100000, 0x00000000e3200000|  0%| F|  |TAMS 0x00000000e3100000, 0x00000000e3100000| Untracked 
|  50|0x00000000e3200000, 0x00000000e3200000, 0x00000000e3300000|  0%| F|  |TAMS 0x00000000e3200000, 0x00000000e3200000| Untracked 
|  51|0x00000000e3300000, 0x00000000e3300000, 0x00000000e3400000|  0%| F|  |TAMS 0x00000000e3300000, 0x00000000e3300000| Untracked 
|  52|0x00000000e3400000, 0x00000000e3400000, 0x00000000e3500000|  0%| F|  |TAMS 0x00000000e3400000, 0x00000000e3400000| Untracked 
|  53|0x00000000e3500000, 0x00000000e3500000, 0x00000000e3600000|  0%| F|  |TAMS 0x00000000e3500000, 0x00000000e3500000| Untracked 
|  54|0x00000000e3600000, 0x00000000e3600000, 0x00000000e3700000|  0%| F|  |TAMS 0x00000000e3600000, 0x00000000e3600000| Untracked 
|  55|0x00000000e3700000, 0x00000000e3700000, 0x00000000e3800000|  0%| F|  |TAMS 0x00000000e3700000, 0x00000000e3700000| Untracked 
|  56|0x00000000e3800000, 0x00000000e3800000, 0x00000000e3900000|  0%| F|  |TAMS 0x00000000e3800000, 0x00000000e3800000| Untracked 
|  57|0x00000000e3900000, 0x00000000e3900000, 0x00000000e3a00000|  0%| F|  |TAMS 0x00000000e3900000, 0x00000000e3900000| Untracked 
|  58|0x00000000e3a00000, 0x00000000e3a00000, 0x00000000e3b00000|  0%| F|  |TAMS 0x00000000e3a00000, 0x00000000e3a00000| Untracked 
|  59|0x00000000e3b00000, 0x00000000e3b00000, 0x00000000e3c00000|  0%| F|  |TAMS 0x00000000e3b00000, 0x00000000e3b00000| Untracked 
|  60|0x00000000e3c00000, 0x00000000e3c00000, 0x00000000e3d00000|  0%| F|  |TAMS 0x00000000e3c00000, 0x00000000e3c00000| Untracked 
|  61|0x00000000e3d00000, 0x00000000e3d00000, 0x00000000e3e00000|  0%| F|  |TAMS 0x00000000e3d00000, 0x00000000e3d00000| Untracked 
|  62|0x00000000e3e00000, 0x00000000e3e00000, 0x00000000e3f00000|  0%| F|  |TAMS 0x00000000e3e00000, 0x00000000e3e00000| Untracked 
|  63|0x00000000e3f00000, 0x00000000e3f00000, 0x00000000e4000000|  0%| F|  |TAMS 0x00000000e3f00000, 0x00000000e3f00000| Untracked 
|  64|0x00000000e4000000, 0x00000000e4000000, 0x00000000e4100000|  0%| F|  |TAMS 0x00000000e4000000, 0x00000000e4000000| Untracked 
|  65|0x00000000e4100000, 0x00000000e4100000, 0x00000000e4200000|  0%| F|  |TAMS 0x00000000e4100000, 0x00000000e4100000| Untracked 
|  66|0x00000000e4200000, 0x00000000e4200000, 0x00000000e4300000|  0%| F|  |TAMS 0x00000000e4200000, 0x00000000e4200000| Untracked 
|  67|0x00000000e4300000, 0x00000000e4300000, 0x00000000e4400000|  0%| F|  |TAMS 0x00000000e4300000, 0x00000000e4300000| Untracked 
|  68|0x00000000e4400000, 0x00000000e4400000, 0x00000000e4500000|  0%| F|  |TAMS 0x00000000e4400000, 0x00000000e4400000| Untracked 
|  69|0x00000000e4500000, 0x00000000e4500000, 0x00000000e4600000|  0%| F|  |TAMS 0x00000000e4500000, 0x00000000e4500000| Untracked 
|  70|0x00000000e4600000, 0x00000000e4600000, 0x00000000e4700000|  0%| F|  |TAMS 0x00000000e4600000, 0x00000000e4600000| Untracked 
|  71|0x00000000e4700000, 0x00000000e4700000, 0x00000000e4800000|  0%| F|  |TAMS 0x00000000e4700000, 0x00000000e4700000| Untracked 
|  72|0x00000000e4800000, 0x00000000e4800000, 0x00000000e4900000|  0%| F|  |TAMS 0x00000000e4800000, 0x00000000e4800000| Untracked 
|  73|0x00000000e4900000, 0x00000000e4900000, 0x00000000e4a00000|  0%| F|  |TAMS 0x00000000e4900000, 0x00000000e4900000| Untracked 
|  74|0x00000000e4a00000, 0x00000000e4a00000, 0x00000000e4b00000|  0%| F|  |TAMS 0x00000000e4a00000, 0x00000000e4a00000| Untracked 
|  75|0x00000000e4b00000, 0x00000000e4b00000, 0x00000000e4c00000|  0%| F|  |TAMS 0x00000000e4b00000, 0x00000000e4b00000| Untracked 
|  76|0x00000000e4c00000, 0x00000000e4c00000, 0x00000000e4d00000|  0%| F|  |TAMS 0x00000000e4c00000, 0x00000000e4c00000| Untracked 
|  77|0x00000000e4d00000, 0x00000000e4d00000, 0x00000000e4e00000|  0%| F|  |TAMS 0x00000000e4d00000, 0x00000000e4d00000| Untracked 
|  78|0x00000000e4e00000, 0x00000000e4e00000, 0x00000000e4f00000|  0%| F|  |TAMS 0x00000000e4e00000, 0x00000000e4e00000| Untracked 
|  79|0x00000000e4f00000, 0x00000000e4f00000, 0x00000000e5000000|  0%| F|  |TAMS 0x00000000e4f00000, 0x00000000e4f00000| Untracked 
|  80|0x00000000e5000000, 0x00000000e5000000, 0x00000000e5100000|  0%| F|  |TAMS 0x00000000e5000000, 0x00000000e5000000| Untracked 
|  81|0x00000000e5100000, 0x00000000e5100000, 0x00000000e5200000|  0%| F|  |TAMS 0x00000000e5100000, 0x00000000e5100000| Untracked 
|  82|0x00000000e5200000, 0x00000000e5200000, 0x00000000e5300000|  0%| F|  |TAMS 0x00000000e5200000, 0x00000000e5200000| Untracked 
|  83|0x00000000e5300000, 0x00000000e5300000, 0x00000000e5400000|  0%| F|  |TAMS 0x00000000e5300000, 0x00000000e5300000| Untracked 
|  84|0x00000000e5400000, 0x00000000e5400000, 0x00000000e5500000|  0%| F|  |TAMS 0x00000000e5400000, 0x00000000e5400000| Untracked 
|  85|0x00000000e5500000, 0x00000000e5500000, 0x00000000e5600000|  0%| F|  |TAMS 0x00000000e5500000, 0x00000000e5500000| Untracked 
|  86|0x00000000e5600000, 0x00000000e5600000, 0x00000000e5700000|  0%| F|  |TAMS 0x00000000e5600000, 0x00000000e5600000| Untracked 
|  87|0x00000000e5700000, 0x00000000e5700000, 0x00000000e5800000|  0%| F|  |TAMS 0x00000000e5700000, 0x00000000e5700000| Untracked 
|  88|0x00000000e5800000, 0x00000000e58f9f60, 0x00000000e5900000| 97%| S|CS|TAMS 0x00000000e5800000, 0x00000000e5800000| Complete 
|  89|0x00000000e5900000, 0x00000000e5a00000, 0x00000000e5a00000|100%| S|CS|TAMS 0x00000000e5900000, 0x00000000e5900000| Complete 
|  90|0x00000000e5a00000, 0x00000000e5b00000, 0x00000000e5b00000|100%| S|CS|TAMS 0x00000000e5a00000, 0x00000000e5a00000| Complete 
|  91|0x00000000e5b00000, 0x00000000e5c00000, 0x00000000e5c00000|100%| S|CS|TAMS 0x00000000e5b00000, 0x00000000e5b00000| Complete 
|  92|0x00000000e5c00000, 0x00000000e5d00000, 0x00000000e5d00000|100%| S|CS|TAMS 0x00000000e5c00000, 0x00000000e5c00000| Complete 
|  93|0x00000000e5d00000, 0x00000000e5d00000, 0x00000000e5e00000|  0%| F|  |TAMS 0x00000000e5d00000, 0x00000000e5d00000| Untracked 
|  94|0x00000000e5e00000, 0x00000000e5e00000, 0x00000000e5f00000|  0%| F|  |TAMS 0x00000000e5e00000, 0x00000000e5e00000| Untracked 
|  95|0x00000000e5f00000, 0x00000000e5f00000, 0x00000000e6000000|  0%| F|  |TAMS 0x00000000e5f00000, 0x00000000e5f00000| Untracked 
|  96|0x00000000e6000000, 0x00000000e6000000, 0x00000000e6100000|  0%| F|  |TAMS 0x00000000e6000000, 0x00000000e6000000| Untracked 
|  97|0x00000000e6100000, 0x00000000e6100000, 0x00000000e6200000|  0%| F|  |TAMS 0x00000000e6100000, 0x00000000e6100000| Untracked 
|  98|0x00000000e6200000, 0x00000000e6200000, 0x00000000e6300000|  0%| F|  |TAMS 0x00000000e6200000, 0x00000000e6200000| Untracked 
|  99|0x00000000e6300000, 0x00000000e6300000, 0x00000000e6400000|  0%| F|  |TAMS 0x00000000e6300000, 0x00000000e6300000| Untracked 
| 100|0x00000000e6400000, 0x00000000e6400000, 0x00000000e6500000|  0%| F|  |TAMS 0x00000000e6400000, 0x00000000e6400000| Untracked 
| 101|0x00000000e6500000, 0x00000000e6500000, 0x00000000e6600000|  0%| F|  |TAMS 0x00000000e6500000, 0x00000000e6500000| Untracked 
| 102|0x00000000e6600000, 0x00000000e6600000, 0x00000000e6700000|  0%| F|  |TAMS 0x00000000e6600000, 0x00000000e6600000| Untracked 
| 103|0x00000000e6700000, 0x00000000e6800000, 0x00000000e6800000|100%| S|CS|TAMS 0x00000000e6700000, 0x00000000e6700000| Complete 
| 104|0x00000000e6800000, 0x00000000e6900000, 0x00000000e6900000|100%| S|CS|TAMS 0x00000000e6800000, 0x00000000e6800000| Complete 
| 105|0x00000000e6900000, 0x00000000e6a00000, 0x00000000e6a00000|100%| S|CS|TAMS 0x00000000e6900000, 0x00000000e6900000| Complete 
| 106|0x00000000e6a00000, 0x00000000e6b00000, 0x00000000e6b00000|100%| S|CS|TAMS 0x00000000e6a00000, 0x00000000e6a00000| Complete 
| 107|0x00000000e6b00000, 0x00000000e6c00000, 0x00000000e6c00000|100%| S|CS|TAMS 0x00000000e6b00000, 0x00000000e6b00000| Complete 
| 108|0x00000000e6c00000, 0x00000000e6d00000, 0x00000000e6d00000|100%| S|CS|TAMS 0x00000000e6c00000, 0x00000000e6c00000| Complete 
| 109|0x00000000e6d00000, 0x00000000e6e00000, 0x00000000e6e00000|100%| S|CS|TAMS 0x00000000e6d00000, 0x00000000e6d00000| Complete 
| 110|0x00000000e6e00000, 0x00000000e6f00000, 0x00000000e6f00000|100%| S|CS|TAMS 0x00000000e6e00000, 0x00000000e6e00000| Complete 
| 111|0x00000000e6f00000, 0x00000000e7000000, 0x00000000e7000000|100%| S|CS|TAMS 0x00000000e6f00000, 0x00000000e6f00000| Complete 
| 112|0x00000000e7000000, 0x00000000e7100000, 0x00000000e7100000|100%| S|CS|TAMS 0x00000000e7000000, 0x00000000e7000000| Complete 
| 113|0x00000000e7100000, 0x00000000e7100000, 0x00000000e7200000|  0%| F|  |TAMS 0x00000000e7100000, 0x00000000e7100000| Untracked 
| 114|0x00000000e7200000, 0x00000000e7200000, 0x00000000e7300000|  0%| F|  |TAMS 0x00000000e7200000, 0x00000000e7200000| Untracked 
| 115|0x00000000e7300000, 0x00000000e7300000, 0x00000000e7400000|  0%| F|  |TAMS 0x00000000e7300000, 0x00000000e7300000| Untracked 
| 116|0x00000000e7400000, 0x00000000e7400000, 0x00000000e7500000|  0%| F|  |TAMS 0x00000000e7400000, 0x00000000e7400000| Untracked 
| 117|0x00000000e7500000, 0x00000000e7500000, 0x00000000e7600000|  0%| F|  |TAMS 0x00000000e7500000, 0x00000000e7500000| Untracked 
| 118|0x00000000e7600000, 0x00000000e7600000, 0x00000000e7700000|  0%| F|  |TAMS 0x00000000e7600000, 0x00000000e7600000| Untracked 
| 119|0x00000000e7700000, 0x00000000e7700000, 0x00000000e7800000|  0%| F|  |TAMS 0x00000000e7700000, 0x00000000e7700000| Untracked 
| 120|0x00000000e7800000, 0x00000000e7800000, 0x00000000e7900000|  0%| F|  |TAMS 0x00000000e7800000, 0x00000000e7800000| Untracked 
| 121|0x00000000e7900000, 0x00000000e7900000, 0x00000000e7a00000|  0%| F|  |TAMS 0x00000000e7900000, 0x00000000e7900000| Untracked 
| 122|0x00000000e7a00000, 0x00000000e7b00000, 0x00000000e7b00000|100%| E|  |TAMS 0x00000000e7a00000, 0x00000000e7a00000| Complete 
| 123|0x00000000e7b00000, 0x00000000e7c00000, 0x00000000e7c00000|100%| E|CS|TAMS 0x00000000e7b00000, 0x00000000e7b00000| Complete 
| 124|0x00000000e7c00000, 0x00000000e7d00000, 0x00000000e7d00000|100%| E|CS|TAMS 0x00000000e7c00000, 0x00000000e7c00000| Complete 
| 125|0x00000000e7d00000, 0x00000000e7e00000, 0x00000000e7e00000|100%| E|CS|TAMS 0x00000000e7d00000, 0x00000000e7d00000| Complete 
| 126|0x00000000e7e00000, 0x00000000e7f00000, 0x00000000e7f00000|100%| E|CS|TAMS 0x00000000e7e00000, 0x00000000e7e00000| Complete 
| 127|0x00000000e7f00000, 0x00000000e8000000, 0x00000000e8000000|100%| E|CS|TAMS 0x00000000e7f00000, 0x00000000e7f00000| Complete 
| 128|0x00000000e8000000, 0x00000000e8100000, 0x00000000e8100000|100%| E|CS|TAMS 0x00000000e8000000, 0x00000000e8000000| Complete 
| 129|0x00000000e8100000, 0x00000000e8200000, 0x00000000e8200000|100%| E|CS|TAMS 0x00000000e8100000, 0x00000000e8100000| Complete 
| 130|0x00000000e8200000, 0x00000000e8300000, 0x00000000e8300000|100%| E|CS|TAMS 0x00000000e8200000, 0x00000000e8200000| Complete 
| 131|0x00000000e8300000, 0x00000000e8400000, 0x00000000e8400000|100%| E|CS|TAMS 0x00000000e8300000, 0x00000000e8300000| Complete 
| 132|0x00000000e8400000, 0x00000000e8500000, 0x00000000e8500000|100%| E|CS|TAMS 0x00000000e8400000, 0x00000000e8400000| Complete 
| 133|0x00000000e8500000, 0x00000000e8600000, 0x00000000e8600000|100%| E|CS|TAMS 0x00000000e8500000, 0x00000000e8500000| Complete 
| 134|0x00000000e8600000, 0x00000000e8700000, 0x00000000e8700000|100%| E|CS|TAMS 0x00000000e8600000, 0x00000000e8600000| Complete 
| 135|0x00000000e8700000, 0x00000000e8800000, 0x00000000e8800000|100%| E|CS|TAMS 0x00000000e8700000, 0x00000000e8700000| Complete 
| 136|0x00000000e8800000, 0x00000000e8900000, 0x00000000e8900000|100%| E|CS|TAMS 0x00000000e8800000, 0x00000000e8800000| Complete 
| 137|0x00000000e8900000, 0x00000000e8a00000, 0x00000000e8a00000|100%| E|CS|TAMS 0x00000000e8900000, 0x00000000e8900000| Complete 
| 138|0x00000000e8a00000, 0x00000000e8b00000, 0x00000000e8b00000|100%| E|CS|TAMS 0x00000000e8a00000, 0x00000000e8a00000| Complete 
| 139|0x00000000e8b00000, 0x00000000e8c00000, 0x00000000e8c00000|100%| E|CS|TAMS 0x00000000e8b00000, 0x00000000e8b00000| Complete 
| 140|0x00000000e8c00000, 0x00000000e8d00000, 0x00000000e8d00000|100%| E|CS|TAMS 0x00000000e8c00000, 0x00000000e8c00000| Complete 
| 141|0x00000000e8d00000, 0x00000000e8e00000, 0x00000000e8e00000|100%| E|CS|TAMS 0x00000000e8d00000, 0x00000000e8d00000| Complete 
| 142|0x00000000e8e00000, 0x00000000e8f00000, 0x00000000e8f00000|100%| E|CS|TAMS 0x00000000e8e00000, 0x00000000e8e00000| Complete 
| 143|0x00000000e8f00000, 0x00000000e9000000, 0x00000000e9000000|100%| E|CS|TAMS 0x00000000e8f00000, 0x00000000e8f00000| Complete 
| 144|0x00000000e9000000, 0x00000000e9100000, 0x00000000e9100000|100%| E|CS|TAMS 0x00000000e9000000, 0x00000000e9000000| Complete 
| 145|0x00000000e9100000, 0x00000000e9200000, 0x00000000e9200000|100%| E|CS|TAMS 0x00000000e9100000, 0x00000000e9100000| Complete 
| 146|0x00000000e9200000, 0x00000000e9300000, 0x00000000e9300000|100%| E|CS|TAMS 0x00000000e9200000, 0x00000000e9200000| Complete 
| 147|0x00000000e9300000, 0x00000000e9400000, 0x00000000e9400000|100%| E|CS|TAMS 0x00000000e9300000, 0x00000000e9300000| Complete 
| 148|0x00000000e9400000, 0x00000000e9500000, 0x00000000e9500000|100%| E|CS|TAMS 0x00000000e9400000, 0x00000000e9400000| Complete 
| 149|0x00000000e9500000, 0x00000000e9600000, 0x00000000e9600000|100%| E|CS|TAMS 0x00000000e9500000, 0x00000000e9500000| Complete 
| 150|0x00000000e9600000, 0x00000000e9700000, 0x00000000e9700000|100%| E|CS|TAMS 0x00000000e9600000, 0x00000000e9600000| Complete 
| 151|0x00000000e9700000, 0x00000000e9800000, 0x00000000e9800000|100%| E|CS|TAMS 0x00000000e9700000, 0x00000000e9700000| Complete 
| 152|0x00000000e9800000, 0x00000000e9900000, 0x00000000e9900000|100%| E|CS|TAMS 0x00000000e9800000, 0x00000000e9800000| Complete 
| 153|0x00000000e9900000, 0x00000000e9a00000, 0x00000000e9a00000|100%| E|CS|TAMS 0x00000000e9900000, 0x00000000e9900000| Complete 
| 154|0x00000000e9a00000, 0x00000000e9b00000, 0x00000000e9b00000|100%| E|CS|TAMS 0x00000000e9a00000, 0x00000000e9a00000| Complete 
| 155|0x00000000e9b00000, 0x00000000e9c00000, 0x00000000e9c00000|100%| E|CS|TAMS 0x00000000e9b00000, 0x00000000e9b00000| Complete 
| 156|0x00000000e9c00000, 0x00000000e9d00000, 0x00000000e9d00000|100%| E|CS|TAMS 0x00000000e9c00000, 0x00000000e9c00000| Complete 
| 157|0x00000000e9d00000, 0x00000000e9e00000, 0x00000000e9e00000|100%| E|CS|TAMS 0x00000000e9d00000, 0x00000000e9d00000| Complete 
| 158|0x00000000e9e00000, 0x00000000e9f00000, 0x00000000e9f00000|100%| E|CS|TAMS 0x00000000e9e00000, 0x00000000e9e00000| Complete 
| 159|0x00000000e9f00000, 0x00000000ea000000, 0x00000000ea000000|100%| E|CS|TAMS 0x00000000e9f00000, 0x00000000e9f00000| Complete 
| 160|0x00000000ea000000, 0x00000000ea100000, 0x00000000ea100000|100%| E|CS|TAMS 0x00000000ea000000, 0x00000000ea000000| Complete 
| 161|0x00000000ea100000, 0x00000000ea200000, 0x00000000ea200000|100%| E|CS|TAMS 0x00000000ea100000, 0x00000000ea100000| Complete 
| 162|0x00000000ea200000, 0x00000000ea300000, 0x00000000ea300000|100%| E|CS|TAMS 0x00000000ea200000, 0x00000000ea200000| Complete 
| 163|0x00000000ea300000, 0x00000000ea400000, 0x00000000ea400000|100%| E|CS|TAMS 0x00000000ea300000, 0x00000000ea300000| Complete 
| 164|0x00000000ea400000, 0x00000000ea500000, 0x00000000ea500000|100%| E|CS|TAMS 0x00000000ea400000, 0x00000000ea400000| Complete 
| 165|0x00000000ea500000, 0x00000000ea600000, 0x00000000ea600000|100%| E|CS|TAMS 0x00000000ea500000, 0x00000000ea500000| Complete 
| 166|0x00000000ea600000, 0x00000000ea700000, 0x00000000ea700000|100%| E|  |TAMS 0x00000000ea600000, 0x00000000ea600000| Complete 
| 167|0x00000000ea700000, 0x00000000ea800000, 0x00000000ea800000|100%| E|CS|TAMS 0x00000000ea700000, 0x00000000ea700000| Complete 
| 168|0x00000000ea800000, 0x00000000ea900000, 0x00000000ea900000|100%| E|CS|TAMS 0x00000000ea800000, 0x00000000ea800000| Complete 
| 169|0x00000000ea900000, 0x00000000eaa00000, 0x00000000eaa00000|100%| E|CS|TAMS 0x00000000ea900000, 0x00000000ea900000| Complete 
| 170|0x00000000eaa00000, 0x00000000eab00000, 0x00000000eab00000|100%| E|CS|TAMS 0x00000000eaa00000, 0x00000000eaa00000| Complete 
| 171|0x00000000eab00000, 0x00000000eac00000, 0x00000000eac00000|100%| E|CS|TAMS 0x00000000eab00000, 0x00000000eab00000| Complete 
| 172|0x00000000eac00000, 0x00000000ead00000, 0x00000000ead00000|100%| E|CS|TAMS 0x00000000eac00000, 0x00000000eac00000| Complete 
| 173|0x00000000ead00000, 0x00000000eae00000, 0x00000000eae00000|100%| E|CS|TAMS 0x00000000ead00000, 0x00000000ead00000| Complete 
| 174|0x00000000eae00000, 0x00000000eaf00000, 0x00000000eaf00000|100%| E|CS|TAMS 0x00000000eae00000, 0x00000000eae00000| Complete 
| 175|0x00000000eaf00000, 0x00000000eb000000, 0x00000000eb000000|100%| E|CS|TAMS 0x00000000eaf00000, 0x00000000eaf00000| Complete 
| 176|0x00000000eb000000, 0x00000000eb100000, 0x00000000eb100000|100%| E|CS|TAMS 0x00000000eb000000, 0x00000000eb000000| Complete 
| 177|0x00000000eb100000, 0x00000000eb200000, 0x00000000eb200000|100%| E|CS|TAMS 0x00000000eb100000, 0x00000000eb100000| Complete 
| 178|0x00000000eb200000, 0x00000000eb300000, 0x00000000eb300000|100%| E|CS|TAMS 0x00000000eb200000, 0x00000000eb200000| Complete 
| 179|0x00000000eb300000, 0x00000000eb400000, 0x00000000eb400000|100%| E|CS|TAMS 0x00000000eb300000, 0x00000000eb300000| Complete 
| 180|0x00000000eb400000, 0x00000000eb500000, 0x00000000eb500000|100%| E|CS|TAMS 0x00000000eb400000, 0x00000000eb400000| Complete 
| 181|0x00000000eb500000, 0x00000000eb600000, 0x00000000eb600000|100%| E|CS|TAMS 0x00000000eb500000, 0x00000000eb500000| Complete 
| 182|0x00000000eb600000, 0x00000000eb700000, 0x00000000eb700000|100%| E|CS|TAMS 0x00000000eb600000, 0x00000000eb600000| Complete 
| 183|0x00000000eb700000, 0x00000000eb800000, 0x00000000eb800000|100%| E|CS|TAMS 0x00000000eb700000, 0x00000000eb700000| Complete 
| 184|0x00000000eb800000, 0x00000000eb900000, 0x00000000eb900000|100%| E|CS|TAMS 0x00000000eb800000, 0x00000000eb800000| Complete 
| 185|0x00000000eb900000, 0x00000000eba00000, 0x00000000eba00000|100%| E|CS|TAMS 0x00000000eb900000, 0x00000000eb900000| Complete 
| 186|0x00000000eba00000, 0x00000000ebb00000, 0x00000000ebb00000|100%| E|CS|TAMS 0x00000000eba00000, 0x00000000eba00000| Complete 
| 187|0x00000000ebb00000, 0x00000000ebc00000, 0x00000000ebc00000|100%| E|CS|TAMS 0x00000000ebb00000, 0x00000000ebb00000| Complete 
| 188|0x00000000ebc00000, 0x00000000ebd00000, 0x00000000ebd00000|100%| E|CS|TAMS 0x00000000ebc00000, 0x00000000ebc00000| Complete 
| 189|0x00000000ebd00000, 0x00000000ebe00000, 0x00000000ebe00000|100%| E|CS|TAMS 0x00000000ebd00000, 0x00000000ebd00000| Complete 
| 190|0x00000000ebe00000, 0x00000000ebf00000, 0x00000000ebf00000|100%| E|CS|TAMS 0x00000000ebe00000, 0x00000000ebe00000| Complete 
| 191|0x00000000ebf00000, 0x00000000ec000000, 0x00000000ec000000|100%| E|CS|TAMS 0x00000000ebf00000, 0x00000000ebf00000| Complete 
| 192|0x00000000ec000000, 0x00000000ec100000, 0x00000000ec100000|100%| E|CS|TAMS 0x00000000ec000000, 0x00000000ec000000| Complete 
| 193|0x00000000ec100000, 0x00000000ec200000, 0x00000000ec200000|100%| E|CS|TAMS 0x00000000ec100000, 0x00000000ec100000| Complete 
| 194|0x00000000ec200000, 0x00000000ec300000, 0x00000000ec300000|100%| E|CS|TAMS 0x00000000ec200000, 0x00000000ec200000| Complete 
| 195|0x00000000ec300000, 0x00000000ec400000, 0x00000000ec400000|100%| E|CS|TAMS 0x00000000ec300000, 0x00000000ec300000| Complete 
| 196|0x00000000ec400000, 0x00000000ec500000, 0x00000000ec500000|100%| E|CS|TAMS 0x00000000ec400000, 0x00000000ec400000| Complete 
| 197|0x00000000ec500000, 0x00000000ec600000, 0x00000000ec600000|100%| E|CS|TAMS 0x00000000ec500000, 0x00000000ec500000| Complete 
| 198|0x00000000ec600000, 0x00000000ec700000, 0x00000000ec700000|100%| E|CS|TAMS 0x00000000ec600000, 0x00000000ec600000| Complete 
| 199|0x00000000ec700000, 0x00000000ec800000, 0x00000000ec800000|100%| E|CS|TAMS 0x00000000ec700000, 0x00000000ec700000| Complete 
| 200|0x00000000ec800000, 0x00000000ec900000, 0x00000000ec900000|100%| E|CS|TAMS 0x00000000ec800000, 0x00000000ec800000| Complete 
| 201|0x00000000ec900000, 0x00000000eca00000, 0x00000000eca00000|100%| E|CS|TAMS 0x00000000ec900000, 0x00000000ec900000| Complete 
| 202|0x00000000eca00000, 0x00000000ecb00000, 0x00000000ecb00000|100%| E|CS|TAMS 0x00000000eca00000, 0x00000000eca00000| Complete 
| 203|0x00000000ecb00000, 0x00000000ecc00000, 0x00000000ecc00000|100%| E|CS|TAMS 0x00000000ecb00000, 0x00000000ecb00000| Complete 
| 204|0x00000000ecc00000, 0x00000000ecd00000, 0x00000000ecd00000|100%| E|CS|TAMS 0x00000000ecc00000, 0x00000000ecc00000| Complete 
| 205|0x00000000ecd00000, 0x00000000ece00000, 0x00000000ece00000|100%| E|CS|TAMS 0x00000000ecd00000, 0x00000000ecd00000| Complete 
| 206|0x00000000ece00000, 0x00000000ecf00000, 0x00000000ecf00000|100%| E|CS|TAMS 0x00000000ece00000, 0x00000000ece00000| Complete 
| 207|0x00000000ecf00000, 0x00000000ed000000, 0x00000000ed000000|100%| E|CS|TAMS 0x00000000ecf00000, 0x00000000ecf00000| Complete 
| 208|0x00000000ed000000, 0x00000000ed100000, 0x00000000ed100000|100%| E|CS|TAMS 0x00000000ed000000, 0x00000000ed000000| Complete 
| 209|0x00000000ed100000, 0x00000000ed200000, 0x00000000ed200000|100%| E|CS|TAMS 0x00000000ed100000, 0x00000000ed100000| Complete 
| 210|0x00000000ed200000, 0x00000000ed300000, 0x00000000ed300000|100%| E|CS|TAMS 0x00000000ed200000, 0x00000000ed200000| Complete 
| 211|0x00000000ed300000, 0x00000000ed400000, 0x00000000ed400000|100%| E|CS|TAMS 0x00000000ed300000, 0x00000000ed300000| Complete 
| 212|0x00000000ed400000, 0x00000000ed500000, 0x00000000ed500000|100%| E|CS|TAMS 0x00000000ed400000, 0x00000000ed400000| Complete 
| 213|0x00000000ed500000, 0x00000000ed600000, 0x00000000ed600000|100%| E|CS|TAMS 0x00000000ed500000, 0x00000000ed500000| Complete 
| 214|0x00000000ed600000, 0x00000000ed700000, 0x00000000ed700000|100%| E|CS|TAMS 0x00000000ed600000, 0x00000000ed600000| Complete 
| 215|0x00000000ed700000, 0x00000000ed800000, 0x00000000ed800000|100%| E|CS|TAMS 0x00000000ed700000, 0x00000000ed700000| Complete 
| 216|0x00000000ed800000, 0x00000000ed900000, 0x00000000ed900000|100%| E|CS|TAMS 0x00000000ed800000, 0x00000000ed800000| Complete 
| 217|0x00000000ed900000, 0x00000000eda00000, 0x00000000eda00000|100%| E|CS|TAMS 0x00000000ed900000, 0x00000000ed900000| Complete 
| 218|0x00000000eda00000, 0x00000000edb00000, 0x00000000edb00000|100%| E|CS|TAMS 0x00000000eda00000, 0x00000000eda00000| Complete 
| 219|0x00000000edb00000, 0x00000000edc00000, 0x00000000edc00000|100%| E|CS|TAMS 0x00000000edb00000, 0x00000000edb00000| Complete 
| 220|0x00000000edc00000, 0x00000000edd00000, 0x00000000edd00000|100%| E|CS|TAMS 0x00000000edc00000, 0x00000000edc00000| Complete 
| 221|0x00000000edd00000, 0x00000000ede00000, 0x00000000ede00000|100%| E|CS|TAMS 0x00000000edd00000, 0x00000000edd00000| Complete 
| 222|0x00000000ede00000, 0x00000000edf00000, 0x00000000edf00000|100%| E|CS|TAMS 0x00000000ede00000, 0x00000000ede00000| Complete 
| 223|0x00000000edf00000, 0x00000000ee000000, 0x00000000ee000000|100%| E|CS|TAMS 0x00000000edf00000, 0x00000000edf00000| Complete 
| 224|0x00000000ee000000, 0x00000000ee100000, 0x00000000ee100000|100%| E|CS|TAMS 0x00000000ee000000, 0x00000000ee000000| Complete 
| 225|0x00000000ee100000, 0x00000000ee200000, 0x00000000ee200000|100%| E|CS|TAMS 0x00000000ee100000, 0x00000000ee100000| Complete 
| 226|0x00000000ee200000, 0x00000000ee300000, 0x00000000ee300000|100%| E|CS|TAMS 0x00000000ee200000, 0x00000000ee200000| Complete 
| 227|0x00000000ee300000, 0x00000000ee400000, 0x00000000ee400000|100%| E|CS|TAMS 0x00000000ee300000, 0x00000000ee300000| Complete 
| 228|0x00000000ee400000, 0x00000000ee500000, 0x00000000ee500000|100%| E|CS|TAMS 0x00000000ee400000, 0x00000000ee400000| Complete 
| 229|0x00000000ee500000, 0x00000000ee600000, 0x00000000ee600000|100%| E|CS|TAMS 0x00000000ee500000, 0x00000000ee500000| Complete 
| 230|0x00000000ee600000, 0x00000000ee700000, 0x00000000ee700000|100%| E|CS|TAMS 0x00000000ee600000, 0x00000000ee600000| Complete 
| 231|0x00000000ee700000, 0x00000000ee800000, 0x00000000ee800000|100%| E|CS|TAMS 0x00000000ee700000, 0x00000000ee700000| Complete 
| 232|0x00000000ee800000, 0x00000000ee900000, 0x00000000ee900000|100%| E|CS|TAMS 0x00000000ee800000, 0x00000000ee800000| Complete 
| 233|0x00000000ee900000, 0x00000000eea00000, 0x00000000eea00000|100%| E|CS|TAMS 0x00000000ee900000, 0x00000000ee900000| Complete 
| 234|0x00000000eea00000, 0x00000000eeb00000, 0x00000000eeb00000|100%| E|CS|TAMS 0x00000000eea00000, 0x00000000eea00000| Complete 
| 235|0x00000000eeb00000, 0x00000000eec00000, 0x00000000eec00000|100%| E|CS|TAMS 0x00000000eeb00000, 0x00000000eeb00000| Complete 
| 236|0x00000000eec00000, 0x00000000eed00000, 0x00000000eed00000|100%| E|CS|TAMS 0x00000000eec00000, 0x00000000eec00000| Complete 
| 237|0x00000000eed00000, 0x00000000eee00000, 0x00000000eee00000|100%| E|CS|TAMS 0x00000000eed00000, 0x00000000eed00000| Complete 
| 238|0x00000000eee00000, 0x00000000eef00000, 0x00000000eef00000|100%| E|CS|TAMS 0x00000000eee00000, 0x00000000eee00000| Complete 
| 239|0x00000000eef00000, 0x00000000ef000000, 0x00000000ef000000|100%| E|CS|TAMS 0x00000000eef00000, 0x00000000eef00000| Complete 
| 240|0x00000000ef000000, 0x00000000ef100000, 0x00000000ef100000|100%| E|CS|TAMS 0x00000000ef000000, 0x00000000ef000000| Complete 
| 241|0x00000000ef100000, 0x00000000ef200000, 0x00000000ef200000|100%| E|CS|TAMS 0x00000000ef100000, 0x00000000ef100000| Complete 
| 242|0x00000000ef200000, 0x00000000ef300000, 0x00000000ef300000|100%| E|CS|TAMS 0x00000000ef200000, 0x00000000ef200000| Complete 
| 243|0x00000000ef300000, 0x00000000ef400000, 0x00000000ef400000|100%| E|CS|TAMS 0x00000000ef300000, 0x00000000ef300000| Complete 
| 244|0x00000000ef400000, 0x00000000ef500000, 0x00000000ef500000|100%| E|CS|TAMS 0x00000000ef400000, 0x00000000ef400000| Complete 
| 245|0x00000000ef500000, 0x00000000ef600000, 0x00000000ef600000|100%| E|CS|TAMS 0x00000000ef500000, 0x00000000ef500000| Complete 
| 246|0x00000000ef600000, 0x00000000ef700000, 0x00000000ef700000|100%| E|CS|TAMS 0x00000000ef600000, 0x00000000ef600000| Complete 
| 247|0x00000000ef700000, 0x00000000ef800000, 0x00000000ef800000|100%| E|CS|TAMS 0x00000000ef700000, 0x00000000ef700000| Complete 
| 248|0x00000000ef800000, 0x00000000ef900000, 0x00000000ef900000|100%| E|CS|TAMS 0x00000000ef800000, 0x00000000ef800000| Complete 
| 249|0x00000000ef900000, 0x00000000efa00000, 0x00000000efa00000|100%| E|CS|TAMS 0x00000000ef900000, 0x00000000ef900000| Complete 
| 250|0x00000000efa00000, 0x00000000efb00000, 0x00000000efb00000|100%| E|CS|TAMS 0x00000000efa00000, 0x00000000efa00000| Complete 
| 251|0x00000000efb00000, 0x00000000efc00000, 0x00000000efc00000|100%| E|CS|TAMS 0x00000000efb00000, 0x00000000efb00000| Complete 
| 252|0x00000000efc00000, 0x00000000efd00000, 0x00000000efd00000|100%| E|CS|TAMS 0x00000000efc00000, 0x00000000efc00000| Complete 
| 253|0x00000000efd00000, 0x00000000efe00000, 0x00000000efe00000|100%| E|CS|TAMS 0x00000000efd00000, 0x00000000efd00000| Complete 
| 254|0x00000000efe00000, 0x00000000eff00000, 0x00000000eff00000|100%| E|CS|TAMS 0x00000000efe00000, 0x00000000efe00000| Complete 
| 255|0x00000000eff00000, 0x00000000f0000000, 0x00000000f0000000|100%| E|CS|TAMS 0x00000000eff00000, 0x00000000eff00000| Complete 

Card table byte_map: [0x0000017c433d0000,0x0000017c434d0000] _byte_map_base: 0x0000017c42cd0000

Marking Bits (Prev, Next): (CMBitMap*) 0x0000017c2a780cb8, (CMBitMap*) 0x0000017c2a780cf0
 Prev Bits: [0x0000017c435d0000, 0x0000017c43dd0000)
 Next Bits: [0x0000017c43dd0000, 0x0000017c445d0000)

Polling page: 0x0000017c2a5b0000

Metaspace:

Usage:
  Non-class:     43.57 MB capacity,    43.06 MB ( 99%) used,   440.27 KB ( <1%) free+waste,    75.62 KB ( <1%) overhead. 
      Class:      6.52 MB capacity,     6.30 MB ( 97%) used,   197.65 KB (  3%) free+waste,    33.19 KB ( <1%) overhead. 
       Both:     50.09 MB capacity,    49.36 MB ( 99%) used,   637.92 KB (  1%) free+waste,   108.81 KB ( <1%) overhead. 

Virtual space:
  Non-class space:       44.00 MB reserved,      43.75 MB (>99%) committed 
      Class space:      248.00 MB reserved,       6.62 MB (  3%) committed 
             Both:      292.00 MB reserved,      50.38 MB ( 17%) committed 

Chunk freelists:
   Non-Class:  7.25 KB
       Class:  1.00 KB
        Both:  8.25 KB

CodeHeap 'non-profiled nmethods': size=120000Kb used=2763Kb max_used=2763Kb free=117237Kb
 bounds [0x0000017c3b110000, 0x0000017c3b3d0000, 0x0000017c42640000]
CodeHeap 'profiled nmethods': size=120000Kb used=12416Kb max_used=12416Kb free=107583Kb
 bounds [0x0000017c33be0000, 0x0000017c34810000, 0x0000017c3b110000]
CodeHeap 'non-nmethods': size=5760Kb used=2233Kb max_used=2343Kb free=3526Kb
 bounds [0x0000017c33640000, 0x0000017c338b0000, 0x0000017c33be0000]
 total_blobs=6564 nmethods=5752 adapters=723
 compilation: enabled
              stopped_count=0, restarted_count=0
 full_count=0

Compilation events (10 events):
Event: 616.659 Thread 0x0000017c47bd6000 5903 %     3       org.gradle.api.internal.tasks.compile.incremental.deps.ClassDependentsAccumulator::addClass @ 80 (136 bytes)
Event: 616.660 Thread 0x0000017c47bd6000 nmethod 5903% 0x0000017c347fd710 code [0x0000017c347fd9c0, 0x0000017c347fe7c8]
Event: 616.716 Thread 0x0000017c47bd6000 5905 %     3       org.gradle.internal.serialize.AbstractCollectionSerializer::write @ 19 (52 bytes)
Event: 616.716 Thread 0x0000017c47bd6000 nmethod 5905% 0x0000017c347fec10 code [0x0000017c347fee20, 0x0000017c347ff4f8]
Event: 616.771 Thread 0x0000017c47bd6000 5908       2       com.google.common.collect.ImmutableMap$Builder::build (21 bytes)
Event: 616.772 Thread 0x0000017c47bd6000 nmethod 5908 0x0000017c347ff710 code [0x0000017c347ff8c0, 0x0000017c347ffa18]
Event: 616.776 Thread 0x0000017c47bd6000 5910       2       it.unimi.dsi.fastutil.ints.IntOpenHashSet::iterator (10 bytes)
Event: 616.777 Thread 0x0000017c47bd6000 nmethod 5910 0x0000017c347ffb10 code [0x0000017c347ffcc0, 0x0000017c347ffe48]
Event: 616.777 Thread 0x0000017c47bd6000 5911       2       it.unimi.dsi.fastutil.ints.IntOpenHashSet$SetIterator::<init> (6 bytes)
Event: 616.777 Thread 0x0000017c47bd6000 nmethod 5911 0x0000017c347fff10 code [0x0000017c348000a0, 0x0000017c348001a8]

GC Heap History (10 events):
Event: 611.654 GC heap before
{Heap before GC invocations=4 (full 0):
 garbage-first heap   total 262144K, used 70030K [0x00000000e0000000, 0x0000000100000000)
  region size 1024K, 53 young (54272K), 4 survivors (4096K)
 Metaspace       used 35161K, capacity 35731K, committed 35840K, reserved 286720K
  class space    used 4214K, capacity 4427K, committed 4480K, reserved 253952K
}
Event: 611.735 GC heap after
{Heap after GC invocations=5 (full 0):
 garbage-first heap   total 262144K, used 20929K [0x00000000e0000000, 0x0000000100000000)
  region size 1024K, 6 young (6144K), 6 survivors (6144K)
 Metaspace       used 35161K, capacity 35731K, committed 35840K, reserved 286720K
  class space    used 4214K, capacity 4427K, committed 4480K, reserved 253952K
}
Event: 613.400 GC heap before
{Heap before GC invocations=6 (full 0):
 garbage-first heap   total 262144K, used 96705K [0x00000000e0000000, 0x0000000100000000)
  region size 1024K, 81 young (82944K), 6 survivors (6144K)
 Metaspace       used 42254K, capacity 42847K, committed 43008K, reserved 292864K
  class space    used 5320K, capacity 5507K, committed 5632K, reserved 253952K
}
Event: 613.419 GC heap after
{Heap after GC invocations=7 (full 0):
 garbage-first heap   total 262144K, used 24308K [0x00000000e0000000, 0x0000000100000000)
  region size 1024K, 6 young (6144K), 6 survivors (6144K)
 Metaspace       used 42254K, capacity 42847K, committed 43008K, reserved 292864K
  class space    used 5320K, capacity 5507K, committed 5632K, reserved 253952K
}
Event: 614.598 GC heap before
{Heap before GC invocations=7 (full 0):
 garbage-first heap   total 262144K, used 116468K [0x00000000e0000000, 0x0000000100000000)
  region size 1024K, 96 young (98304K), 6 survivors (6144K)
 Metaspace       used 49090K, capacity 49794K, committed 49920K, reserved 299008K
  class space    used 6305K, capacity 6543K, committed 6656K, reserved 253952K
}
Event: 614.607 GC heap after
{Heap after GC invocations=8 (full 0):
 garbage-first heap   total 262144K, used 27524K [0x00000000e0000000, 0x0000000100000000)
  region size 1024K, 9 young (9216K), 9 survivors (9216K)
 Metaspace       used 49090K, capacity 49794K, committed 49920K, reserved 299008K
  class space    used 6305K, capacity 6543K, committed 6656K, reserved 253952K
}
Event: 615.186 GC heap before
{Heap before GC invocations=8 (full 0):
 garbage-first heap   total 262144K, used 174980K [0x00000000e0000000, 0x0000000100000000)
  region size 1024K, 153 young (156672K), 9 survivors (9216K)
 Metaspace       used 49140K, capacity 49858K, committed 50176K, reserved 299008K
  class space    used 6305K, capacity 6543K, committed 6656K, reserved 253952K
}
Event: 615.193 GC heap after
{Heap after GC invocations=9 (full 0):
 garbage-first heap   total 262144K, used 27908K [0x00000000e0000000, 0x0000000100000000)
  region size 1024K, 10 young (10240K), 10 survivors (10240K)
 Metaspace       used 49140K, capacity 49858K, committed 50176K, reserved 299008K
  class space    used 6305K, capacity 6543K, committed 6656K, reserved 253952K
}
Event: 615.841 GC heap before
{Heap before GC invocations=9 (full 0):
 garbage-first heap   total 262144K, used 173316K [0x00000000e0000000, 0x0000000100000000)
  region size 1024K, 153 young (156672K), 10 survivors (10240K)
 Metaspace       used 50456K, capacity 51102K, committed 51328K, reserved 299008K
  class space    used 6449K, capacity 6680K, committed 6784K, reserved 253952K
}
Event: 615.850 GC heap after
{Heap after GC invocations=10 (full 0):
 garbage-first heap   total 262144K, used 33720K [0x00000000e0000000, 0x0000000100000000)
  region size 1024K, 15 young (15360K), 15 survivors (15360K)
 Metaspace       used 50456K, capacity 51102K, committed 51328K, reserved 299008K
  class space    used 6449K, capacity 6680K, committed 6784K, reserved 253952K
}

Deoptimization events (10 events):
Event: 615.646 Thread 0x0000017c4c724000 Uncommon trap: reason=unstable_if action=reinterpret pc=0x0000017c3b3406f4 method=com.esotericsoftware.kryo.io.Output.writeString(Ljava/lang/CharSequence;)V @ 50 c2
Event: 615.652 Thread 0x0000017c4c2ac800 Uncommon trap: reason=profile_predicate action=maybe_recompile pc=0x0000017c3b36ca04 method=org.objectweb.asm.ClassReader.readCode(Lorg/objectweb/asm/MethodVisitor;Lorg/objectweb/asm/Context;I)V @ 2165 c2
Event: 615.652 Thread 0x0000017c4c2ac800 Uncommon trap: reason=profile_predicate action=maybe_recompile pc=0x0000017c3b36ca04 method=org.objectweb.asm.ClassReader.readCode(Lorg/objectweb/asm/MethodVisitor;Lorg/objectweb/asm/Context;I)V @ 2165 c2
Event: 615.652 Thread 0x0000017c4c2ac800 Uncommon trap: reason=profile_predicate action=maybe_recompile pc=0x0000017c3b36ca04 method=org.objectweb.asm.ClassReader.readCode(Lorg/objectweb/asm/MethodVisitor;Lorg/objectweb/asm/Context;I)V @ 2165 c2
Event: 615.776 Thread 0x0000017c4c2ac800 Uncommon trap: reason=profile_predicate action=maybe_recompile pc=0x0000017c3b39df10 method=org.objectweb.asm.ClassReader.readCode(Lorg/objectweb/asm/MethodVisitor;Lorg/objectweb/asm/Context;I)V @ 2169 c2
Event: 615.776 Thread 0x0000017c4c2ac800 Uncommon trap: reason=profile_predicate action=maybe_recompile pc=0x0000017c3b39df10 method=org.objectweb.asm.ClassReader.readCode(Lorg/objectweb/asm/MethodVisitor;Lorg/objectweb/asm/Context;I)V @ 2169 c2
Event: 615.777 Thread 0x0000017c4c2ad000 Uncommon trap: reason=profile_predicate action=maybe_recompile pc=0x0000017c3b36ca04 method=org.objectweb.asm.ClassReader.readCode(Lorg/objectweb/asm/MethodVisitor;Lorg/objectweb/asm/Context;I)V @ 2165 c2
Event: 615.803 Thread 0x0000017c4c2ab000 Uncommon trap: reason=unstable_if action=reinterpret pc=0x0000017c3b33a920 method=java.lang.Integer.stringSize(I)I @ 3 c2
Event: 615.803 Thread 0x0000017c4c2ab000 Uncommon trap: reason=unstable_if action=reinterpret pc=0x0000017c3b33ae08 method=java.lang.Integer.getChars(II[B)I @ 4 c2
Event: 615.957 Thread 0x0000017c4c725800 Uncommon trap: reason=unstable_if action=reinterpret pc=0x0000017c3b32ac04 method=com.esotericsoftware.kryo.io.Input.require(I)I @ 65 c2

Classes redefined (0 events):
No events

Internal exceptions (10 events):
Event: 613.445 Thread 0x0000017c4c4d2000 Exception <a 'java/lang/ClassNotFoundException'{0x00000000efcff388}: org/gradle/api/internal/artifacts/dsl/dependencies/DefaultDependencyHandler_DecoratedCustomizer> (0x00000000efcff388) thrown at [./open/src/hotspot/share/classfile/systemDictionary.cpp, 
Event: 613.460 Thread 0x0000017c4c4d2000 Exception <a 'java/lang/ClassNotFoundException'{0x00000000efa829a8}: org/gradle/api/plugins/internal/DefaultApplicationPluginConventionBeanInfo> (0x00000000efa829a8) thrown at [./open/src/hotspot/share/classfile/systemDictionary.cpp, line 226]
Event: 613.460 Thread 0x0000017c4c4d2000 Exception <a 'java/lang/ClassNotFoundException'{0x00000000efaa4f50}: org/gradle/api/plugins/ApplicationPluginConventionBeanInfo> (0x00000000efaa4f50) thrown at [./open/src/hotspot/share/classfile/systemDictionary.cpp, line 226]
Event: 613.460 Thread 0x0000017c4c4d2000 Exception <a 'java/lang/ClassNotFoundException'{0x00000000efac85c8}: org/gradle/api/plugins/ApplicationPluginConventionCustomizer> (0x00000000efac85c8) thrown at [./open/src/hotspot/share/classfile/systemDictionary.cpp, line 226]
Event: 613.461 Thread 0x0000017c4c4d2000 Exception <a 'java/lang/ClassNotFoundException'{0x00000000efafd9b0}: org/gradle/api/plugins/internal/DefaultApplicationPluginConventionCustomizer> (0x00000000efafd9b0) thrown at [./open/src/hotspot/share/classfile/systemDictionary.cpp, line 226]
Event: 613.726 Thread 0x0000017c4c4d2000 Exception <a 'java/lang/NoSuchMethodError'{0x00000000ee4fd0b0}: java.lang.invoke.DirectMethodHandle$Holder.invokeInterface(Ljava/lang/Object;Ljava/lang/Object;)I> (0x00000000ee4fd0b0) thrown at [./open/src/hotspot/share/interpreter/linkResolver.cpp, line 
Event: 613.726 Thread 0x0000017c4c4d2000 Exception <a 'java/lang/IncompatibleClassChangeError'{0x00000000ee3010c8}: Found class java.lang.Object, but interface was expected> (0x00000000ee3010c8) thrown at [./open/src/hotspot/share/interpreter/linkResolver.cpp, line 838]
Event: 613.762 Thread 0x0000017c4c4d2000 Exception <a 'java/lang/NoSuchMethodError'{0x00000000ee3dd270}: java.lang.invoke.DirectMethodHandle$Holder.invokeStatic(Ljava/lang/Object;Ljava/lang/Object;Ljava/lang/Object;Ljava/lang/Object;Ljava/lang/Object;)V> (0x00000000ee3dd270) thrown at [./open/sr
Event: 614.061 Thread 0x0000017c4c2a8800 Exception <a 'java/lang/NoSuchMethodError'{0x00000000ecd9d1e8}: java.lang.invoke.DirectMethodHandle$Holder.invokeSpecial(Ljava/lang/Object;Ljava/lang/Object;Ljava/lang/Object;I)V> (0x00000000ecd9d1e8) thrown at [./open/src/hotspot/share/interpreter/linkRe
Event: 614.194 Thread 0x0000017c4c2a8800 Exception <a 'java/lang/NoSuchMethodError'{0x00000000ec76fb48}: java.lang.invoke.DirectMethodHandle$Holder.invokeSpecial(Ljava/lang/Object;Ljava/lang/Object;Ljava/lang/Object;Ljava/lang/Object;)V> (0x00000000ec76fb48) thrown at [./open/src/hotspot/share/i

Events (10 events):
Event: 616.787 Thread 0x0000017c4c724000 DEOPT PACKING pc=0x0000017c33d7d3ba sp=0x00000031276fe550
Event: 616.787 Thread 0x0000017c4c724000 DEOPT UNPACKING pc=0x0000017c33666d5e sp=0x00000031276fd9d8 mode 0
Event: 616.812 Thread 0x0000017c4c2a3800 DEOPT PACKING pc=0x0000017c347aab84 sp=0x0000003126afd870
Event: 616.812 Thread 0x0000017c4c2a3800 DEOPT UNPACKING pc=0x0000017c33666d5e sp=0x0000003126afcee0 mode 0
Event: 616.837 Thread 0x0000017c4c2b1800 DEOPT PACKING pc=0x0000017c347aab84 sp=0x00000031271fdb70
Event: 616.837 Thread 0x0000017c4c2b1800 DEOPT UNPACKING pc=0x0000017c33666d5e sp=0x00000031271fd1e0 mode 0
Event: 616.872 Thread 0x0000017c4c2aa000 DEOPT PACKING pc=0x0000017c347aab84 sp=0x0000003126efd5f0
Event: 616.872 Thread 0x0000017c4c2aa000 DEOPT UNPACKING pc=0x0000017c33666d5e sp=0x0000003126efcc60 mode 0
Event: 616.887 Thread 0x0000017c4c724000 DEOPT PACKING pc=0x0000017c33d7d3ba sp=0x00000031276fe550
Event: 616.887 Thread 0x0000017c4c724000 DEOPT UNPACKING pc=0x0000017c33666d5e sp=0x00000031276fd9d8 mode 0


Dynamic libraries:
0x00007ff7a9cb0000 - 0x00007ff7a9cc0000 	C:\Program Files\Java\jdk-11\bin\java.exe
0x00007ff826c70000 - 0x00007ff826e84000 	C:\WINDOWS\SYSTEM32\ntdll.dll
0x00007ff8250c0000 - 0x00007ff825182000 	C:\WINDOWS\System32\KERNEL32.DLL
0x00007ff824430000 - 0x00007ff8247d3000 	C:\WINDOWS\System32\KERNELBASE.dll
0x00007ff824070000 - 0x00007ff824181000 	C:\WINDOWS\System32\ucrtbase.dll
0x00007ffffcf20000 - 0x00007ffffcf39000 	C:\Program Files\Java\jdk-11\bin\jli.dll
0x00007ff811370000 - 0x00007ff81138b000 	C:\Program Files\Java\jdk-11\bin\VCRUNTIME140.dll
0x00007ff825aa0000 - 0x00007ff825b4e000 	C:\WINDOWS\System32\ADVAPI32.dll
0x00007ff825fd0000 - 0x00007ff826077000 	C:\WINDOWS\System32\msvcrt.dll
0x00007ff824c80000 - 0x00007ff824d24000 	C:\WINDOWS\System32\sechost.dll
0x00007ff824a50000 - 0x00007ff824b67000 	C:\WINDOWS\System32\RPCRT4.dll
0x00007ff826180000 - 0x00007ff82632a000 	C:\WINDOWS\System32\USER32.dll
0x00007ff824900000 - 0x00007ff824926000 	C:\WINDOWS\System32\win32u.dll
0x00007ffffb950000 - 0x00007ffffbbde000 	C:\WINDOWS\WinSxS\amd64_microsoft.windows.common-controls_6595b64144ccf1df_6.0.22621.1635_none_270f70857386168e\COMCTL32.dll
0x00007ff824b80000 - 0x00007ff824ba9000 	C:\WINDOWS\System32\GDI32.dll
0x00007ff824930000 - 0x00007ff824a49000 	C:\WINDOWS\System32\gdi32full.dll
0x00007ff824860000 - 0x00007ff8248fa000 	C:\WINDOWS\System32\msvcp_win.dll
0x00007ff81a300000 - 0x00007ff81a30a000 	C:\WINDOWS\SYSTEM32\VERSION.dll
0x00007ff825190000 - 0x00007ff8251c1000 	C:\WINDOWS\System32\IMM32.DLL
0x00007ff819f80000 - 0x00007ff819f8c000 	C:\Program Files\Java\jdk-11\bin\vcruntime140_1.dll
0x00007fffebfd0000 - 0x00007fffec05e000 	C:\Program Files\Java\jdk-11\bin\msvcp140.dll
0x00007fff69ca0000 - 0x00007fff6a80c000 	C:\Program Files\Java\jdk-11\bin\server\jvm.dll
0x00007ff824b70000 - 0x00007ff824b78000 	C:\WINDOWS\System32\PSAPI.DLL
0x00007ff81cff0000 - 0x00007ff81d024000 	C:\WINDOWS\SYSTEM32\WINMM.dll
0x00007ff80b790000 - 0x00007ff80b799000 	C:\WINDOWS\SYSTEM32\WSOCK32.dll
0x00007ff825700000 - 0x00007ff825771000 	C:\WINDOWS\System32\WS2_32.dll
0x00007ff823090000 - 0x00007ff8230a8000 	C:\WINDOWS\SYSTEM32\kernel.appcore.dll
0x00007ff819250000 - 0x00007ff819260000 	C:\Program Files\Java\jdk-11\bin\verify.dll
0x00007ff821ae0000 - 0x00007ff821d0e000 	C:\WINDOWS\SYSTEM32\DBGHELP.DLL
0x00007ff824d30000 - 0x00007ff8250b9000 	C:\WINDOWS\System32\combase.dll
0x00007ff8258e0000 - 0x00007ff8259b7000 	C:\WINDOWS\System32\OLEAUT32.dll
0x00007ff8150b0000 - 0x00007ff8150e2000 	C:\WINDOWS\SYSTEM32\dbgcore.DLL
0x00007ff8247e0000 - 0x00007ff82485a000 	C:\WINDOWS\System32\bcryptPrimitives.dll
0x00007ffff2680000 - 0x00007ffff26a8000 	C:\Program Files\Java\jdk-11\bin\java.dll
0x00007ff813a10000 - 0x00007ff813a1a000 	C:\Program Files\Java\jdk-11\bin\jimage.dll
0x00007ffff61d0000 - 0x00007ffff61e7000 	C:\Program Files\Java\jdk-11\bin\zip.dll
0x00007ff8263d0000 - 0x00007ff826bc9000 	C:\WINDOWS\System32\SHELL32.dll
0x00007ff822010000 - 0x00007ff8228de000 	C:\WINDOWS\SYSTEM32\windows.storage.dll
0x00007ff821ed0000 - 0x00007ff82200e000 	C:\WINDOWS\SYSTEM32\wintypes.dll
0x00007ff826080000 - 0x00007ff826171000 	C:\WINDOWS\System32\SHCORE.dll
0x00007ff826bd0000 - 0x00007ff826c2e000 	C:\WINDOWS\System32\shlwapi.dll
0x00007ff823fa0000 - 0x00007ff823fc6000 	C:\WINDOWS\SYSTEM32\profapi.dll
0x00007ffff38f0000 - 0x00007ffff3909000 	C:\Program Files\Java\jdk-11\bin\net.dll
0x00007ff81c920000 - 0x00007ff81ca57000 	C:\WINDOWS\SYSTEM32\WINHTTP.dll
0x00007ff823530000 - 0x00007ff823599000 	C:\WINDOWS\system32\mswsock.dll
0x00007ffff5660000 - 0x00007ffff5672000 	C:\Program Files\Java\jdk-11\bin\nio.dll
0x00007fffec2e0000 - 0x00007fffec306000 	C:\Users\LENOVO\.gradle\native\29\windows-amd64\native-platform.dll
0x00007ffffcd20000 - 0x00007ffffcd29000 	C:\Program Files\Java\jdk-11\bin\management.dll
0x00007ffff9670000 - 0x00007ffff967b000 	C:\Program Files\Java\jdk-11\bin\management_ext.dll
0x00007ff823790000 - 0x00007ff8237ab000 	C:\WINDOWS\SYSTEM32\CRYPTSP.dll
0x00007ff823000000 - 0x00007ff823035000 	C:\WINDOWS\system32\rsaenh.dll
0x00007ff823630000 - 0x00007ff82365c000 	C:\WINDOWS\SYSTEM32\USERENV.dll
0x00007ff8239c0000 - 0x00007ff8239e8000 	C:\WINDOWS\SYSTEM32\bcrypt.dll
0x00007ff8237b0000 - 0x00007ff8237bc000 	C:\WINDOWS\SYSTEM32\CRYPTBASE.dll
0x00007ff822b40000 - 0x00007ff822b6d000 	C:\WINDOWS\SYSTEM32\IPHLPAPI.DLL
0x00007ff825780000 - 0x00007ff825789000 	C:\WINDOWS\System32\NSI.dll
0x00007ff81cd40000 - 0x00007ff81cd59000 	C:\WINDOWS\SYSTEM32\dhcpcsvc6.DLL
0x00007ff81cb80000 - 0x00007ff81cb9f000 	C:\WINDOWS\SYSTEM32\dhcpcsvc.DLL
0x00007ff822bb0000 - 0x00007ff822ca3000 	C:\WINDOWS\SYSTEM32\DNSAPI.dll

dbghelp: loaded successfully - version: 4.0.5 - missing functions: none
symbol engine: initialized successfully - sym options: 0x614 - pdb path: .;C:\Program Files\Java\jdk-11\bin;C:\WINDOWS\SYSTEM32;C:\WINDOWS\WinSxS\amd64_microsoft.windows.common-controls_6595b64144ccf1df_6.0.22621.1635_none_270f70857386168e;C:\Program Files\Java\jdk-11\bin\server;C:\Users\LENOVO\.gradle\native\29\windows-amd64

VM Arguments:
jvm_args: --add-opens=java.base/java.util=ALL-UNNAMED --add-opens=java.base/java.lang=ALL-UNNAMED --add-opens=java.base/java.lang.invoke=ALL-UNNAMED --add-opens=java.prefs/java.util.prefs=ALL-UNNAMED -XX:MaxMetaspaceSize=256m -XX:+HeapDumpOnOutOfMemoryError -Xms256m -Xmx512m -Dfile.encoding=windows-1252 -Duser.country=US -Duser.language=en -Duser.variant 
java_command: org.gradle.launcher.daemon.bootstrap.GradleDaemon 5.4.1
java_class_path (initial): C:\Users\LENOVO\.gradle\wrapper\dists\gradle-5.4.1-all\3221gyojl5jsh0helicew7rwx\gradle-5.4.1\lib\gradle-launcher-5.4.1.jar
Launcher Type: SUN_STANDARD

[Global flags]
     intx CICompilerCount                          = 4                                         {product} {ergonomic}
   size_t CompressedClassSpaceSize                 = 260046848                                 {product} {ergonomic}
     uint ConcGCThreads                            = 3                                         {product} {ergonomic}
     uint G1ConcRefinementThreads                  = 10                                        {product} {ergonomic}
   size_t G1HeapRegionSize                         = 1048576                                   {product} {ergonomic}
    uintx GCDrainStackTargetSize                   = 64                                        {product} {ergonomic}
     bool HeapDumpOnOutOfMemoryError               = true                                   {manageable} {command line}
   size_t InitialHeapSize                          = 268435456                                 {product} {command line}
   size_t MarkStackSize                            = 4194304                                   {product} {ergonomic}
   size_t MaxHeapSize                              = 536870912                                 {product} {command line}
   size_t MaxMetaspaceSize                         = 268435456                                 {product} {command line}
   size_t MaxNewSize                               = 321912832                                 {product} {ergonomic}
   size_t MinHeapDeltaBytes                        = 1048576                                   {product} {ergonomic}
    uintx NonNMethodCodeHeapSize                   = 5836300                                {pd product} {ergonomic}
    uintx NonProfiledCodeHeapSize                  = 122910970                              {pd product} {ergonomic}
    uintx ProfiledCodeHeapSize                     = 122910970                              {pd product} {ergonomic}
    uintx ReservedCodeCacheSize                    = 251658240                              {pd product} {ergonomic}
     bool SegmentedCodeCache                       = true                                      {product} {ergonomic}
     bool UseCompressedClassPointers               = true                                 {lp64_product} {ergonomic}
     bool UseCompressedOops                        = true                                 {lp64_product} {ergonomic}
     bool UseG1GC                                  = true                                      {product} {ergonomic}
     bool UseLargePagesIndividualAllocation        = false                                  {pd product} {ergonomic}

Logging:
Log output configuration:
 #0: stdout all=warning uptime,level,tags
 #1: stderr all=off uptime,level,tags

Environment Variables:
CLASSPATH=C:\Users\LENOVO\OneDrive\Desktop\projectss\selenium_starter\\gradle\wrapper\gradle-wrapper.jar
PATH=C:\Program Files\Common Files\Oracle\Java\javapath;D:\oracle\product\10.2.0\db_1\bin;D:\oracleApp\WINDOWS.X64_193000_db_home\bin;C:\WINDOWS\system32;C:\WINDOWS;C:\WINDOWS\System32\Wbem;C:\WINDOWS\System32\WindowsPowerShell\v1.0\;C:\WINDOWS\System32\OpenSSH\;C:\Program Files\dotnet\;C:\Program Files\Microsoft SQL Server\130\Tools\Binn\;C:\Program Files\Microsoft SQL Server\Client SDK\ODBC\170\Tools\Binn\;C:\Program Files\Git\cmd;C:\Users\LENOVO\Downloads\apache-maven-3.8.6-bin\bin;C:\Program Files\Docker\Docker\resources\bin;C:\Program Files\Java\jdk-11\bin;C:\Gradle\gradle-5.6.4\bin;C:\Users\LENOVO\AppData\Local\Microsoft\WindowsApps;C:\Program Files\JetBrains\IntelliJ IDEA Community Edition 2021.1.3\bin;C:\Gradle\gradle-8.1.1-bin;;C:\Users\LENOVO\.dotnet\tools;C:\Users\LENOVO\AppData\Local\Programs\Microsoft VS Code\bin;C:\Program Files\Java\jdk-11\bin;
USERNAME=LENOVO
OS=Windows_NT
PROCESSOR_IDENTIFIER=AMD64 Family 23 Model 104 Stepping 1, AuthenticAMD



---------------  S Y S T E M  ---------------

OS: Windows 11 , 64 bit Build 22621 (10.0.22621.1928)
Hyper-V role detected

CPU:total 12 (initial active 12) (12 cores per cpu, 2 threads per core) family 23 model 104 stepping 1 microcode 0x0, cmov, cx8, fxsr, mmx, sse, sse2, sse3, ssse3, sse4.1, sse4.2, popcnt, avx, avx2, aes, clmul, mmxext, 3dnowpref, lzcnt, sse4a, ht, tsc, tscinvbit, tscinv, bmi1, bmi2, adx,

Memory: 4k page, system-wide physical 6005M (299M free)
TotalPageFile size 24437M (AvailPageFile size 4M)
current process WorkingSet (physical memory assigned to process): 317M, peak: 324M
current process commit charge ("private bytes"): 465M, peak: 474M

vm_info: Java HotSpot(TM) 64-Bit Server VM (11.0.19+9-LTS-224) for windows-amd64 JRE (11.0.19+9-LTS-224), built on Mar 27 2023 08:48:55 by "mach5one" with MS VC++ 17.1 (VS2022)

END.
