#
# There is insufficient memory for the Java Runtime Environment to continue.
# Native memory allocation (malloc) failed to allocate 1969776 bytes for Chunk::new
# Possible reasons:
#   The system is out of physical RAM or swap space
#   The process is running with CompressedOops enabled, and the Java Heap may be blocking the growth of the native heap
# Possible solutions:
#   Reduce memory load on the system
#   Increase physical memory or swap space
#   Check if swap backing store is full
#   Decrease Java heap size (-Xmx/-Xms)
#   Decrease number of Java threads
#   Decrease Java thread stack sizes (-Xss)
#   Set larger code cache with -XX:ReservedCodeCacheSize=
#   JVM is running with Unscaled Compressed Oops mode in which the Java heap is
#     placed in the first 4GB address space. The Java Heap base address is the
#     maximum limit for the native heap growth. Please use -XX:HeapBaseMinAddress
#     to set the Java Heap base and to place the Java Heap above 4GB virtual address.
# This output file may be truncated or incomplete.
#
#  Out of Memory Error (./open/src/hotspot/share/memory/arena.cpp:197), pid=3020, tid=30936
#
# JRE version: Java(TM) SE Runtime Environment 18.9 (11.0.19+9) (build 11.0.19+9-LTS-224)
# Java VM: Java HotSpot(TM) 64-Bit Server VM 18.9 (11.0.19+9-LTS-224, mixed mode, tiered, compressed oops, g1 gc, windows-amd64)
# No core dump will be written. Minidumps are not enabled by default on client versions of Windows
#

---------------  S U M M A R Y ------------

Command Line: --add-opens=java.base/java.util=ALL-UNNAMED --add-opens=java.base/java.lang=ALL-UNNAMED --add-opens=java.base/java.lang.invoke=ALL-UNNAMED --add-opens=java.prefs/java.util.prefs=ALL-UNNAMED -XX:MaxMetaspaceSize=256m -XX:+HeapDumpOnOutOfMemoryError -Xms256m -Xmx512m -Dfile.encoding=windows-1252 -Duser.country=US -Duser.language=en -Duser.variant org.gradle.launcher.daemon.bootstrap.GradleDaemon 5.6.4

Host: AMD Ryzen 5 5500U with Radeon Graphics         , 12 cores, 5G,  Windows 11 , 64 bit Build 22621 (10.0.22621.1928)
Time: Sun Aug 20 14:37:30 2023 India Standard Time elapsed time: 20.172543 seconds (0d 0h 0m 20s)

---------------  T H R E A D  ---------------

Current thread (0x000001ee63f8c000):  JavaThread "C2 CompilerThread0" daemon [_thread_in_native, id=30936, stack(0x0000005d01300000,0x0000005d01400000)]


Current CompileTask:
C2:  20172 6193       4       org.objectweb.asm.ClassReader::accept (1251 bytes)

Stack: [0x0000005d01300000,0x0000005d01400000]
Native frames: (J=compiled Java code, j=interpreted, Vv=VM code, C=native code)
V  [jvm.dll+0x65fe1a]
V  [jvm.dll+0x7a2bbf]
V  [jvm.dll+0x7a4289]
V  [jvm.dll+0x7a4923]
V  [jvm.dll+0x258a25]
V  [jvm.dll+0xb29cc]
V  [jvm.dll+0xb2f8c]
V  [jvm.dll+0x3670df]
V  [jvm.dll+0x32fdf5]
V  [jvm.dll+0x32f1da]
V  [jvm.dll+0x21172d]
V  [jvm.dll+0x2106f8]
V  [jvm.dll+0x18c841]
V  [jvm.dll+0x220989]
V  [jvm.dll+0x21ecac]
V  [jvm.dll+0x766921]
V  [jvm.dll+0x75f2e4]
V  [jvm.dll+0x65ecc5]
C  [ucrtbase.dll+0x29363]
C  [KERNEL32.DLL+0x126ad]
C  [ntdll.dll+0x5aa68]


---------------  P R O C E S S  ---------------

Threads class SMR info:
_java_thread_list=0x000001ee6675ae80, length=57, elements={
0x000001ee48b50000, 0x000001ee636f9000, 0x000001ee636fa000, 0x000001ee63f87800,
0x000001ee63f8a000, 0x000001ee63f8b000, 0x000001ee63f8c000, 0x000001ee63f8d800,
0x000001ee63f94000, 0x000001ee640f9000, 0x000001ee652ef800, 0x000001ee65b53800,
0x000001ee65b28800, 0x000001ee661d0800, 0x000001ee65abd800, 0x000001ee65308000,
0x000001ee6544d800, 0x000001ee6542e000, 0x000001ee6542f000, 0x000001ee66085000,
0x000001ee66086000, 0x000001ee66086800, 0x000001ee66087800, 0x000001ee6687d800,
0x000001ee6687f800, 0x000001ee6687d000, 0x000001ee66881000, 0x000001ee66880000,
0x000001ee66881800, 0x000001ee6687c000, 0x000001ee66886800, 0x000001ee66887800,
0x000001ee66888000, 0x000001ee66883800, 0x000001ee66882800, 0x000001ee66884000,
0x000001ee66886000, 0x000001ee66889000, 0x000001ee6688a000, 0x000001ee66885000,
0x000001ee6855d800, 0x000001ee6855f000, 0x000001ee6855e800, 0x000001ee68561800,
0x000001ee68560000, 0x000001ee68561000, 0x000001ee6855c000, 0x000001ee6855c800,
0x000001ee68562800, 0x000001ee68566800, 0x000001ee68565800, 0x000001ee68569000,
0x000001ee68567800, 0x000001ee68563800, 0x000001ee6856a000, 0x000001ee68564000,
0x000001ee68568000
}

Java Threads: ( => current thread )
  0x000001ee48b50000 JavaThread "main" [_thread_blocked, id=19344, stack(0x0000005d00700000,0x0000005d00800000)]
  0x000001ee636f9000 JavaThread "Reference Handler" daemon [_thread_blocked, id=22840, stack(0x0000005d00e00000,0x0000005d00f00000)]
  0x000001ee636fa000 JavaThread "Finalizer" daemon [_thread_blocked, id=11160, stack(0x0000005d00f00000,0x0000005d01000000)]
  0x000001ee63f87800 JavaThread "Signal Dispatcher" daemon [_thread_blocked, id=9292, stack(0x0000005d01000000,0x0000005d01100000)]
  0x000001ee63f8a000 JavaThread "Attach Listener" daemon [_thread_blocked, id=6584, stack(0x0000005d01100000,0x0000005d01200000)]
  0x000001ee63f8b000 JavaThread "Service Thread" daemon [_thread_blocked, id=24240, stack(0x0000005d01200000,0x0000005d01300000)]
=>0x000001ee63f8c000 JavaThread "C2 CompilerThread0" daemon [_thread_in_native, id=30936, stack(0x0000005d01300000,0x0000005d01400000)]
  0x000001ee63f8d800 JavaThread "C1 CompilerThread0" daemon [_thread_blocked, id=21448, stack(0x0000005d01400000,0x0000005d01500000)]
  0x000001ee63f94000 JavaThread "Sweeper thread" daemon [_thread_blocked, id=28644, stack(0x0000005d01500000,0x0000005d01600000)]
  0x000001ee640f9000 JavaThread "Common-Cleaner" daemon [_thread_blocked, id=8664, stack(0x0000005d01600000,0x0000005d01700000)]
  0x000001ee652ef800 JavaThread "Daemon health stats" [_thread_blocked, id=5592, stack(0x0000005d01e00000,0x0000005d01f00000)]
  0x000001ee65b53800 JavaThread "Incoming local TCP Connector on port 53392" [_thread_in_native, id=11280, stack(0x0000005d01d00000,0x0000005d01e00000)]
  0x000001ee65b28800 JavaThread "Daemon periodic checks" [_thread_blocked, id=33300, stack(0x0000005d01f00000,0x0000005d02000000)]
  0x000001ee661d0800 JavaThread "Daemon" [_thread_blocked, id=28116, stack(0x0000005d02000000,0x0000005d02100000)]
  0x000001ee65abd800 JavaThread "Handler for socket connection from /127.0.0.1:53392 to /127.0.0.1:53393" [_thread_in_native, id=16652, stack(0x0000005d02100000,0x0000005d02200000)]
  0x000001ee65308000 JavaThread "Cancel handler" [_thread_blocked, id=2716, stack(0x0000005d02200000,0x0000005d02300000)]
  0x000001ee6544d800 JavaThread "Daemon worker" [_thread_blocked, id=360, stack(0x0000005d02300000,0x0000005d02400000)]
  0x000001ee6542e000 JavaThread "Asynchronous log dispatcher for DefaultDaemonConnection: socket connection from /127.0.0.1:53392 to /127.0.0.1:53393" [_thread_blocked, id=29932, stack(0x0000005d02400000,0x0000005d02500000)]
  0x000001ee6542f000 JavaThread "Stdin handler" [_thread_blocked, id=28240, stack(0x0000005d02500000,0x0000005d02600000)]
  0x000001ee66085000 JavaThread "Thread-8" [_thread_blocked, id=16616, stack(0x0000005d02600000,0x0000005d02700000)]
  0x000001ee66086000 JavaThread "Cache worker for file hash cache (C:\Users\LENOVO\.gradle\caches\5.6.4\fileHashes)" [_thread_blocked, id=3852, stack(0x0000005d02700000,0x0000005d02800000)]
  0x000001ee66086800 JavaThread "File lock request listener" [_thread_in_native, id=23864, stack(0x0000005d02800000,0x0000005d02900000)]
  0x000001ee66087800 JavaThread "Cache worker for journal cache (C:\Users\LENOVO\.gradle\caches\journal-1)" [_thread_blocked, id=4528, stack(0x0000005d02900000,0x0000005d02a00000)]
  0x000001ee6687d800 JavaThread "Cache worker for file hash cache (C:\Users\LENOVO\OneDrive\Desktop\projectss\selenium_starter\.gradle\5.6.4\fileHashes)" [_thread_blocked, id=29272, stack(0x0000005d03100000,0x0000005d03200000)]
  0x000001ee6687f800 JavaThread "Cache worker for cache directory md-supplier (C:\Users\LENOVO\.gradle\caches\5.6.4\md-supplier)" [_thread_blocked, id=24320, stack(0x0000005d02a00000,0x0000005d02b00000)]
  0x000001ee6687d000 JavaThread "Cache worker for cache directory md-rule (C:\Users\LENOVO\.gradle\caches\5.6.4\md-rule)" [_thread_blocked, id=21460, stack(0x0000005d03200000,0x0000005d03300000)]
  0x000001ee66881000 JavaThread "Cache worker for Build Output Cleanup Cache (C:\Users\LENOVO\OneDrive\Desktop\projectss\selenium_starter\.gradle\buildOutputCleanup)" [_thread_blocked, id=24248, stack(0x0000005d03300000,0x0000005d03400000)]
  0x000001ee66880000 JavaThread "Cache worker for execution history cache (C:\Users\LENOVO\.gradle\caches\5.6.4\executionHistory)" [_thread_blocked, id=27820, stack(0x0000005d03400000,0x0000005d03500000)]
  0x000001ee66881800 JavaThread "Memory manager" [_thread_blocked, id=4736, stack(0x0000005d03500000,0x0000005d03600000)]
  0x000001ee6687c000 JavaThread "Cache worker for file content cache (C:\Users\LENOVO\.gradle\caches\5.6.4\fileContent)" [_thread_blocked, id=5584, stack(0x0000005d03600000,0x0000005d03700000)]
  0x000001ee66886800 JavaThread "Cache worker for file content cache (C:\Users\LENOVO\OneDrive\Desktop\projectss\selenium_starter\.gradle\5.6.4\fileContent)" [_thread_blocked, id=1616, stack(0x0000005d03700000,0x0000005d03800000)]
  0x000001ee66887800 JavaThread "Execution worker for ':'" [_thread_blocked, id=17256, stack(0x0000005d03800000,0x0000005d03900000)]
  0x000001ee66888000 JavaThread "Execution worker for ':' Thread 2" [_thread_blocked, id=23328, stack(0x0000005d03900000,0x0000005d03a00000)]
  0x000001ee66883800 JavaThread "Execution worker for ':' Thread 3" [_thread_blocked, id=4872, stack(0x0000005d03a00000,0x0000005d03b00000)]
  0x000001ee66882800 JavaThread "Execution worker for ':' Thread 4" [_thread_blocked, id=25156, stack(0x0000005d03b00000,0x0000005d03c00000)]
  0x000001ee66884000 JavaThread "Execution worker for ':' Thread 5" [_thread_blocked, id=21600, stack(0x0000005d03c00000,0x0000005d03d00000)]
  0x000001ee66886000 JavaThread "Execution worker for ':' Thread 6" [_thread_blocked, id=2948, stack(0x0000005d03d00000,0x0000005d03e00000)]
  0x000001ee66889000 JavaThread "Execution worker for ':' Thread 7" [_thread_blocked, id=33196, stack(0x0000005d03e00000,0x0000005d03f00000)]
  0x000001ee6688a000 JavaThread "Execution worker for ':' Thread 8" [_thread_blocked, id=22964, stack(0x0000005d03f00000,0x0000005d04000000)]
  0x000001ee66885000 JavaThread "Execution worker for ':' Thread 9" [_thread_blocked, id=25336, stack(0x0000005d04000000,0x0000005d04100000)]
  0x000001ee6855d800 JavaThread "Execution worker for ':' Thread 10" [_thread_blocked, id=30020, stack(0x0000005d04100000,0x0000005d04200000)]
  0x000001ee6855f000 JavaThread "Execution worker for ':' Thread 11" [_thread_blocked, id=25860, stack(0x0000005d04200000,0x0000005d04300000)]
  0x000001ee6855e800 JavaThread "Cache worker for execution history cache (C:\Users\LENOVO\OneDrive\Desktop\projectss\selenium_starter\.gradle\5.6.4\executionHistory)" [_thread_blocked, id=21868, stack(0x0000005d04300000,0x0000005d04400000)]
  0x000001ee68561800 JavaThread "Build operations" [_thread_in_Java, id=31292, stack(0x0000005d04400000,0x0000005d04500000)]
  0x000001ee68560000 JavaThread "Build operations Thread 2" [_thread_blocked, id=21192, stack(0x0000005d04500000,0x0000005d04600000)]
  0x000001ee68561000 JavaThread "Build operations Thread 3" [_thread_blocked, id=3376, stack(0x0000005d04600000,0x0000005d04700000)]
  0x000001ee6855c000 JavaThread "Build operations Thread 4" [_thread_in_Java, id=7588, stack(0x0000005d04700000,0x0000005d04800000)]
  0x000001ee6855c800 JavaThread "Build operations Thread 5" [_thread_blocked, id=32988, stack(0x0000005d04800000,0x0000005d04900000)]
  0x000001ee68562800 JavaThread "Build operations Thread 6" [_thread_blocked, id=6296, stack(0x0000005d04900000,0x0000005d04a00000)]
  0x000001ee68566800 JavaThread "Build operations Thread 7" [_thread_blocked, id=31940, stack(0x0000005d04a00000,0x0000005d04b00000)]
  0x000001ee68565800 JavaThread "Build operations Thread 8" [_thread_blocked, id=22068, stack(0x0000005d04b00000,0x0000005d04c00000)]
  0x000001ee68569000 JavaThread "Build operations Thread 9" [_thread_blocked, id=5100, stack(0x0000005d04c00000,0x0000005d04d00000)]
  0x000001ee68567800 JavaThread "Build operations Thread 10" [_thread_blocked, id=28724, stack(0x0000005d04d00000,0x0000005d04e00000)]
  0x000001ee68563800 JavaThread "Build operations Thread 11" [_thread_blocked, id=1712, stack(0x0000005d04e00000,0x0000005d04f00000)]
  0x000001ee6856a000 JavaThread "Build operations Thread 12" [_thread_blocked, id=21500, stack(0x0000005d04f00000,0x0000005d05000000)]
  0x000001ee68564000 JavaThread "Cache worker for Java compile cache (C:\Users\LENOVO\.gradle\caches\5.6.4\javaCompile)" [_thread_blocked, id=13704, stack(0x0000005d05000000,0x0000005d05100000)]
  0x000001ee68568000 JavaThread "Cache worker for Java compile cache (C:\Users\LENOVO\OneDrive\Desktop\projectss\selenium_starter\.gradle\5.6.4\javaCompile)" [_thread_in_native, id=21512, stack(0x0000005d05100000,0x0000005d05200000)]

Other Threads:
  0x000001ee636f6800 VMThread "VM Thread" [stack: 0x0000005d00d00000,0x0000005d00e00000] [id=28108]
  0x000001ee64145000 WatcherThread [stack: 0x0000005d01700000,0x0000005d01800000] [id=10400]
  0x000001ee48b5f800 GCTaskThread "GC Thread#0" [stack: 0x0000005d00800000,0x0000005d00900000] [id=15292]
  0x000001ee642e5000 GCTaskThread "GC Thread#1" [stack: 0x0000005d01800000,0x0000005d01900000] [id=17268]
  0x000001ee64bf7800 GCTaskThread "GC Thread#2" [stack: 0x0000005d01900000,0x0000005d01a00000] [id=12800]
  0x000001ee64ab7800 GCTaskThread "GC Thread#3" [stack: 0x0000005d01a00000,0x0000005d01b00000] [id=28824]
  0x000001ee64ab8800 GCTaskThread "GC Thread#4" [stack: 0x0000005d01b00000,0x0000005d01c00000] [id=26792]
  0x000001ee64ab9000 GCTaskThread "GC Thread#5" [stack: 0x0000005d01c00000,0x0000005d01d00000] [id=7888]
  0x000001ee662d1800 GCTaskThread "GC Thread#6" [stack: 0x0000005d02b00000,0x0000005d02c00000] [id=28580]
  0x000001ee64cc0800 GCTaskThread "GC Thread#7" [stack: 0x0000005d02c00000,0x0000005d02d00000] [id=14208]
  0x000001ee64dd2800 GCTaskThread "GC Thread#8" [stack: 0x0000005d02d00000,0x0000005d02e00000] [id=26388]
  0x000001ee65776800 GCTaskThread "GC Thread#9" [stack: 0x0000005d02e00000,0x0000005d02f00000] [id=31692]
  0x000001ee48b75800 ConcurrentGCThread "G1 Main Marker" [stack: 0x0000005d00900000,0x0000005d00a00000] [id=31332]
  0x000001ee48b79800 ConcurrentGCThread "G1 Conc#0" [stack: 0x0000005d00a00000,0x0000005d00b00000] [id=5256]
  0x000001ee6506a000 ConcurrentGCThread "G1 Conc#1" [stack: 0x0000005d02f00000,0x0000005d03000000] [id=3464]
  0x000001ee654d1800 ConcurrentGCThread "G1 Conc#2" [stack: 0x0000005d03000000,0x0000005d03100000] [id=1996]
  0x000001ee48c1e000 ConcurrentGCThread "G1 Refine#0" [stack: 0x0000005d00b00000,0x0000005d00c00000] [id=5096]
  0x000001ee6359c800 ConcurrentGCThread "G1 Young RemSet Sampling" [stack: 0x0000005d00c00000,0x0000005d00d00000] [id=16152]

Threads with active compile tasks:
C2 CompilerThread0    20206 6193       4       org.objectweb.asm.ClassReader::accept (1251 bytes)

VM state:not at safepoint (normal execution)

VM Mutex/Monitor currently owned by a thread: None

Heap address: 0x00000000e0000000, size: 512 MB, Compressed Oops mode: 32-bit
Narrow klass base: 0x0000000000000000, Narrow klass shift: 3
Compressed class space size: 260046848 Address: 0x0000000100000000

Heap:
 garbage-first heap   total 262144K, used 92035K [0x00000000e0000000, 0x0000000100000000)
  region size 1024K, 61 young (62464K), 12 survivors (12288K)
 Metaspace       used 57794K, capacity 58692K, committed 58880K, reserved 305152K
  class space    used 7366K, capacity 7679K, committed 7680K, reserved 253952K
Heap Regions: E=young(eden), S=young(survivor), O=old, HS=humongous(starts), HC=humongous(continues), CS=collection set, F=free, A=archive, TAMS=top-at-mark-start (previous, next)
|   0|0x00000000e0000000, 0x00000000e0100000, 0x00000000e0100000|100%| O|  |TAMS 0x00000000e0100000, 0x00000000e0000000| Untracked 
|   1|0x00000000e0100000, 0x00000000e0200000, 0x00000000e0200000|100%| O|  |TAMS 0x00000000e0200000, 0x00000000e0100000| Untracked 
|   2|0x00000000e0200000, 0x00000000e0300000, 0x00000000e0300000|100%| O|  |TAMS 0x00000000e0300000, 0x00000000e0200000| Untracked 
|   3|0x00000000e0300000, 0x00000000e0400000, 0x00000000e0400000|100%|HS|  |TAMS 0x00000000e0400000, 0x00000000e0300000| Complete 
|   4|0x00000000e0400000, 0x00000000e0500000, 0x00000000e0500000|100%|HC|  |TAMS 0x00000000e0500000, 0x00000000e0400000| Complete 
|   5|0x00000000e0500000, 0x00000000e0600000, 0x00000000e0600000|100%|HC|  |TAMS 0x00000000e0600000, 0x00000000e0500000| Complete 
|   6|0x00000000e0600000, 0x00000000e0700000, 0x00000000e0700000|100%| O|  |TAMS 0x00000000e0700000, 0x00000000e0600000| Untracked 
|   7|0x00000000e0700000, 0x00000000e0800000, 0x00000000e0800000|100%| O|  |TAMS 0x00000000e0800000, 0x00000000e0700000| Untracked 
|   8|0x00000000e0800000, 0x00000000e0900000, 0x00000000e0900000|100%| O|  |TAMS 0x00000000e0900000, 0x00000000e0800000| Untracked 
|   9|0x00000000e0900000, 0x00000000e0a00000, 0x00000000e0a00000|100%| O|  |TAMS 0x00000000e0a00000, 0x00000000e0900000| Untracked 
|  10|0x00000000e0a00000, 0x00000000e0b00000, 0x00000000e0b00000|100%| O|  |TAMS 0x00000000e0b00000, 0x00000000e0a00000| Untracked 
|  11|0x00000000e0b00000, 0x00000000e0c00000, 0x00000000e0c00000|100%| O|  |TAMS 0x00000000e0c00000, 0x00000000e0b00000| Untracked 
|  12|0x00000000e0c00000, 0x00000000e0d00000, 0x00000000e0d00000|100%| O|  |TAMS 0x00000000e0d00000, 0x00000000e0c00000| Untracked 
|  13|0x00000000e0d00000, 0x00000000e0e00000, 0x00000000e0e00000|100%| O|  |TAMS 0x00000000e0e00000, 0x00000000e0d00000| Untracked 
|  14|0x00000000e0e00000, 0x00000000e0f00000, 0x00000000e0f00000|100%| O|  |TAMS 0x00000000e0f00000, 0x00000000e0e00000| Untracked 
|  15|0x00000000e0f00000, 0x00000000e1000000, 0x00000000e1000000|100%| O|  |TAMS 0x00000000e0faa200, 0x00000000e0f00000| Untracked 
|  16|0x00000000e1000000, 0x00000000e1100000, 0x00000000e1100000|100%| O|  |TAMS 0x00000000e1000000, 0x00000000e1000000| Untracked 
|  17|0x00000000e1100000, 0x00000000e1200000, 0x00000000e1200000|100%| O|  |TAMS 0x00000000e1100000, 0x00000000e1100000| Untracked 
|  18|0x00000000e1200000, 0x00000000e1300000, 0x00000000e1300000|100%| O|  |TAMS 0x00000000e1200000, 0x00000000e1200000| Untracked 
|  19|0x00000000e1300000, 0x00000000e1400000, 0x00000000e1400000|100%| O|  |TAMS 0x00000000e1300000, 0x00000000e1300000| Untracked 
|  20|0x00000000e1400000, 0x00000000e1500000, 0x00000000e1500000|100%| O|  |TAMS 0x00000000e1400000, 0x00000000e1400000| Untracked 
|  21|0x00000000e1500000, 0x00000000e1600000, 0x00000000e1600000|100%| O|  |TAMS 0x00000000e1500000, 0x00000000e1500000| Untracked 
|  22|0x00000000e1600000, 0x00000000e1700000, 0x00000000e1700000|100%| O|  |TAMS 0x00000000e1600000, 0x00000000e1600000| Untracked 
|  23|0x00000000e1700000, 0x00000000e1800000, 0x00000000e1800000|100%| O|  |TAMS 0x00000000e1700000, 0x00000000e1700000| Untracked 
|  24|0x00000000e1800000, 0x00000000e1900000, 0x00000000e1900000|100%| O|  |TAMS 0x00000000e1800000, 0x00000000e1800000| Untracked 
|  25|0x00000000e1900000, 0x00000000e1a00000, 0x00000000e1a00000|100%| O|  |TAMS 0x00000000e1900000, 0x00000000e1900000| Untracked 
|  26|0x00000000e1a00000, 0x00000000e1b00000, 0x00000000e1b00000|100%| O|  |TAMS 0x00000000e1a00000, 0x00000000e1a00000| Untracked 
|  27|0x00000000e1b00000, 0x00000000e1c00000, 0x00000000e1c00000|100%| O|  |TAMS 0x00000000e1b00000, 0x00000000e1b00000| Untracked 
|  28|0x00000000e1c00000, 0x00000000e1d00000, 0x00000000e1d00000|100%| O|  |TAMS 0x00000000e1c00000, 0x00000000e1c00000| Untracked 
|  29|0x00000000e1d00000, 0x00000000e1de0c00, 0x00000000e1e00000| 87%| O|  |TAMS 0x00000000e1d00000, 0x00000000e1d00000| Untracked 
|  30|0x00000000e1e00000, 0x00000000e1e00000, 0x00000000e1f00000|  0%| F|  |TAMS 0x00000000e1e00000, 0x00000000e1e00000| Untracked 
|  31|0x00000000e1f00000, 0x00000000e1f00000, 0x00000000e2000000|  0%| F|  |TAMS 0x00000000e1f00000, 0x00000000e1f00000| Untracked 
|  32|0x00000000e2000000, 0x00000000e2000000, 0x00000000e2100000|  0%| F|  |TAMS 0x00000000e2000000, 0x00000000e2000000| Untracked 
|  33|0x00000000e2100000, 0x00000000e2100000, 0x00000000e2200000|  0%| F|  |TAMS 0x00000000e2100000, 0x00000000e2100000| Untracked 
|  34|0x00000000e2200000, 0x00000000e2200000, 0x00000000e2300000|  0%| F|  |TAMS 0x00000000e2200000, 0x00000000e2200000| Untracked 
|  35|0x00000000e2300000, 0x00000000e2300000, 0x00000000e2400000|  0%| F|  |TAMS 0x00000000e2300000, 0x00000000e2300000| Untracked 
|  36|0x00000000e2400000, 0x00000000e2400000, 0x00000000e2500000|  0%| F|  |TAMS 0x00000000e2400000, 0x00000000e2400000| Untracked 
|  37|0x00000000e2500000, 0x00000000e2500000, 0x00000000e2600000|  0%| F|  |TAMS 0x00000000e2500000, 0x00000000e2500000| Untracked 
|  38|0x00000000e2600000, 0x00000000e2600000, 0x00000000e2700000|  0%| F|  |TAMS 0x00000000e2600000, 0x00000000e2600000| Untracked 
|  39|0x00000000e2700000, 0x00000000e2700000, 0x00000000e2800000|  0%| F|  |TAMS 0x00000000e2700000, 0x00000000e2700000| Untracked 
|  40|0x00000000e2800000, 0x00000000e2800000, 0x00000000e2900000|  0%| F|  |TAMS 0x00000000e2800000, 0x00000000e2800000| Untracked 
|  41|0x00000000e2900000, 0x00000000e2900000, 0x00000000e2a00000|  0%| F|  |TAMS 0x00000000e2900000, 0x00000000e2900000| Untracked 
|  42|0x00000000e2a00000, 0x00000000e2a00000, 0x00000000e2b00000|  0%| F|  |TAMS 0x00000000e2a00000, 0x00000000e2a00000| Untracked 
|  43|0x00000000e2b00000, 0x00000000e2b00000, 0x00000000e2c00000|  0%| F|  |TAMS 0x00000000e2b00000, 0x00000000e2b00000| Untracked 
|  44|0x00000000e2c00000, 0x00000000e2c00000, 0x00000000e2d00000|  0%| F|  |TAMS 0x00000000e2c00000, 0x00000000e2c00000| Untracked 
|  45|0x00000000e2d00000, 0x00000000e2d00000, 0x00000000e2e00000|  0%| F|  |TAMS 0x00000000e2d00000, 0x00000000e2d00000| Untracked 
|  46|0x00000000e2e00000, 0x00000000e2e00000, 0x00000000e2f00000|  0%| F|  |TAMS 0x00000000e2e00000, 0x00000000e2e00000| Untracked 
|  47|0x00000000e2f00000, 0x00000000e2f00000, 0x00000000e3000000|  0%| F|  |TAMS 0x00000000e2f00000, 0x00000000e2f00000| Untracked 
|  48|0x00000000e3000000, 0x00000000e3000000, 0x00000000e3100000|  0%| F|  |TAMS 0x00000000e3000000, 0x00000000e3000000| Untracked 
|  49|0x00000000e3100000, 0x00000000e3100000, 0x00000000e3200000|  0%| F|  |TAMS 0x00000000e3100000, 0x00000000e3100000| Untracked 
|  50|0x00000000e3200000, 0x00000000e3200000, 0x00000000e3300000|  0%| F|  |TAMS 0x00000000e3200000, 0x00000000e3200000| Untracked 
|  51|0x00000000e3300000, 0x00000000e3300000, 0x00000000e3400000|  0%| F|  |TAMS 0x00000000e3300000, 0x00000000e3300000| Untracked 
|  52|0x00000000e3400000, 0x00000000e3400000, 0x00000000e3500000|  0%| F|  |TAMS 0x00000000e3400000, 0x00000000e3400000| Untracked 
|  53|0x00000000e3500000, 0x00000000e3500000, 0x00000000e3600000|  0%| F|  |TAMS 0x00000000e3500000, 0x00000000e3500000| Untracked 
|  54|0x00000000e3600000, 0x00000000e3600000, 0x00000000e3700000|  0%| F|  |TAMS 0x00000000e3600000, 0x00000000e3600000| Untracked 
|  55|0x00000000e3700000, 0x00000000e3700000, 0x00000000e3800000|  0%| F|  |TAMS 0x00000000e3700000, 0x00000000e3700000| Untracked 
|  56|0x00000000e3800000, 0x00000000e3800000, 0x00000000e3900000|  0%| F|  |TAMS 0x00000000e3800000, 0x00000000e3800000| Untracked 
|  57|0x00000000e3900000, 0x00000000e3900000, 0x00000000e3a00000|  0%| F|  |TAMS 0x00000000e3900000, 0x00000000e3900000| Untracked 
|  58|0x00000000e3a00000, 0x00000000e3a00000, 0x00000000e3b00000|  0%| F|  |TAMS 0x00000000e3a00000, 0x00000000e3a00000| Untracked 
|  59|0x00000000e3b00000, 0x00000000e3b00000, 0x00000000e3c00000|  0%| F|  |TAMS 0x00000000e3b00000, 0x00000000e3b00000| Untracked 
|  60|0x00000000e3c00000, 0x00000000e3c00000, 0x00000000e3d00000|  0%| F|  |TAMS 0x00000000e3c00000, 0x00000000e3c00000| Untracked 
|  61|0x00000000e3d00000, 0x00000000e3d00000, 0x00000000e3e00000|  0%| F|  |TAMS 0x00000000e3d00000, 0x00000000e3d00000| Untracked 
|  62|0x00000000e3e00000, 0x00000000e3e00000, 0x00000000e3f00000|  0%| F|  |TAMS 0x00000000e3e00000, 0x00000000e3e00000| Untracked 
|  63|0x00000000e3f00000, 0x00000000e3f00000, 0x00000000e4000000|  0%| F|  |TAMS 0x00000000e3f00000, 0x00000000e3f00000| Untracked 
|  64|0x00000000e4000000, 0x00000000e4000000, 0x00000000e4100000|  0%| F|  |TAMS 0x00000000e4000000, 0x00000000e4000000| Untracked 
|  65|0x00000000e4100000, 0x00000000e4100000, 0x00000000e4200000|  0%| F|  |TAMS 0x00000000e4100000, 0x00000000e4100000| Untracked 
|  66|0x00000000e4200000, 0x00000000e4200000, 0x00000000e4300000|  0%| F|  |TAMS 0x00000000e4200000, 0x00000000e4200000| Untracked 
|  67|0x00000000e4300000, 0x00000000e4300000, 0x00000000e4400000|  0%| F|  |TAMS 0x00000000e4300000, 0x00000000e4300000| Untracked 
|  68|0x00000000e4400000, 0x00000000e4400000, 0x00000000e4500000|  0%| F|  |TAMS 0x00000000e4400000, 0x00000000e4400000| Untracked 
|  69|0x00000000e4500000, 0x00000000e4500000, 0x00000000e4600000|  0%| F|  |TAMS 0x00000000e4500000, 0x00000000e4500000| Untracked 
|  70|0x00000000e4600000, 0x00000000e4600000, 0x00000000e4700000|  0%| F|  |TAMS 0x00000000e4600000, 0x00000000e4600000| Untracked 
|  71|0x00000000e4700000, 0x00000000e4700000, 0x00000000e4800000|  0%| F|  |TAMS 0x00000000e4700000, 0x00000000e4700000| Untracked 
|  72|0x00000000e4800000, 0x00000000e4800000, 0x00000000e4900000|  0%| F|  |TAMS 0x00000000e4800000, 0x00000000e4800000| Untracked 
|  73|0x00000000e4900000, 0x00000000e4900000, 0x00000000e4a00000|  0%| F|  |TAMS 0x00000000e4900000, 0x00000000e4900000| Untracked 
|  74|0x00000000e4a00000, 0x00000000e4a00000, 0x00000000e4b00000|  0%| F|  |TAMS 0x00000000e4a00000, 0x00000000e4a00000| Untracked 
|  75|0x00000000e4b00000, 0x00000000e4b00000, 0x00000000e4c00000|  0%| F|  |TAMS 0x00000000e4b00000, 0x00000000e4b00000| Untracked 
|  76|0x00000000e4c00000, 0x00000000e4c00000, 0x00000000e4d00000|  0%| F|  |TAMS 0x00000000e4c00000, 0x00000000e4c00000| Untracked 
|  77|0x00000000e4d00000, 0x00000000e4d00000, 0x00000000e4e00000|  0%| F|  |TAMS 0x00000000e4d00000, 0x00000000e4d00000| Untracked 
|  78|0x00000000e4e00000, 0x00000000e4e00000, 0x00000000e4f00000|  0%| F|  |TAMS 0x00000000e4e00000, 0x00000000e4e00000| Untracked 
|  79|0x00000000e4f00000, 0x00000000e4f00000, 0x00000000e5000000|  0%| F|  |TAMS 0x00000000e4f00000, 0x00000000e4f00000| Untracked 
|  80|0x00000000e5000000, 0x00000000e5000000, 0x00000000e5100000|  0%| F|  |TAMS 0x00000000e5000000, 0x00000000e5000000| Untracked 
|  81|0x00000000e5100000, 0x00000000e5100000, 0x00000000e5200000|  0%| F|  |TAMS 0x00000000e5100000, 0x00000000e5100000| Untracked 
|  82|0x00000000e5200000, 0x00000000e5200000, 0x00000000e5300000|  0%| F|  |TAMS 0x00000000e5200000, 0x00000000e5200000| Untracked 
|  83|0x00000000e5300000, 0x00000000e5300000, 0x00000000e5400000|  0%| F|  |TAMS 0x00000000e5300000, 0x00000000e5300000| Untracked 
|  84|0x00000000e5400000, 0x00000000e5400000, 0x00000000e5500000|  0%| F|  |TAMS 0x00000000e5400000, 0x00000000e5400000| Untracked 
|  85|0x00000000e5500000, 0x00000000e5500000, 0x00000000e5600000|  0%| F|  |TAMS 0x00000000e5500000, 0x00000000e5500000| Untracked 
|  86|0x00000000e5600000, 0x00000000e5600000, 0x00000000e5700000|  0%| F|  |TAMS 0x00000000e5600000, 0x00000000e5600000| Untracked 
|  87|0x00000000e5700000, 0x00000000e5700000, 0x00000000e5800000|  0%| F|  |TAMS 0x00000000e5700000, 0x00000000e5700000| Untracked 
|  88|0x00000000e5800000, 0x00000000e5800000, 0x00000000e5900000|  0%| F|  |TAMS 0x00000000e5800000, 0x00000000e5800000| Untracked 
|  89|0x00000000e5900000, 0x00000000e5900000, 0x00000000e5a00000|  0%| F|  |TAMS 0x00000000e5900000, 0x00000000e5900000| Untracked 
|  90|0x00000000e5a00000, 0x00000000e5a00000, 0x00000000e5b00000|  0%| F|  |TAMS 0x00000000e5a00000, 0x00000000e5a00000| Untracked 
|  91|0x00000000e5b00000, 0x00000000e5b00000, 0x00000000e5c00000|  0%| F|  |TAMS 0x00000000e5b00000, 0x00000000e5b00000| Untracked 
|  92|0x00000000e5c00000, 0x00000000e5c00000, 0x00000000e5d00000|  0%| F|  |TAMS 0x00000000e5c00000, 0x00000000e5c00000| Untracked 
|  93|0x00000000e5d00000, 0x00000000e5d00000, 0x00000000e5e00000|  0%| F|  |TAMS 0x00000000e5d00000, 0x00000000e5d00000| Untracked 
|  94|0x00000000e5e00000, 0x00000000e5e00000, 0x00000000e5f00000|  0%| F|  |TAMS 0x00000000e5e00000, 0x00000000e5e00000| Untracked 
|  95|0x00000000e5f00000, 0x00000000e5f00000, 0x00000000e6000000|  0%| F|  |TAMS 0x00000000e5f00000, 0x00000000e5f00000| Untracked 
|  96|0x00000000e6000000, 0x00000000e6000000, 0x00000000e6100000|  0%| F|  |TAMS 0x00000000e6000000, 0x00000000e6000000| Untracked 
|  97|0x00000000e6100000, 0x00000000e6100000, 0x00000000e6200000|  0%| F|  |TAMS 0x00000000e6100000, 0x00000000e6100000| Untracked 
|  98|0x00000000e6200000, 0x00000000e6200000, 0x00000000e6300000|  0%| F|  |TAMS 0x00000000e6200000, 0x00000000e6200000| Untracked 
|  99|0x00000000e6300000, 0x00000000e6300000, 0x00000000e6400000|  0%| F|  |TAMS 0x00000000e6300000, 0x00000000e6300000| Untracked 
| 100|0x00000000e6400000, 0x00000000e6400000, 0x00000000e6500000|  0%| F|  |TAMS 0x00000000e6400000, 0x00000000e6400000| Untracked 
| 101|0x00000000e6500000, 0x00000000e6500000, 0x00000000e6600000|  0%| F|  |TAMS 0x00000000e6500000, 0x00000000e6500000| Untracked 
| 102|0x00000000e6600000, 0x00000000e6600000, 0x00000000e6700000|  0%| F|  |TAMS 0x00000000e6600000, 0x00000000e6600000| Untracked 
| 103|0x00000000e6700000, 0x00000000e6700000, 0x00000000e6800000|  0%| F|  |TAMS 0x00000000e6700000, 0x00000000e6700000| Untracked 
| 104|0x00000000e6800000, 0x00000000e6900000, 0x00000000e6900000|100%| S|CS|TAMS 0x00000000e6800000, 0x00000000e6800000| Complete 
| 105|0x00000000e6900000, 0x00000000e6a00000, 0x00000000e6a00000|100%| S|CS|TAMS 0x00000000e6900000, 0x00000000e6900000| Complete 
| 106|0x00000000e6a00000, 0x00000000e6b00000, 0x00000000e6b00000|100%| S|CS|TAMS 0x00000000e6a00000, 0x00000000e6a00000| Complete 
| 107|0x00000000e6b00000, 0x00000000e6c00000, 0x00000000e6c00000|100%| S|CS|TAMS 0x00000000e6b00000, 0x00000000e6b00000| Complete 
| 108|0x00000000e6c00000, 0x00000000e6d00000, 0x00000000e6d00000|100%| S|CS|TAMS 0x00000000e6c00000, 0x00000000e6c00000| Complete 
| 109|0x00000000e6d00000, 0x00000000e6e00000, 0x00000000e6e00000|100%| S|CS|TAMS 0x00000000e6d00000, 0x00000000e6d00000| Complete 
| 110|0x00000000e6e00000, 0x00000000e6f00000, 0x00000000e6f00000|100%| S|CS|TAMS 0x00000000e6e00000, 0x00000000e6e00000| Complete 
| 111|0x00000000e6f00000, 0x00000000e7000000, 0x00000000e7000000|100%| S|CS|TAMS 0x00000000e6f00000, 0x00000000e6f00000| Complete 
| 112|0x00000000e7000000, 0x00000000e7100000, 0x00000000e7100000|100%| S|CS|TAMS 0x00000000e7000000, 0x00000000e7000000| Complete 
| 113|0x00000000e7100000, 0x00000000e7200000, 0x00000000e7200000|100%| S|CS|TAMS 0x00000000e7100000, 0x00000000e7100000| Complete 
| 114|0x00000000e7200000, 0x00000000e7300000, 0x00000000e7300000|100%| S|CS|TAMS 0x00000000e7200000, 0x00000000e7200000| Complete 
| 115|0x00000000e7300000, 0x00000000e7300000, 0x00000000e7400000|  0%| F|  |TAMS 0x00000000e7300000, 0x00000000e7300000| Untracked 
| 116|0x00000000e7400000, 0x00000000e7500000, 0x00000000e7500000|100%| S|CS|TAMS 0x00000000e7400000, 0x00000000e7400000| Complete 
| 117|0x00000000e7500000, 0x00000000e7500000, 0x00000000e7600000|  0%| F|  |TAMS 0x00000000e7500000, 0x00000000e7500000| Untracked 
| 118|0x00000000e7600000, 0x00000000e7600000, 0x00000000e7700000|  0%| F|  |TAMS 0x00000000e7600000, 0x00000000e7600000| Untracked 
| 119|0x00000000e7700000, 0x00000000e7700000, 0x00000000e7800000|  0%| F|  |TAMS 0x00000000e7700000, 0x00000000e7700000| Untracked 
| 120|0x00000000e7800000, 0x00000000e7800000, 0x00000000e7900000|  0%| F|  |TAMS 0x00000000e7800000, 0x00000000e7800000| Untracked 
| 121|0x00000000e7900000, 0x00000000e7900000, 0x00000000e7a00000|  0%| F|  |TAMS 0x00000000e7900000, 0x00000000e7900000| Untracked 
| 122|0x00000000e7a00000, 0x00000000e7a00000, 0x00000000e7b00000|  0%| F|  |TAMS 0x00000000e7a00000, 0x00000000e7a00000| Untracked 
| 123|0x00000000e7b00000, 0x00000000e7b00000, 0x00000000e7c00000|  0%| F|  |TAMS 0x00000000e7b00000, 0x00000000e7b00000| Untracked 
| 124|0x00000000e7c00000, 0x00000000e7c00000, 0x00000000e7d00000|  0%| F|  |TAMS 0x00000000e7c00000, 0x00000000e7c00000| Untracked 
| 125|0x00000000e7d00000, 0x00000000e7d00000, 0x00000000e7e00000|  0%| F|  |TAMS 0x00000000e7d00000, 0x00000000e7d00000| Untracked 
| 126|0x00000000e7e00000, 0x00000000e7e00000, 0x00000000e7f00000|  0%| F|  |TAMS 0x00000000e7e00000, 0x00000000e7e00000| Untracked 
| 127|0x00000000e7f00000, 0x00000000e7f00000, 0x00000000e8000000|  0%| F|  |TAMS 0x00000000e7f00000, 0x00000000e7f00000| Untracked 
| 128|0x00000000e8000000, 0x00000000e8000000, 0x00000000e8100000|  0%| F|  |TAMS 0x00000000e8000000, 0x00000000e8000000| Untracked 
| 129|0x00000000e8100000, 0x00000000e8100000, 0x00000000e8200000|  0%| F|  |TAMS 0x00000000e8100000, 0x00000000e8100000| Untracked 
| 130|0x00000000e8200000, 0x00000000e8200000, 0x00000000e8300000|  0%| F|  |TAMS 0x00000000e8200000, 0x00000000e8200000| Untracked 
| 131|0x00000000e8300000, 0x00000000e8300000, 0x00000000e8400000|  0%| F|  |TAMS 0x00000000e8300000, 0x00000000e8300000| Untracked 
| 132|0x00000000e8400000, 0x00000000e8400000, 0x00000000e8500000|  0%| F|  |TAMS 0x00000000e8400000, 0x00000000e8400000| Untracked 
| 133|0x00000000e8500000, 0x00000000e8500000, 0x00000000e8600000|  0%| F|  |TAMS 0x00000000e8500000, 0x00000000e8500000| Untracked 
| 134|0x00000000e8600000, 0x00000000e8600000, 0x00000000e8700000|  0%| F|  |TAMS 0x00000000e8600000, 0x00000000e8600000| Untracked 
| 135|0x00000000e8700000, 0x00000000e8700000, 0x00000000e8800000|  0%| F|  |TAMS 0x00000000e8700000, 0x00000000e8700000| Untracked 
| 136|0x00000000e8800000, 0x00000000e8800000, 0x00000000e8900000|  0%| F|  |TAMS 0x00000000e8800000, 0x00000000e8800000| Untracked 
| 137|0x00000000e8900000, 0x00000000e8900000, 0x00000000e8a00000|  0%| F|  |TAMS 0x00000000e8900000, 0x00000000e8900000| Untracked 
| 138|0x00000000e8a00000, 0x00000000e8a00000, 0x00000000e8b00000|  0%| F|  |TAMS 0x00000000e8a00000, 0x00000000e8a00000| Untracked 
| 139|0x00000000e8b00000, 0x00000000e8b00000, 0x00000000e8c00000|  0%| F|  |TAMS 0x00000000e8b00000, 0x00000000e8b00000| Untracked 
| 140|0x00000000e8c00000, 0x00000000e8c00000, 0x00000000e8d00000|  0%| F|  |TAMS 0x00000000e8c00000, 0x00000000e8c00000| Untracked 
| 141|0x00000000e8d00000, 0x00000000e8d00000, 0x00000000e8e00000|  0%| F|  |TAMS 0x00000000e8d00000, 0x00000000e8d00000| Untracked 
| 142|0x00000000e8e00000, 0x00000000e8e00000, 0x00000000e8f00000|  0%| F|  |TAMS 0x00000000e8e00000, 0x00000000e8e00000| Untracked 
| 143|0x00000000e8f00000, 0x00000000e8f00000, 0x00000000e9000000|  0%| F|  |TAMS 0x00000000e8f00000, 0x00000000e8f00000| Untracked 
| 144|0x00000000e9000000, 0x00000000e9000000, 0x00000000e9100000|  0%| F|  |TAMS 0x00000000e9000000, 0x00000000e9000000| Untracked 
| 145|0x00000000e9100000, 0x00000000e9100000, 0x00000000e9200000|  0%| F|  |TAMS 0x00000000e9100000, 0x00000000e9100000| Untracked 
| 146|0x00000000e9200000, 0x00000000e9200000, 0x00000000e9300000|  0%| F|  |TAMS 0x00000000e9200000, 0x00000000e9200000| Untracked 
| 147|0x00000000e9300000, 0x00000000e9300000, 0x00000000e9400000|  0%| F|  |TAMS 0x00000000e9300000, 0x00000000e9300000| Untracked 
| 148|0x00000000e9400000, 0x00000000e9400000, 0x00000000e9500000|  0%| F|  |TAMS 0x00000000e9400000, 0x00000000e9400000| Untracked 
| 149|0x00000000e9500000, 0x00000000e9500000, 0x00000000e9600000|  0%| F|  |TAMS 0x00000000e9500000, 0x00000000e9500000| Untracked 
| 150|0x00000000e9600000, 0x00000000e9600000, 0x00000000e9700000|  0%| F|  |TAMS 0x00000000e9600000, 0x00000000e9600000| Untracked 
| 151|0x00000000e9700000, 0x00000000e9700000, 0x00000000e9800000|  0%| F|  |TAMS 0x00000000e9700000, 0x00000000e9700000| Untracked 
| 152|0x00000000e9800000, 0x00000000e9800000, 0x00000000e9900000|  0%| F|  |TAMS 0x00000000e9800000, 0x00000000e9800000| Untracked 
| 153|0x00000000e9900000, 0x00000000e9900000, 0x00000000e9a00000|  0%| F|  |TAMS 0x00000000e9900000, 0x00000000e9900000| Untracked 
| 154|0x00000000e9a00000, 0x00000000e9a00000, 0x00000000e9b00000|  0%| F|  |TAMS 0x00000000e9a00000, 0x00000000e9a00000| Untracked 
| 155|0x00000000e9b00000, 0x00000000e9b00000, 0x00000000e9c00000|  0%| F|  |TAMS 0x00000000e9b00000, 0x00000000e9b00000| Untracked 
| 156|0x00000000e9c00000, 0x00000000e9c00000, 0x00000000e9d00000|  0%| F|  |TAMS 0x00000000e9c00000, 0x00000000e9c00000| Untracked 
| 157|0x00000000e9d00000, 0x00000000e9d00000, 0x00000000e9e00000|  0%| F|  |TAMS 0x00000000e9d00000, 0x00000000e9d00000| Untracked 
| 158|0x00000000e9e00000, 0x00000000e9e00000, 0x00000000e9f00000|  0%| F|  |TAMS 0x00000000e9e00000, 0x00000000e9e00000| Untracked 
| 159|0x00000000e9f00000, 0x00000000e9f00000, 0x00000000ea000000|  0%| F|  |TAMS 0x00000000e9f00000, 0x00000000e9f00000| Untracked 
| 160|0x00000000ea000000, 0x00000000ea000000, 0x00000000ea100000|  0%| F|  |TAMS 0x00000000ea000000, 0x00000000ea000000| Untracked 
| 161|0x00000000ea100000, 0x00000000ea100000, 0x00000000ea200000|  0%| F|  |TAMS 0x00000000ea100000, 0x00000000ea100000| Untracked 
| 162|0x00000000ea200000, 0x00000000ea200000, 0x00000000ea300000|  0%| F|  |TAMS 0x00000000ea200000, 0x00000000ea200000| Untracked 
| 163|0x00000000ea300000, 0x00000000ea300000, 0x00000000ea400000|  0%| F|  |TAMS 0x00000000ea300000, 0x00000000ea300000| Untracked 
| 164|0x00000000ea400000, 0x00000000ea400000, 0x00000000ea500000|  0%| F|  |TAMS 0x00000000ea400000, 0x00000000ea400000| Untracked 
| 165|0x00000000ea500000, 0x00000000ea500000, 0x00000000ea600000|  0%| F|  |TAMS 0x00000000ea500000, 0x00000000ea500000| Untracked 
| 166|0x00000000ea600000, 0x00000000ea600000, 0x00000000ea700000|  0%| F|  |TAMS 0x00000000ea600000, 0x00000000ea600000| Untracked 
| 167|0x00000000ea700000, 0x00000000ea700000, 0x00000000ea800000|  0%| F|  |TAMS 0x00000000ea700000, 0x00000000ea700000| Untracked 
| 168|0x00000000ea800000, 0x00000000ea800000, 0x00000000ea900000|  0%| F|  |TAMS 0x00000000ea800000, 0x00000000ea800000| Untracked 
| 169|0x00000000ea900000, 0x00000000ea900000, 0x00000000eaa00000|  0%| F|  |TAMS 0x00000000ea900000, 0x00000000ea900000| Untracked 
| 170|0x00000000eaa00000, 0x00000000eaa00000, 0x00000000eab00000|  0%| F|  |TAMS 0x00000000eaa00000, 0x00000000eaa00000| Untracked 
| 171|0x00000000eab00000, 0x00000000eab00000, 0x00000000eac00000|  0%| F|  |TAMS 0x00000000eab00000, 0x00000000eab00000| Untracked 
| 172|0x00000000eac00000, 0x00000000eac00000, 0x00000000ead00000|  0%| F|  |TAMS 0x00000000eac00000, 0x00000000eac00000| Untracked 
| 173|0x00000000ead00000, 0x00000000ead00000, 0x00000000eae00000|  0%| F|  |TAMS 0x00000000ead00000, 0x00000000ead00000| Untracked 
| 174|0x00000000eae00000, 0x00000000eae00000, 0x00000000eaf00000|  0%| F|  |TAMS 0x00000000eae00000, 0x00000000eae00000| Untracked 
| 175|0x00000000eaf00000, 0x00000000eaf00000, 0x00000000eb000000|  0%| F|  |TAMS 0x00000000eaf00000, 0x00000000eaf00000| Untracked 
| 176|0x00000000eb000000, 0x00000000eb000000, 0x00000000eb100000|  0%| F|  |TAMS 0x00000000eb000000, 0x00000000eb000000| Untracked 
| 177|0x00000000eb100000, 0x00000000eb100000, 0x00000000eb200000|  0%| F|  |TAMS 0x00000000eb100000, 0x00000000eb100000| Untracked 
| 178|0x00000000eb200000, 0x00000000eb200000, 0x00000000eb300000|  0%| F|  |TAMS 0x00000000eb200000, 0x00000000eb200000| Untracked 
| 179|0x00000000eb300000, 0x00000000eb300000, 0x00000000eb400000|  0%| F|  |TAMS 0x00000000eb300000, 0x00000000eb300000| Untracked 
| 180|0x00000000eb400000, 0x00000000eb400000, 0x00000000eb500000|  0%| F|  |TAMS 0x00000000eb400000, 0x00000000eb400000| Untracked 
| 181|0x00000000eb500000, 0x00000000eb500000, 0x00000000eb600000|  0%| F|  |TAMS 0x00000000eb500000, 0x00000000eb500000| Untracked 
| 182|0x00000000eb600000, 0x00000000eb600000, 0x00000000eb700000|  0%| F|  |TAMS 0x00000000eb600000, 0x00000000eb600000| Untracked 
| 183|0x00000000eb700000, 0x00000000eb700000, 0x00000000eb800000|  0%| F|  |TAMS 0x00000000eb700000, 0x00000000eb700000| Untracked 
| 184|0x00000000eb800000, 0x00000000eb800000, 0x00000000eb900000|  0%| F|  |TAMS 0x00000000eb800000, 0x00000000eb800000| Untracked 
| 185|0x00000000eb900000, 0x00000000eb900000, 0x00000000eba00000|  0%| F|  |TAMS 0x00000000eb900000, 0x00000000eb900000| Untracked 
| 186|0x00000000eba00000, 0x00000000eba00000, 0x00000000ebb00000|  0%| F|  |TAMS 0x00000000eba00000, 0x00000000eba00000| Untracked 
| 187|0x00000000ebb00000, 0x00000000ebb00000, 0x00000000ebc00000|  0%| F|  |TAMS 0x00000000ebb00000, 0x00000000ebb00000| Untracked 
| 188|0x00000000ebc00000, 0x00000000ebc00000, 0x00000000ebd00000|  0%| F|  |TAMS 0x00000000ebc00000, 0x00000000ebc00000| Untracked 
| 189|0x00000000ebd00000, 0x00000000ebd00000, 0x00000000ebe00000|  0%| F|  |TAMS 0x00000000ebd00000, 0x00000000ebd00000| Untracked 
| 190|0x00000000ebe00000, 0x00000000ebe00000, 0x00000000ebf00000|  0%| F|  |TAMS 0x00000000ebe00000, 0x00000000ebe00000| Untracked 
| 191|0x00000000ebf00000, 0x00000000ebf00000, 0x00000000ec000000|  0%| F|  |TAMS 0x00000000ebf00000, 0x00000000ebf00000| Untracked 
| 192|0x00000000ec000000, 0x00000000ec000000, 0x00000000ec100000|  0%| F|  |TAMS 0x00000000ec000000, 0x00000000ec000000| Untracked 
| 193|0x00000000ec100000, 0x00000000ec100000, 0x00000000ec200000|  0%| F|  |TAMS 0x00000000ec100000, 0x00000000ec100000| Untracked 
| 194|0x00000000ec200000, 0x00000000ec200000, 0x00000000ec300000|  0%| F|  |TAMS 0x00000000ec200000, 0x00000000ec200000| Untracked 
| 195|0x00000000ec300000, 0x00000000ec300000, 0x00000000ec400000|  0%| F|  |TAMS 0x00000000ec300000, 0x00000000ec300000| Untracked 
| 196|0x00000000ec400000, 0x00000000ec400000, 0x00000000ec500000|  0%| F|  |TAMS 0x00000000ec400000, 0x00000000ec400000| Untracked 
| 197|0x00000000ec500000, 0x00000000ec500000, 0x00000000ec600000|  0%| F|  |TAMS 0x00000000ec500000, 0x00000000ec500000| Untracked 
| 198|0x00000000ec600000, 0x00000000ec600000, 0x00000000ec700000|  0%| F|  |TAMS 0x00000000ec600000, 0x00000000ec600000| Untracked 
| 199|0x00000000ec700000, 0x00000000ec700000, 0x00000000ec800000|  0%| F|  |TAMS 0x00000000ec700000, 0x00000000ec700000| Untracked 
| 200|0x00000000ec800000, 0x00000000ec800000, 0x00000000ec900000|  0%| F|  |TAMS 0x00000000ec800000, 0x00000000ec800000| Untracked 
| 201|0x00000000ec900000, 0x00000000ec900000, 0x00000000eca00000|  0%| F|  |TAMS 0x00000000ec900000, 0x00000000ec900000| Untracked 
| 202|0x00000000eca00000, 0x00000000eca00000, 0x00000000ecb00000|  0%| F|  |TAMS 0x00000000eca00000, 0x00000000eca00000| Untracked 
| 203|0x00000000ecb00000, 0x00000000ecb00000, 0x00000000ecc00000|  0%| F|  |TAMS 0x00000000ecb00000, 0x00000000ecb00000| Untracked 
| 204|0x00000000ecc00000, 0x00000000ecc00000, 0x00000000ecd00000|  0%| F|  |TAMS 0x00000000ecc00000, 0x00000000ecc00000| Untracked 
| 205|0x00000000ecd00000, 0x00000000ecd00000, 0x00000000ece00000|  0%| F|  |TAMS 0x00000000ecd00000, 0x00000000ecd00000| Untracked 
| 206|0x00000000ece00000, 0x00000000eceb1368, 0x00000000ecf00000| 69%| E|  |TAMS 0x00000000ece00000, 0x00000000ece00000| Complete 
| 207|0x00000000ecf00000, 0x00000000ed000000, 0x00000000ed000000|100%| E|CS|TAMS 0x00000000ecf00000, 0x00000000ecf00000| Complete 
| 208|0x00000000ed000000, 0x00000000ed100000, 0x00000000ed100000|100%| E|CS|TAMS 0x00000000ed000000, 0x00000000ed000000| Complete 
| 209|0x00000000ed100000, 0x00000000ed200000, 0x00000000ed200000|100%| E|CS|TAMS 0x00000000ed100000, 0x00000000ed100000| Complete 
| 210|0x00000000ed200000, 0x00000000ed300000, 0x00000000ed300000|100%| E|CS|TAMS 0x00000000ed200000, 0x00000000ed200000| Complete 
| 211|0x00000000ed300000, 0x00000000ed400000, 0x00000000ed400000|100%| E|CS|TAMS 0x00000000ed300000, 0x00000000ed300000| Complete 
| 212|0x00000000ed400000, 0x00000000ed500000, 0x00000000ed500000|100%| E|CS|TAMS 0x00000000ed400000, 0x00000000ed400000| Complete 
| 213|0x00000000ed500000, 0x00000000ed600000, 0x00000000ed600000|100%| E|CS|TAMS 0x00000000ed500000, 0x00000000ed500000| Complete 
| 214|0x00000000ed600000, 0x00000000ed700000, 0x00000000ed700000|100%| E|CS|TAMS 0x00000000ed600000, 0x00000000ed600000| Complete 
| 215|0x00000000ed700000, 0x00000000ed800000, 0x00000000ed800000|100%| E|CS|TAMS 0x00000000ed700000, 0x00000000ed700000| Complete 
| 216|0x00000000ed800000, 0x00000000ed900000, 0x00000000ed900000|100%| E|CS|TAMS 0x00000000ed800000, 0x00000000ed800000| Complete 
| 217|0x00000000ed900000, 0x00000000eda00000, 0x00000000eda00000|100%| E|CS|TAMS 0x00000000ed900000, 0x00000000ed900000| Complete 
| 218|0x00000000eda00000, 0x00000000edb00000, 0x00000000edb00000|100%| E|CS|TAMS 0x00000000eda00000, 0x00000000eda00000| Complete 
| 219|0x00000000edb00000, 0x00000000edc00000, 0x00000000edc00000|100%| E|CS|TAMS 0x00000000edb00000, 0x00000000edb00000| Complete 
| 220|0x00000000edc00000, 0x00000000edd00000, 0x00000000edd00000|100%| E|CS|TAMS 0x00000000edc00000, 0x00000000edc00000| Complete 
| 221|0x00000000edd00000, 0x00000000ede00000, 0x00000000ede00000|100%| E|CS|TAMS 0x00000000edd00000, 0x00000000edd00000| Complete 
| 222|0x00000000ede00000, 0x00000000edf00000, 0x00000000edf00000|100%| E|CS|TAMS 0x00000000ede00000, 0x00000000ede00000| Complete 
| 223|0x00000000edf00000, 0x00000000ee000000, 0x00000000ee000000|100%| E|CS|TAMS 0x00000000edf00000, 0x00000000edf00000| Complete 
| 224|0x00000000ee000000, 0x00000000ee100000, 0x00000000ee100000|100%| E|CS|TAMS 0x00000000ee000000, 0x00000000ee000000| Complete 
| 225|0x00000000ee100000, 0x00000000ee200000, 0x00000000ee200000|100%| E|CS|TAMS 0x00000000ee100000, 0x00000000ee100000| Complete 
| 226|0x00000000ee200000, 0x00000000ee300000, 0x00000000ee300000|100%| E|CS|TAMS 0x00000000ee200000, 0x00000000ee200000| Complete 
| 227|0x00000000ee300000, 0x00000000ee400000, 0x00000000ee400000|100%| E|CS|TAMS 0x00000000ee300000, 0x00000000ee300000| Complete 
| 228|0x00000000ee400000, 0x00000000ee500000, 0x00000000ee500000|100%| E|CS|TAMS 0x00000000ee400000, 0x00000000ee400000| Complete 
| 229|0x00000000ee500000, 0x00000000ee600000, 0x00000000ee600000|100%| E|CS|TAMS 0x00000000ee500000, 0x00000000ee500000| Complete 
| 230|0x00000000ee600000, 0x00000000ee700000, 0x00000000ee700000|100%| E|CS|TAMS 0x00000000ee600000, 0x00000000ee600000| Complete 
| 231|0x00000000ee700000, 0x00000000ee800000, 0x00000000ee800000|100%| E|CS|TAMS 0x00000000ee700000, 0x00000000ee700000| Complete 
| 232|0x00000000ee800000, 0x00000000ee900000, 0x00000000ee900000|100%| E|CS|TAMS 0x00000000ee800000, 0x00000000ee800000| Complete 
| 233|0x00000000ee900000, 0x00000000eea00000, 0x00000000eea00000|100%| E|CS|TAMS 0x00000000ee900000, 0x00000000ee900000| Complete 
| 234|0x00000000eea00000, 0x00000000eeb00000, 0x00000000eeb00000|100%| E|CS|TAMS 0x00000000eea00000, 0x00000000eea00000| Complete 
| 235|0x00000000eeb00000, 0x00000000eec00000, 0x00000000eec00000|100%| E|CS|TAMS 0x00000000eeb00000, 0x00000000eeb00000| Complete 
| 236|0x00000000eec00000, 0x00000000eed00000, 0x00000000eed00000|100%| E|CS|TAMS 0x00000000eec00000, 0x00000000eec00000| Complete 
| 237|0x00000000eed00000, 0x00000000eee00000, 0x00000000eee00000|100%| E|CS|TAMS 0x00000000eed00000, 0x00000000eed00000| Complete 
| 238|0x00000000eee00000, 0x00000000eef00000, 0x00000000eef00000|100%| E|CS|TAMS 0x00000000eee00000, 0x00000000eee00000| Complete 
| 239|0x00000000eef00000, 0x00000000ef000000, 0x00000000ef000000|100%| E|CS|TAMS 0x00000000eef00000, 0x00000000eef00000| Complete 
| 240|0x00000000ef000000, 0x00000000ef100000, 0x00000000ef100000|100%| E|CS|TAMS 0x00000000ef000000, 0x00000000ef000000| Complete 
| 241|0x00000000ef100000, 0x00000000ef200000, 0x00000000ef200000|100%| E|CS|TAMS 0x00000000ef100000, 0x00000000ef100000| Complete 
| 242|0x00000000ef200000, 0x00000000ef300000, 0x00000000ef300000|100%| E|CS|TAMS 0x00000000ef200000, 0x00000000ef200000| Complete 
| 243|0x00000000ef300000, 0x00000000ef400000, 0x00000000ef400000|100%| E|CS|TAMS 0x00000000ef300000, 0x00000000ef300000| Complete 
| 244|0x00000000ef400000, 0x00000000ef500000, 0x00000000ef500000|100%| E|CS|TAMS 0x00000000ef400000, 0x00000000ef400000| Complete 
| 245|0x00000000ef500000, 0x00000000ef600000, 0x00000000ef600000|100%| E|CS|TAMS 0x00000000ef500000, 0x00000000ef500000| Complete 
| 246|0x00000000ef600000, 0x00000000ef700000, 0x00000000ef700000|100%| E|CS|TAMS 0x00000000ef600000, 0x00000000ef600000| Complete 
| 247|0x00000000ef700000, 0x00000000ef800000, 0x00000000ef800000|100%| E|CS|TAMS 0x00000000ef700000, 0x00000000ef700000| Complete 
| 248|0x00000000ef800000, 0x00000000ef900000, 0x00000000ef900000|100%| E|CS|TAMS 0x00000000ef800000, 0x00000000ef800000| Complete 
| 249|0x00000000ef900000, 0x00000000efa00000, 0x00000000efa00000|100%| E|CS|TAMS 0x00000000ef900000, 0x00000000ef900000| Complete 
| 250|0x00000000efa00000, 0x00000000efb00000, 0x00000000efb00000|100%| E|CS|TAMS 0x00000000efa00000, 0x00000000efa00000| Complete 
| 251|0x00000000efb00000, 0x00000000efc00000, 0x00000000efc00000|100%| E|CS|TAMS 0x00000000efb00000, 0x00000000efb00000| Complete 
| 252|0x00000000efc00000, 0x00000000efd00000, 0x00000000efd00000|100%| E|CS|TAMS 0x00000000efc00000, 0x00000000efc00000| Complete 
| 253|0x00000000efd00000, 0x00000000efe00000, 0x00000000efe00000|100%| E|CS|TAMS 0x00000000efd00000, 0x00000000efd00000| Complete 
| 254|0x00000000efe00000, 0x00000000eff00000, 0x00000000eff00000|100%| E|CS|TAMS 0x00000000efe00000, 0x00000000efe00000| Complete 
| 255|0x00000000eff00000, 0x00000000f0000000, 0x00000000f0000000|100%| E|CS|TAMS 0x00000000eff00000, 0x00000000eff00000| Complete 

Card table byte_map: [0x000001ee5f880000,0x000001ee5f980000] _byte_map_base: 0x000001ee5f180000

Marking Bits (Prev, Next): (CMBitMap*) 0x000001ee48b71c28, (CMBitMap*) 0x000001ee48b71c60
 Prev Bits: [0x000001ee5fa80000, 0x000001ee60280000)
 Next Bits: [0x000001ee60280000, 0x000001ee60a80000)

Polling page: 0x000001ee46aa0000

Metaspace:

Usage:
  Non-class:     49.82 MB capacity,    49.25 MB ( 99%) used,   483.11 KB ( <1%) free+waste,   101.88 KB ( <1%) overhead. 
      Class:      7.50 MB capacity,     7.19 MB ( 96%) used,   266.09 KB (  3%) free+waste,    46.81 KB ( <1%) overhead. 
       Both:     57.32 MB capacity,    56.44 MB ( 98%) used,   749.20 KB (  1%) free+waste,   148.69 KB ( <1%) overhead. 

Virtual space:
  Non-class space:       50.00 MB reserved,      50.00 MB (100%) committed 
      Class space:      248.00 MB reserved,       7.50 MB (  3%) committed 
             Both:      298.00 MB reserved,      57.50 MB ( 19%) committed 

Chunk freelists:
   Non-Class:  7.38 KB
       Class:  128 bytes
        Both:  7.50 KB

CodeHeap 'non-profiled nmethods': size=120000Kb used=2806Kb max_used=2806Kb free=117193Kb
 bounds [0x000001ee57cf0000, 0x000001ee57fb0000, 0x000001ee5f220000]
CodeHeap 'profiled nmethods': size=120000Kb used=12393Kb max_used=12393Kb free=107606Kb
 bounds [0x000001ee507c0000, 0x000001ee513e0000, 0x000001ee57cf0000]
CodeHeap 'non-nmethods': size=5760Kb used=2246Kb max_used=2308Kb free=3513Kb
 bounds [0x000001ee50220000, 0x000001ee50490000, 0x000001ee507c0000]
 total_blobs=6853 nmethods=6019 adapters=745
 compilation: enabled
              stopped_count=0, restarted_count=0
 full_count=0

Compilation events (10 events):
Event: 19.867 Thread 0x000001ee63f8d800 6205       3       com.google.common.io.ByteStreams::toByteArrayInternal (119 bytes)
Event: 19.868 Thread 0x000001ee63f8d800 nmethod 6205 0x000001ee513d9590 code [0x000001ee513d97c0, 0x000001ee513da138]
Event: 19.967 Thread 0x000001ee63f8c000 nmethod 6166 0x000001ee57f96510 code [0x000001ee57f96e00, 0x000001ee57fa34d0]
Event: 19.969 Thread 0x000001ee63f8c000 6184       4       java.util.Arrays::fill (21 bytes)
Event: 19.971 Thread 0x000001ee63f8c000 nmethod 6184 0x000001ee57fac390 code [0x000001ee57fac500, 0x000001ee57fac618]
Event: 19.971 Thread 0x000001ee63f8c000 5742       4       org.objectweb.asm.ClassReader::getFirstAttributeOffset (136 bytes)
Event: 19.977 Thread 0x000001ee63f8c000 nmethod 5742 0x000001ee57fac710 code [0x000001ee57fac8a0, 0x000001ee57facd38]
Event: 19.977 Thread 0x000001ee63f8c000 6081       4       com.esotericsoftware.kryo.io.Output::writeString (125 bytes)
Event: 19.981 Thread 0x000001ee63f8c000 nmethod 6081 0x000001ee57fad190 code [0x000001ee57fad360, 0x000001ee57fad680]
Event: 19.981 Thread 0x000001ee63f8c000 6193       4       org.objectweb.asm.ClassReader::accept (1251 bytes)

GC Heap History (10 events):
Event: 14.738 GC heap before
{Heap before GC invocations=6 (full 0):
 garbage-first heap   total 262144K, used 129300K [0x00000000e0000000, 0x0000000100000000)
  region size 1024K, 111 young (113664K), 6 survivors (6144K)
 Metaspace       used 45479K, capacity 46234K, committed 46336K, reserved 294912K
  class space    used 5851K, capacity 6138K, committed 6144K, reserved 253952K
}
Event: 14.747 GC heap after
{Heap after GC invocations=7 (full 0):
 garbage-first heap   total 262144K, used 27499K [0x00000000e0000000, 0x0000000100000000)
  region size 1024K, 12 young (12288K), 12 survivors (12288K)
 Metaspace       used 45479K, capacity 46234K, committed 46336K, reserved 294912K
  class space    used 5851K, capacity 6138K, committed 6144K, reserved 253952K
}
Event: 16.127 GC heap before
{Heap before GC invocations=7 (full 0):
 garbage-first heap   total 262144K, used 170859K [0x00000000e0000000, 0x0000000100000000)
  region size 1024K, 153 young (156672K), 12 survivors (12288K)
 Metaspace       used 48629K, capacity 49387K, committed 49664K, reserved 296960K
  class space    used 6306K, capacity 6615K, committed 6656K, reserved 253952K
}
Event: 16.136 GC heap after
{Heap after GC invocations=8 (full 0):
 garbage-first heap   total 262144K, used 31909K [0x00000000e0000000, 0x0000000100000000)
  region size 1024K, 12 young (12288K), 12 survivors (12288K)
 Metaspace       used 48629K, capacity 49387K, committed 49664K, reserved 296960K
  class space    used 6306K, capacity 6615K, committed 6656K, reserved 253952K
}
Event: 17.422 GC heap before
{Heap before GC invocations=8 (full 0):
 garbage-first heap   total 262144K, used 176293K [0x00000000e0000000, 0x0000000100000000)
  region size 1024K, 153 young (156672K), 12 survivors (12288K)
 Metaspace       used 55655K, capacity 56493K, committed 56704K, reserved 303104K
  class space    used 7186K, capacity 7545K, committed 7552K, reserved 253952K
}
Event: 17.432 GC heap after
{Heap after GC invocations=9 (full 0):
 garbage-first heap   total 262144K, used 34297K [0x00000000e0000000, 0x0000000100000000)
  region size 1024K, 13 young (13312K), 13 survivors (13312K)
 Metaspace       used 55655K, capacity 56493K, committed 56704K, reserved 303104K
  class space    used 7186K, capacity 7545K, committed 7552K, reserved 253952K
}
Event: 18.711 GC heap before
{Heap before GC invocations=9 (full 0):
 garbage-first heap   total 262144K, used 176633K [0x00000000e0000000, 0x0000000100000000)
  region size 1024K, 153 young (156672K), 13 survivors (13312K)
 Metaspace       used 57771K, capacity 58692K, committed 58880K, reserved 305152K
  class space    used 7364K, capacity 7679K, committed 7680K, reserved 253952K
}
Event: 18.724 GC heap after
{Heap after GC invocations=10 (full 0):
 garbage-first heap   total 262144K, used 41514K [0x00000000e0000000, 0x0000000100000000)
  region size 1024K, 14 young (14336K), 14 survivors (14336K)
 Metaspace       used 57771K, capacity 58692K, committed 58880K, reserved 305152K
  class space    used 7364K, capacity 7679K, committed 7680K, reserved 253952K
}
Event: 19.765 GC heap before
{Heap before GC invocations=10 (full 0):
 garbage-first heap   total 262144K, used 182826K [0x00000000e0000000, 0x0000000100000000)
  region size 1024K, 153 young (156672K), 14 survivors (14336K)
 Metaspace       used 57793K, capacity 58692K, committed 58880K, reserved 305152K
  class space    used 7366K, capacity 7679K, committed 7680K, reserved 253952K
}
Event: 19.774 GC heap after
{Heap after GC invocations=11 (full 0):
 garbage-first heap   total 262144K, used 42883K [0x00000000e0000000, 0x0000000100000000)
  region size 1024K, 12 young (12288K), 12 survivors (12288K)
 Metaspace       used 57793K, capacity 58692K, committed 58880K, reserved 305152K
  class space    used 7366K, capacity 7679K, committed 7680K, reserved 253952K
}

Deoptimization events (10 events):
Event: 18.825 Thread 0x000001ee68566800 Uncommon trap: reason=bimorphic_or_optimized_type_check action=maybe_recompile pc=0x000001ee57f81840 method=java.util.zip.InflaterInputStream.read([BII)I @ 100 c2
Event: 18.826 Thread 0x000001ee6855c800 Uncommon trap: reason=bimorphic_or_optimized_type_check action=maybe_recompile pc=0x000001ee57f81840 method=java.util.zip.InflaterInputStream.read([BII)I @ 100 c2
Event: 18.826 Thread 0x000001ee68565800 Uncommon trap: reason=bimorphic_or_optimized_type_check action=maybe_recompile pc=0x000001ee57f81840 method=java.util.zip.InflaterInputStream.read([BII)I @ 100 c2
Event: 18.826 Thread 0x000001ee68566800 Uncommon trap: reason=bimorphic_or_optimized_type_check action=maybe_recompile pc=0x000001ee57f81840 method=java.util.zip.InflaterInputStream.read([BII)I @ 100 c2
Event: 18.867 Thread 0x000001ee68561000 Uncommon trap: reason=class_check action=maybe_recompile pc=0x000001ee57f74e8c method=org.objectweb.asm.ClassReader.readCode(Lorg/objectweb/asm/MethodVisitor;Lorg/objectweb/asm/Context;I)V @ 4318 c2
Event: 18.880 Thread 0x000001ee68560000 Uncommon trap: reason=class_check action=maybe_recompile pc=0x000001ee57f74e8c method=org.objectweb.asm.ClassReader.readCode(Lorg/objectweb/asm/MethodVisitor;Lorg/objectweb/asm/Context;I)V @ 4318 c2
Event: 18.886 Thread 0x000001ee68560000 Uncommon trap: reason=class_check action=maybe_recompile pc=0x000001ee57f74e8c method=org.objectweb.asm.ClassReader.readCode(Lorg/objectweb/asm/MethodVisitor;Lorg/objectweb/asm/Context;I)V @ 4318 c2
Event: 18.914 Thread 0x000001ee68561000 Uncommon trap: reason=class_check action=maybe_recompile pc=0x000001ee57f75724 method=org.objectweb.asm.ClassReader.readCode(Lorg/objectweb/asm/MethodVisitor;Lorg/objectweb/asm/Context;I)V @ 3587 c2
Event: 18.932 Thread 0x000001ee6855c800 Uncommon trap: reason=class_check action=maybe_recompile pc=0x000001ee57f754a4 method=org.objectweb.asm.ClassReader.readCode(Lorg/objectweb/asm/MethodVisitor;Lorg/objectweb/asm/Context;I)V @ 4400 c2
Event: 18.932 Thread 0x000001ee6855c800 Uncommon trap: reason=class_check action=maybe_recompile pc=0x000001ee57f754a4 method=org.objectweb.asm.ClassReader.readCode(Lorg/objectweb/asm/MethodVisitor;Lorg/objectweb/asm/Context;I)V @ 4400 c2

Classes redefined (0 events):
No events

Internal exceptions (10 events):
Event: 17.195 Thread 0x000001ee66886000 Exception <a 'java/lang/NoSuchMethodError'{0x00000000e7c839e8}: java.lang.invoke.Invokers$Holder.linkToTargetMethod(Ljava/lang/Object;Ljava/lang/Object;Ljava/lang/Object;Ljava/lang/Object;Ljava/lang/Object;Ljava/lang/Object;)Ljava/lang/Object;> (0x0000000
Event: 17.277 Thread 0x000001ee66886000 Exception <a 'sun/nio/fs/WindowsException'{0x00000000e7b55988}> (0x00000000e7b55988) thrown at [./open/src/hotspot/share/prims/jni.cpp, line 611]
Event: 17.277 Thread 0x000001ee66886000 Exception <a 'sun/nio/fs/WindowsException'{0x00000000e7b55bb8}> (0x00000000e7b55bb8) thrown at [./open/src/hotspot/share/prims/jni.cpp, line 611]
Event: 17.452 Thread 0x000001ee66886000 Exception <a 'java/lang/NoSuchMethodError'{0x00000000efe2e018}: java.lang.invoke.DirectMethodHandle$Holder.invokeSpecial(Ljava/lang/Object;Ljava/lang/Object;Ljava/lang/Object;Ljava/lang/Object;Ljava/lang/Object;)I> (0x00000000efe2e018) thrown at [./open/s
Event: 17.521 Thread 0x000001ee66886000 Exception <a 'java/lang/NoSuchMethodError'{0x00000000ef6a6c70}: java.lang.invoke.DirectMethodHandle$Holder.invokeSpecial(Ljava/lang/Object;Ljava/lang/Object;Ljava/lang/Object;Ljava/lang/Object;Ljava/lang/Object;Ljava/lang/Object;)V> (0x00000000ef6a6c70) t
Event: 17.622 Thread 0x000001ee66886000 Exception <a 'sun/nio/fs/WindowsException'{0x00000000eed6f1a8}> (0x00000000eed6f1a8) thrown at [./open/src/hotspot/share/prims/jni.cpp, line 611]
Event: 17.622 Thread 0x000001ee66886000 Exception <a 'sun/nio/fs/WindowsException'{0x00000000eed6fbe0}> (0x00000000eed6fbe0) thrown at [./open/src/hotspot/share/prims/jni.cpp, line 611]
Event: 17.622 Thread 0x000001ee66886000 Exception <a 'sun/nio/fs/WindowsException'{0x00000000eed70b38}> (0x00000000eed70b38) thrown at [./open/src/hotspot/share/prims/jni.cpp, line 611]
Event: 17.628 Thread 0x000001ee66886000 Exception <a 'sun/nio/fs/WindowsException'{0x00000000eed79e08}> (0x00000000eed79e08) thrown at [./open/src/hotspot/share/prims/jni.cpp, line 611]
Event: 17.655 Thread 0x000001ee66886000 Exception <a 'sun/nio/fs/WindowsException'{0x00000000eec357c0}> (0x00000000eec357c0) thrown at [./open/src/hotspot/share/prims/jni.cpp, line 611]

Events (10 events):
Event: 20.058 Thread 0x000001ee6855c000 DEOPT PACKING pc=0x000001ee510959ae sp=0x0000005d047fdce0
Event: 20.058 Thread 0x000001ee6855c000 DEOPT UNPACKING pc=0x000001ee50246d5e sp=0x0000005d047fd200 mode 0
Event: 20.085 Thread 0x000001ee6855c000 DEOPT PACKING pc=0x000001ee510959ae sp=0x0000005d047fdce0
Event: 20.085 Thread 0x000001ee6855c000 DEOPT UNPACKING pc=0x000001ee50246d5e sp=0x0000005d047fd200 mode 0
Event: 20.113 Thread 0x000001ee68561800 DEOPT PACKING pc=0x000001ee510959ae sp=0x0000005d044fe2c0
Event: 20.113 Thread 0x000001ee68561800 DEOPT UNPACKING pc=0x000001ee50246d5e sp=0x0000005d044fd7e0 mode 0
Event: 20.138 Thread 0x000001ee68561800 DEOPT PACKING pc=0x000001ee510959ae sp=0x0000005d044fe2c0
Event: 20.138 Thread 0x000001ee68561800 DEOPT UNPACKING pc=0x000001ee50246d5e sp=0x0000005d044fd7e0 mode 0
Event: 20.161 Thread 0x000001ee68561800 DEOPT PACKING pc=0x000001ee510959ae sp=0x0000005d044fe2c0
Event: 20.161 Thread 0x000001ee68561800 DEOPT UNPACKING pc=0x000001ee50246d5e sp=0x0000005d044fd7e0 mode 0


Dynamic libraries:
0x00007ff611be0000 - 0x00007ff611bf0000 	C:\Program Files\Java\jdk-11\bin\java.exe
0x00007ff990550000 - 0x00007ff990764000 	C:\WINDOWS\SYSTEM32\ntdll.dll
0x00007ff98ed40000 - 0x00007ff98ee02000 	C:\WINDOWS\System32\KERNEL32.DLL
0x00007ff98dc00000 - 0x00007ff98dfa3000 	C:\WINDOWS\System32\KERNELBASE.dll
0x00007ff98e150000 - 0x00007ff98e261000 	C:\WINDOWS\System32\ucrtbase.dll
0x00007ff96f450000 - 0x00007ff96f469000 	C:\Program Files\Java\jdk-11\bin\jli.dll
0x00007ff98fcd0000 - 0x00007ff98fd7e000 	C:\WINDOWS\System32\ADVAPI32.dll
0x00007ff979f60000 - 0x00007ff979f7b000 	C:\Program Files\Java\jdk-11\bin\VCRUNTIME140.dll
0x00007ff98fd80000 - 0x00007ff98fe27000 	C:\WINDOWS\System32\msvcrt.dll
0x00007ff98f000000 - 0x00007ff98f0a4000 	C:\WINDOWS\System32\sechost.dll
0x00007ff98f4e0000 - 0x00007ff98f5f7000 	C:\WINDOWS\System32\RPCRT4.dll
0x00007ff98f0e0000 - 0x00007ff98f28a000 	C:\WINDOWS\System32\USER32.dll
0x00007ff98dfb0000 - 0x00007ff98dfd6000 	C:\WINDOWS\System32\win32u.dll
0x00007ff964f90000 - 0x00007ff96521e000 	C:\WINDOWS\WinSxS\amd64_microsoft.windows.common-controls_6595b64144ccf1df_6.0.22621.1635_none_270f70857386168e\COMCTL32.dll
0x00007ff98fc90000 - 0x00007ff98fcb9000 	C:\WINDOWS\System32\GDI32.dll
0x00007ff98d9d0000 - 0x00007ff98dae9000 	C:\WINDOWS\System32\gdi32full.dll
0x00007ff98db60000 - 0x00007ff98dbfa000 	C:\WINDOWS\System32\msvcp_win.dll
0x00007ff986a40000 - 0x00007ff986a4a000 	C:\WINDOWS\SYSTEM32\VERSION.dll
0x00007ff98eb90000 - 0x00007ff98ebc1000 	C:\WINDOWS\System32\IMM32.DLL
0x00007ff987bf0000 - 0x00007ff987bfc000 	C:\Program Files\Java\jdk-11\bin\vcruntime140_1.dll
0x00007ff959bc0000 - 0x00007ff959c4e000 	C:\Program Files\Java\jdk-11\bin\msvcp140.dll
0x00007ff8f7260000 - 0x00007ff8f7dcc000 	C:\Program Files\Java\jdk-11\bin\server\jvm.dll
0x00007ff98f600000 - 0x00007ff98f608000 	C:\WINDOWS\System32\PSAPI.DLL
0x00007ff986770000 - 0x00007ff9867a4000 	C:\WINDOWS\SYSTEM32\WINMM.dll
0x00007ff979b20000 - 0x00007ff979b29000 	C:\WINDOWS\SYSTEM32\WSOCK32.dll
0x00007ff98f7d0000 - 0x00007ff98f841000 	C:\WINDOWS\System32\WS2_32.dll
0x00007ff98c970000 - 0x00007ff98c988000 	C:\WINDOWS\SYSTEM32\kernel.appcore.dll
0x00007ff979c10000 - 0x00007ff979c20000 	C:\Program Files\Java\jdk-11\bin\verify.dll
0x00007ff98b530000 - 0x00007ff98b75e000 	C:\WINDOWS\SYSTEM32\DBGHELP.DLL
0x00007ff98f900000 - 0x00007ff98fc89000 	C:\WINDOWS\System32\combase.dll
0x00007ff98ebd0000 - 0x00007ff98eca7000 	C:\WINDOWS\System32\OLEAUT32.dll
0x00007ff988670000 - 0x00007ff9886a2000 	C:\WINDOWS\SYSTEM32\dbgcore.DLL
0x00007ff98d950000 - 0x00007ff98d9ca000 	C:\WINDOWS\System32\bcryptPrimitives.dll
0x00007ff96adf0000 - 0x00007ff96ae18000 	C:\Program Files\Java\jdk-11\bin\java.dll
0x00007ff96f440000 - 0x00007ff96f44a000 	C:\Program Files\Java\jdk-11\bin\jimage.dll
0x00007ff96f390000 - 0x00007ff96f3a7000 	C:\Program Files\Java\jdk-11\bin\zip.dll
0x00007ff98e330000 - 0x00007ff98eb29000 	C:\WINDOWS\System32\SHELL32.dll
0x00007ff98b8f0000 - 0x00007ff98c1be000 	C:\WINDOWS\SYSTEM32\windows.storage.dll
0x00007ff98b7b0000 - 0x00007ff98b8ee000 	C:\WINDOWS\SYSTEM32\wintypes.dll
0x00007ff98fe90000 - 0x00007ff98ff81000 	C:\WINDOWS\System32\SHCORE.dll
0x00007ff98eb30000 - 0x00007ff98eb8e000 	C:\WINDOWS\System32\shlwapi.dll
0x00007ff98d880000 - 0x00007ff98d8a6000 	C:\WINDOWS\SYSTEM32\profapi.dll
0x00007ff96c760000 - 0x00007ff96c779000 	C:\Program Files\Java\jdk-11\bin\net.dll
0x00007ff986cc0000 - 0x00007ff986df7000 	C:\WINDOWS\SYSTEM32\WINHTTP.dll
0x00007ff98ce10000 - 0x00007ff98ce79000 	C:\WINDOWS\system32\mswsock.dll
0x00007ff96ad60000 - 0x00007ff96ad72000 	C:\Program Files\Java\jdk-11\bin\nio.dll
0x00007ff96acd0000 - 0x00007ff96acf6000 	C:\Users\LENOVO\.gradle\native\30\windows-amd64\native-platform.dll
0x00007ff964680000 - 0x00007ff964689000 	C:\Program Files\Java\jdk-11\bin\management.dll
0x00007ff963390000 - 0x00007ff96339b000 	C:\Program Files\Java\jdk-11\bin\management_ext.dll
0x00007ff98d070000 - 0x00007ff98d08b000 	C:\WINDOWS\SYSTEM32\CRYPTSP.dll
0x00007ff98c8d0000 - 0x00007ff98c905000 	C:\WINDOWS\system32\rsaenh.dll
0x00007ff98cf10000 - 0x00007ff98cf3c000 	C:\WINDOWS\SYSTEM32\USERENV.dll
0x00007ff98d230000 - 0x00007ff98d258000 	C:\WINDOWS\SYSTEM32\bcrypt.dll
0x00007ff98d090000 - 0x00007ff98d09c000 	C:\WINDOWS\SYSTEM32\CRYPTBASE.dll
0x00007ff98c420000 - 0x00007ff98c44d000 	C:\WINDOWS\SYSTEM32\IPHLPAPI.DLL
0x00007ff98f7c0000 - 0x00007ff98f7c9000 	C:\WINDOWS\System32\NSI.dll
0x00007ff987a90000 - 0x00007ff987aa9000 	C:\WINDOWS\SYSTEM32\dhcpcsvc6.DLL
0x00007ff9879d0000 - 0x00007ff9879ef000 	C:\WINDOWS\SYSTEM32\dhcpcsvc.DLL
0x00007ff98c490000 - 0x00007ff98c583000 	C:\WINDOWS\SYSTEM32\DNSAPI.dll

dbghelp: loaded successfully - version: 4.0.5 - missing functions: none
symbol engine: initialized successfully - sym options: 0x614 - pdb path: .;C:\Program Files\Java\jdk-11\bin;C:\WINDOWS\SYSTEM32;C:\WINDOWS\WinSxS\amd64_microsoft.windows.common-controls_6595b64144ccf1df_6.0.22621.1635_none_270f70857386168e;C:\Program Files\Java\jdk-11\bin\server;C:\Users\LENOVO\.gradle\native\30\windows-amd64

VM Arguments:
jvm_args: --add-opens=java.base/java.util=ALL-UNNAMED --add-opens=java.base/java.lang=ALL-UNNAMED --add-opens=java.base/java.lang.invoke=ALL-UNNAMED --add-opens=java.prefs/java.util.prefs=ALL-UNNAMED -XX:MaxMetaspaceSize=256m -XX:+HeapDumpOnOutOfMemoryError -Xms256m -Xmx512m -Dfile.encoding=windows-1252 -Duser.country=US -Duser.language=en -Duser.variant 
java_command: org.gradle.launcher.daemon.bootstrap.GradleDaemon 5.6.4
java_class_path (initial): C:\Gradle\gradle-5.6.4\lib\gradle-launcher-5.6.4.jar
Launcher Type: SUN_STANDARD

[Global flags]
     intx CICompilerCount                          = 4                                         {product} {ergonomic}
   size_t CompressedClassSpaceSize                 = 260046848                                 {product} {ergonomic}
     uint ConcGCThreads                            = 3                                         {product} {ergonomic}
     uint G1ConcRefinementThreads                  = 10                                        {product} {ergonomic}
   size_t G1HeapRegionSize                         = 1048576                                   {product} {ergonomic}
    uintx GCDrainStackTargetSize                   = 64                                        {product} {ergonomic}
     bool HeapDumpOnOutOfMemoryError               = true                                   {manageable} {command line}
   size_t InitialHeapSize                          = 268435456                                 {product} {command line}
   size_t MarkStackSize                            = 4194304                                   {product} {ergonomic}
   size_t MaxHeapSize                              = 536870912                                 {product} {command line}
   size_t MaxMetaspaceSize                         = 268435456                                 {product} {command line}
   size_t MaxNewSize                               = 321912832                                 {product} {ergonomic}
   size_t MinHeapDeltaBytes                        = 1048576                                   {product} {ergonomic}
    uintx NonNMethodCodeHeapSize                   = 5836300                                {pd product} {ergonomic}
    uintx NonProfiledCodeHeapSize                  = 122910970                              {pd product} {ergonomic}
    uintx ProfiledCodeHeapSize                     = 122910970                              {pd product} {ergonomic}
    uintx ReservedCodeCacheSize                    = 251658240                              {pd product} {ergonomic}
     bool SegmentedCodeCache                       = true                                      {product} {ergonomic}
     bool UseCompressedClassPointers               = true                                 {lp64_product} {ergonomic}
     bool UseCompressedOops                        = true                                 {lp64_product} {ergonomic}
     bool UseG1GC                                  = true                                      {product} {ergonomic}
     bool UseLargePagesIndividualAllocation        = false                                  {pd product} {ergonomic}

Logging:
Log output configuration:
 #0: stdout all=warning uptime,level,tags
 #1: stderr all=off uptime,level,tags

Environment Variables:
CLASSPATH=C:\Gradle\gradle-5.6.4\bin\..\lib\gradle-launcher-5.6.4.jar
PATH=C:\Program Files\Common Files\Oracle\Java\javapath;D:\oracle\product\10.2.0\db_1\bin;D:\oracleApp\WINDOWS.X64_193000_db_home\bin;C:\WINDOWS\system32;C:\WINDOWS;C:\WINDOWS\System32\Wbem;C:\WINDOWS\System32\WindowsPowerShell\v1.0\;C:\WINDOWS\System32\OpenSSH\;C:\Program Files\dotnet\;C:\Program Files\Microsoft SQL Server\130\Tools\Binn\;C:\Program Files\Microsoft SQL Server\Client SDK\ODBC\170\Tools\Binn\;C:\Program Files\Git\cmd;C:\Users\LENOVO\Downloads\apache-maven-3.8.6-bin\bin;C:\Program Files\Docker\Docker\resources\bin;C:\Program Files\Java\jdk-11\bin;C:\Gradle\gradle-5.6.4\bin;C:\Users\LENOVO\AppData\Local\Microsoft\WindowsApps;C:\Program Files\JetBrains\IntelliJ IDEA Community Edition 2021.1.3\bin;C:\Gradle\gradle-8.1.1-bin;;C:\Users\LENOVO\.dotnet\tools;C:\Users\LENOVO\AppData\Local\Programs\Microsoft VS Code\bin;C:\Program Files\Java\jdk-11\bin;
USERNAME=LENOVO
OS=Windows_NT
PROCESSOR_IDENTIFIER=AMD64 Family 23 Model 104 Stepping 1, AuthenticAMD



---------------  S Y S T E M  ---------------

OS: Windows 11 , 64 bit Build 22621 (10.0.22621.1928)
Hyper-V role detected

CPU:total 12 (initial active 12) (12 cores per cpu, 2 threads per core) family 23 model 104 stepping 1 microcode 0x0, cmov, cx8, fxsr, mmx, sse, sse2, sse3, ssse3, sse4.1, sse4.2, popcnt, avx, avx2, aes, clmul, mmxext, 3dnowpref, lzcnt, sse4a, ht, tsc, tscinvbit, tscinv, bmi1, bmi2, adx,

Memory: 4k page, system-wide physical 6005M (310M free)
TotalPageFile size 24437M (AvailPageFile size 97M)
current process WorkingSet (physical memory assigned to process): 371M, peak: 382M
current process commit charge ("private bytes"): 489M, peak: 543M

vm_info: Java HotSpot(TM) 64-Bit Server VM (11.0.19+9-LTS-224) for windows-amd64 JRE (11.0.19+9-LTS-224), built on Mar 27 2023 08:48:55 by "mach5one" with MS VC++ 17.1 (VS2022)

END.
