#
# There is insufficient memory for the Java Runtime Environment to continue.
# Native memory allocation (mmap) failed to map 98566144 bytes for Failed to commit area from 0x00000000a2200000 to 0x00000000a8000000 of length 98566144.
# Possible reasons:
#   The system is out of physical RAM or swap space
#   The process is running with CompressedOops enabled, and the Java Heap may be blocking the growth of the native heap
# Possible solutions:
#   Reduce memory load on the system
#   Increase physical memory or swap space
#   Check if swap backing store is full
#   Decrease Java heap size (-Xmx/-Xms)
#   Decrease number of Java threads
#   Decrease Java thread stack sizes (-Xss)
#   Set larger code cache with -XX:ReservedCodeCacheSize=
# This output file may be truncated or incomplete.
#
#  Out of Memory Error (./open/src/hotspot/os/windows/os_windows.cpp:3292), pid=29872, tid=11956
#
# JRE version:  (11.0.19+9) (build )
# Java VM: Java HotSpot(TM) 64-Bit Server VM (11.0.19+9-LTS-224, mixed mode, sharing, tiered, compressed oops, g1 gc, windows-amd64)
# No core dump will be written. Minidumps are not enabled by default on client versions of Windows
#

---------------  S U M M A R Y ------------

Command Line: 

Host: AMD Ryzen 5 5500U with Radeon Graphics         , 12 cores, 5G,  Windows 11 , 64 bit Build 22621 (10.0.22621.1928)
Time: Sat Aug 19 22:24:29 2023 India Standard Time elapsed time: 0.013840 seconds (0d 0h 0m 0s)

---------------  T H R E A D  ---------------

Current thread (0x000001b089759800):  JavaThread "Unknown thread" [_thread_in_vm, id=11956, stack(0x000000622dd00000,0x000000622de00000)]

Stack: [0x000000622dd00000,0x000000622de00000]
Native frames: (J=compiled Java code, j=interpreted, Vv=VM code, C=native code)
V  [jvm.dll+0x65fe1a]
V  [jvm.dll+0x7a2bbf]
V  [jvm.dll+0x7a4289]
V  [jvm.dll+0x7a4923]
V  [jvm.dll+0x258a25]
V  [jvm.dll+0x65d179]
V  [jvm.dll+0x651e55]
V  [jvm.dll+0x31302d]
V  [jvm.dll+0x312e92]
V  [jvm.dll+0x317ac6]
V  [jvm.dll+0x35fbc0]
V  [jvm.dll+0x35f632]
V  [jvm.dll+0x2ee6b8]
V  [jvm.dll+0x2ef7c5]
V  [jvm.dll+0x77bc17]
V  [jvm.dll+0x77d4ff]
V  [jvm.dll+0x36ce69]
V  [jvm.dll+0x76070f]
V  [jvm.dll+0x3defe7]
V  [jvm.dll+0x3e1091]
C  [jli.dll+0x52e7]
C  [ucrtbase.dll+0x29363]
C  [KERNEL32.DLL+0x126ad]
C  [ntdll.dll+0x5aa68]


---------------  P R O C E S S  ---------------

Threads class SMR info:
_java_thread_list=0x000001b0875b35e0, length=0, elements={
}

Java Threads: ( => current thread )

Other Threads:
  0x000001b08976e000 GCTaskThread "GC Thread#0" [stack: 0x000000622de00000,0x000000622df00000] [id=27432]
  0x000001b089795800 ConcurrentGCThread "G1 Main Marker" [stack: 0x000000622df00000,0x000000622e000000] [id=6584]
  0x000001b089798800 ConcurrentGCThread "G1 Conc#0" [stack: 0x000000622e000000,0x000000622e100000] [id=22508]

[error occurred during error reporting (printing all threads), id 0xc0000005, EXCEPTION_ACCESS_VIOLATION (0xc0000005) at pc=0x00007ff8c925f177]

VM state:not at safepoint (not fully initialized)

VM Mutex/Monitor currently owned by a thread:  ([mutex/lock_event])
[0x000001b089755fe0] Heap_lock - owner thread: 0x000001b089759800

Heap address: 0x00000000a2200000, size: 1502 MB, Compressed Oops mode: Non-zero based: 0x00000000a2200000
Narrow klass base: 0x0000000000000000, Narrow klass shift: 0

GC Heap History (0 events):
No events

Deoptimization events (0 events):
No events

Classes redefined (0 events):
No events

Internal exceptions (0 events):
No events

Events (0 events):
No events


Dynamic libraries:
0x00007ff793790000 - 0x00007ff7937a0000 	C:\Program Files\Java\jdk-11\bin\java.exe
0x00007ff990550000 - 0x00007ff990764000 	C:\WINDOWS\SYSTEM32\ntdll.dll
0x00007ff98ed40000 - 0x00007ff98ee02000 	C:\WINDOWS\System32\KERNEL32.DLL
0x00007ff98dc00000 - 0x00007ff98dfa3000 	C:\WINDOWS\System32\KERNELBASE.dll
0x00007ff98e150000 - 0x00007ff98e261000 	C:\WINDOWS\System32\ucrtbase.dll
0x00007ff958ba0000 - 0x00007ff958bbb000 	C:\Program Files\Java\jdk-11\bin\VCRUNTIME140.dll
0x00007ff959c30000 - 0x00007ff959c49000 	C:\Program Files\Java\jdk-11\bin\jli.dll
0x00007ff98fcd0000 - 0x00007ff98fd7e000 	C:\WINDOWS\System32\ADVAPI32.dll
0x00007ff98fd80000 - 0x00007ff98fe27000 	C:\WINDOWS\System32\msvcrt.dll
0x00007ff98f000000 - 0x00007ff98f0a4000 	C:\WINDOWS\System32\sechost.dll
0x00007ff98f4e0000 - 0x00007ff98f5f7000 	C:\WINDOWS\System32\RPCRT4.dll
0x00007ff98f0e0000 - 0x00007ff98f28a000 	C:\WINDOWS\System32\USER32.dll
0x00007ff98dfb0000 - 0x00007ff98dfd6000 	C:\WINDOWS\System32\win32u.dll
0x00007ff964f90000 - 0x00007ff96521e000 	C:\WINDOWS\WinSxS\amd64_microsoft.windows.common-controls_6595b64144ccf1df_6.0.22621.1635_none_270f70857386168e\COMCTL32.dll
0x00007ff98fc90000 - 0x00007ff98fcb9000 	C:\WINDOWS\System32\GDI32.dll
0x00007ff98d9d0000 - 0x00007ff98dae9000 	C:\WINDOWS\System32\gdi32full.dll
0x00007ff98db60000 - 0x00007ff98dbfa000 	C:\WINDOWS\System32\msvcp_win.dll
0x00007ff986a40000 - 0x00007ff986a4a000 	C:\WINDOWS\SYSTEM32\VERSION.dll
0x00007ff98eb90000 - 0x00007ff98ebc1000 	C:\WINDOWS\System32\IMM32.DLL
0x00007ff964680000 - 0x00007ff96468c000 	C:\Program Files\Java\jdk-11\bin\vcruntime140_1.dll
0x00007ff94a8a0000 - 0x00007ff94a92e000 	C:\Program Files\Java\jdk-11\bin\msvcp140.dll
0x00007ff8c8f60000 - 0x00007ff8c9acc000 	C:\Program Files\Java\jdk-11\bin\server\jvm.dll
0x00007ff98f600000 - 0x00007ff98f608000 	C:\WINDOWS\System32\PSAPI.DLL
0x00007ff986770000 - 0x00007ff9867a4000 	C:\WINDOWS\SYSTEM32\WINMM.dll
0x00007ff979b20000 - 0x00007ff979b29000 	C:\WINDOWS\SYSTEM32\WSOCK32.dll
0x00007ff98f7d0000 - 0x00007ff98f841000 	C:\WINDOWS\System32\WS2_32.dll
0x00007ff98c970000 - 0x00007ff98c988000 	C:\WINDOWS\SYSTEM32\kernel.appcore.dll
0x00007ff964490000 - 0x00007ff9644a0000 	C:\Program Files\Java\jdk-11\bin\verify.dll
0x00007ff98b530000 - 0x00007ff98b75e000 	C:\WINDOWS\SYSTEM32\DBGHELP.DLL
0x00007ff98f900000 - 0x00007ff98fc89000 	C:\WINDOWS\System32\combase.dll
0x00007ff98ebd0000 - 0x00007ff98eca7000 	C:\WINDOWS\System32\OLEAUT32.dll
0x00007ff988670000 - 0x00007ff9886a2000 	C:\WINDOWS\SYSTEM32\dbgcore.DLL
0x00007ff98d950000 - 0x00007ff98d9ca000 	C:\WINDOWS\System32\bcryptPrimitives.dll
0x00007ff953e50000 - 0x00007ff953e78000 	C:\Program Files\Java\jdk-11\bin\java.dll
0x00007ff963390000 - 0x00007ff96339a000 	C:\Program Files\Java\jdk-11\bin\jimage.dll
0x00007ff9588c0000 - 0x00007ff9588d7000 	C:\Program Files\Java\jdk-11\bin\zip.dll

dbghelp: loaded successfully - version: 4.0.5 - missing functions: none
symbol engine: initialized successfully - sym options: 0x614 - pdb path: .;C:\Program Files\Java\jdk-11\bin;C:\WINDOWS\SYSTEM32;C:\WINDOWS\WinSxS\amd64_microsoft.windows.common-controls_6595b64144ccf1df_6.0.22621.1635_none_270f70857386168e;C:\Program Files\Java\jdk-11\bin\server

VM Arguments:
java_command: <unknown>
java_class_path (initial): <not set>
Launcher Type: SUN_STANDARD

[Global flags]
     intx CICompilerCount                          = 4                                         {product} {ergonomic}
     uint ConcGCThreads                            = 3                                         {product} {ergonomic}
     uint G1ConcRefinementThreads                  = 10                                        {product} {ergonomic}
   size_t G1HeapRegionSize                         = 1048576                                   {product} {ergonomic}
    uintx GCDrainStackTargetSize                   = 64                                        {product} {ergonomic}
   size_t InitialHeapSize                          = 98566144                                  {product} {ergonomic}
   size_t MarkStackSize                            = 4194304                                   {product} {ergonomic}
   size_t MaxHeapSize                              = 1574961152                                {product} {ergonomic}
   size_t MinHeapDeltaBytes                        = 1048576                                   {product} {ergonomic}
    uintx NonNMethodCodeHeapSize                   = 5836300                                {pd product} {ergonomic}
    uintx NonProfiledCodeHeapSize                  = 122910970                              {pd product} {ergonomic}
    uintx ProfiledCodeHeapSize                     = 122910970                              {pd product} {ergonomic}
    uintx ReservedCodeCacheSize                    = 251658240                              {pd product} {ergonomic}
     bool SegmentedCodeCache                       = true                                      {product} {ergonomic}
     bool UseCompressedClassPointers               = true                                 {lp64_product} {ergonomic}
     bool UseCompressedOops                        = true                                 {lp64_product} {ergonomic}
     bool UseG1GC                                  = true                                      {product} {ergonomic}
     bool UseLargePagesIndividualAllocation        = false                                  {pd product} {ergonomic}

Logging:
Log output configuration:
 #0: stdout all=warning uptime,level,tags
 #1: stderr all=off uptime,level,tags

Environment Variables:
PATH=C:\Program Files\Common Files\Oracle\Java\javapath;D:\oracle\product\10.2.0\db_1\bin;D:\oracleApp\WINDOWS.X64_193000_db_home\bin;C:\WINDOWS\system32;C:\WINDOWS;C:\WINDOWS\System32\Wbem;C:\WINDOWS\System32\WindowsPowerShell\v1.0\;C:\WINDOWS\System32\OpenSSH\;C:\Program Files\dotnet\;C:\Program Files\Microsoft SQL Server\130\Tools\Binn\;C:\Program Files\Microsoft SQL Server\Client SDK\ODBC\170\Tools\Binn\;C:\Program Files\Git\cmd;C:\Users\LENOVO\Downloads\apache-maven-3.8.6-bin\bin;C:\Program Files\Docker\Docker\resources\bin;C:\Program Files\Java\jdk-11\bin;C:\Gradle\gradle-5.6.4\bin;C:\Users\LENOVO\AppData\Local\Microsoft\WindowsApps;C:\Program Files\JetBrains\IntelliJ IDEA Community Edition 2021.1.3\bin;C:\Gradle\gradle-8.1.1-bin;;C:\Users\LENOVO\.dotnet\tools;C:\Users\LENOVO\AppData\Local\Programs\Microsoft VS Code\bin;C:\Program Files\Java\jdk-11\bin;
USERNAME=LENOVO
OS=Windows_NT
PROCESSOR_IDENTIFIER=AMD64 Family 23 Model 104 Stepping 1, AuthenticAMD



---------------  S Y S T E M  ---------------

OS: Windows 11 , 64 bit Build 22621 (10.0.22621.1928)
Hyper-V role detected

CPU:total 12 (initial active 12) (12 cores per cpu, 2 threads per core) family 23 model 104 stepping 1 microcode 0x0, cmov, cx8, fxsr, mmx, sse, sse2, sse3, ssse3, sse4.1, sse4.2, popcnt, avx, avx2, aes, clmul, mmxext, 3dnowpref, lzcnt, sse4a, ht, tsc, tscinvbit, tscinv, bmi1, bmi2, adx,

Memory: 4k page, system-wide physical 6005M (288M free)
TotalPageFile size 24437M (AvailPageFile size 55M)
current process WorkingSet (physical memory assigned to process): 10M, peak: 10M
current process commit charge ("private bytes"): 64M, peak: 158M

vm_info: Java HotSpot(TM) 64-Bit Server VM (11.0.19+9-LTS-224) for windows-amd64 JRE (11.0.19+9-LTS-224), built on Mar 27 2023 08:48:55 by "mach5one" with MS VC++ 17.1 (VS2022)

END.
